{"C:\\Users\\marco\\WebstormProjects\\SignuServer\\public\\routes\\models\\userSchema.js":{"path":"C:\\Users\\marco\\WebstormProjects\\SignuServer\\public\\routes\\models\\userSchema.js","statementMap":{"0":{"start":{"line":5,"column":17},"end":{"line":5,"column":36}},"1":{"start":{"line":6,"column":15},"end":{"line":6,"column":30}},"2":{"start":{"line":7,"column":15},"end":{"line":7,"column":30}},"3":{"start":{"line":8,"column":13},"end":{"line":8,"column":30}},"4":{"start":{"line":9,"column":23},"end":{"line":9,"column":25}},"5":{"start":{"line":12,"column":19},"end":{"line":25,"column":2}},"6":{"start":{"line":29,"column":4},"end":{"line":40,"column":7}},"7":{"start":{"line":30,"column":8},"end":{"line":30,"column":34}},"8":{"start":{"line":30,"column":17},"end":{"line":30,"column":34}},"9":{"start":{"line":33,"column":8},"end":{"line":39,"column":11}},"10":{"start":{"line":34,"column":12},"end":{"line":34,"column":38}},"11":{"start":{"line":34,"column":21},"end":{"line":34,"column":38}},"12":{"start":{"line":37,"column":12},"end":{"line":37,"column":33}},"13":{"start":{"line":38,"column":12},"end":{"line":38,"column":19}},"14":{"start":{"line":43,"column":0},"end":{"line":46,"column":3}},"15":{"start":{"line":44,"column":15},"end":{"line":44,"column":19}},"16":{"start":{"line":45,"column":4},"end":{"line":45,"column":29}},"17":{"start":{"line":48,"column":0},"end":{"line":53,"column":2}},"18":{"start":{"line":49,"column":4},"end":{"line":52,"column":7}},"19":{"start":{"line":50,"column":8},"end":{"line":50,"column":32}},"20":{"start":{"line":50,"column":17},"end":{"line":50,"column":32}},"21":{"start":{"line":51,"column":8},"end":{"line":51,"column":26}},"22":{"start":{"line":55,"column":0},"end":{"line":61,"column":2}},"23":{"start":{"line":56,"column":4},"end":{"line":60,"column":5}},"24":{"start":{"line":57,"column":8},"end":{"line":57,"column":23}},"25":{"start":{"line":59,"column":8},"end":{"line":59,"column":63}},"26":{"start":{"line":63,"column":11},"end":{"line":63,"column":45}},"27":{"start":{"line":65,"column":0},"end":{"line":65,"column":22}}},"fnMap":{"0":{"name":"hashPassword","decl":{"start":{"line":27,"column":9},"end":{"line":27,"column":21}},"loc":{"start":{"line":27,"column":34},"end":{"line":41,"column":1}},"line":27},"1":{"name":"(anonymous_1)","decl":{"start":{"line":29,"column":37},"end":{"line":29,"column":38}},"loc":{"start":{"line":29,"column":58},"end":{"line":40,"column":5}},"line":29},"2":{"name":"(anonymous_2)","decl":{"start":{"line":33,"column":41},"end":{"line":33,"column":42}},"loc":{"start":{"line":33,"column":62},"end":{"line":39,"column":9}},"line":33},"3":{"name":"(anonymous_3)","decl":{"start":{"line":43,"column":23},"end":{"line":43,"column":24}},"loc":{"start":{"line":43,"column":39},"end":{"line":46,"column":1}},"line":43},"4":{"name":"(anonymous_4)","decl":{"start":{"line":48,"column":37},"end":{"line":48,"column":38}},"loc":{"start":{"line":48,"column":70},"end":{"line":53,"column":1}},"line":48},"5":{"name":"(anonymous_5)","decl":{"start":{"line":49,"column":53},"end":{"line":49,"column":54}},"loc":{"start":{"line":49,"column":77},"end":{"line":52,"column":5}},"line":49},"6":{"name":"(anonymous_6)","decl":{"start":{"line":55,"column":43},"end":{"line":55,"column":44}},"loc":{"start":{"line":55,"column":72},"end":{"line":61,"column":1}},"line":55}},"branchMap":{"0":{"loc":{"start":{"line":30,"column":8},"end":{"line":30,"column":34}},"type":"if","locations":[{"start":{"line":30,"column":8},"end":{"line":30,"column":34}},{"start":{"line":30,"column":8},"end":{"line":30,"column":34}}],"line":30},"1":{"loc":{"start":{"line":34,"column":12},"end":{"line":34,"column":38}},"type":"if","locations":[{"start":{"line":34,"column":12},"end":{"line":34,"column":38}},{"start":{"line":34,"column":12},"end":{"line":34,"column":38}}],"line":34},"2":{"loc":{"start":{"line":50,"column":8},"end":{"line":50,"column":32}},"type":"if","locations":[{"start":{"line":50,"column":8},"end":{"line":50,"column":32}},{"start":{"line":50,"column":8},"end":{"line":50,"column":32}}],"line":50},"3":{"loc":{"start":{"line":56,"column":4},"end":{"line":60,"column":5}},"type":"if","locations":[{"start":{"line":56,"column":4},"end":{"line":60,"column":5}},{"start":{"line":56,"column":4},"end":{"line":60,"column":5}}],"line":56}},"s":{"0":1,"1":1,"2":1,"3":1,"4":1,"5":1,"6":108,"7":108,"8":0,"9":108,"10":108,"11":0,"12":108,"13":108,"14":1,"15":108,"16":108,"17":1,"18":26,"19":26,"20":0,"21":26,"22":1,"23":0,"24":0,"25":0,"26":1,"27":1},"f":{"0":108,"1":108,"2":108,"3":108,"4":26,"5":26,"6":0},"b":{"0":[0,108],"1":[0,108],"2":[0,26],"3":[0,0]},"_coverageSchema":"43e27e138ebf9cfc5966b082cf9a028302ed4184","hash":"2a2c6ac53e26c1be7d9a31d1237317f8f0178aea","contentHash":"f8b631e17c67f7b48ff09d1ed73ee051"},"C:\\Users\\marco\\WebstormProjects\\SignuServer\\public\\routes\\models\\pdfSchema.js":{"path":"C:\\Users\\marco\\WebstormProjects\\SignuServer\\public\\routes\\models\\pdfSchema.js","statementMap":{"0":{"start":{"line":5,"column":17},"end":{"line":5,"column":36}},"1":{"start":{"line":6,"column":15},"end":{"line":6,"column":30}},"2":{"start":{"line":7,"column":15},"end":{"line":7,"column":30}},"3":{"start":{"line":8,"column":18},"end":{"line":21,"column":2}},"4":{"start":{"line":23,"column":10},"end":{"line":23,"column":42}},"5":{"start":{"line":25,"column":0},"end":{"line":25,"column":21}}},"fnMap":{},"branchMap":{},"s":{"0":1,"1":1,"2":1,"3":1,"4":1,"5":1},"f":{},"b":{},"_coverageSchema":"43e27e138ebf9cfc5966b082cf9a028302ed4184","hash":"1f93f3a1debf67a663c8a428aeadfb735052c88a","contentHash":"3c8a8e8df131ddd4b0f0fae7984ea9aa"},"C:\\Users\\marco\\WebstormProjects\\SignuServer\\routes\\userRoutes.js":{"path":"C:\\Users\\marco\\WebstormProjects\\SignuServer\\routes\\userRoutes.js","statementMap":{"0":{"start":{"line":6,"column":14},"end":{"line":6,"column":32}},"1":{"start":{"line":7,"column":13},"end":{"line":7,"column":29}},"2":{"start":{"line":8,"column":17},"end":{"line":8,"column":38}},"3":{"start":{"line":9,"column":11},"end":{"line":9,"column":56}},"4":{"start":{"line":10,"column":10},"end":{"line":10,"column":54}},"5":{"start":{"line":11,"column":13},"end":{"line":11,"column":30}},"6":{"start":{"line":12,"column":17},"end":{"line":12,"column":45}},"7":{"start":{"line":13,"column":16},"end":{"line":13,"column":60}},"8":{"start":{"line":14,"column":22},"end":{"line":14,"column":47}},"9":{"start":{"line":15,"column":24},"end":{"line":15,"column":31}},"10":{"start":{"line":26,"column":4},"end":{"line":36,"column":5}},"11":{"start":{"line":27,"column":8},"end":{"line":35,"column":11}},"12":{"start":{"line":28,"column":12},"end":{"line":34,"column":15}},"13":{"start":{"line":29,"column":16},"end":{"line":33,"column":17}},"14":{"start":{"line":30,"column":23},"end":{"line":33,"column":17}},"15":{"start":{"line":32,"column":20},"end":{"line":32,"column":90}},"16":{"start":{"line":38,"column":4},"end":{"line":48,"column":5}},"17":{"start":{"line":39,"column":8},"end":{"line":47,"column":11}},"18":{"start":{"line":40,"column":12},"end":{"line":46,"column":15}},"19":{"start":{"line":41,"column":16},"end":{"line":45,"column":17}},"20":{"start":{"line":42,"column":23},"end":{"line":45,"column":17}},"21":{"start":{"line":44,"column":20},"end":{"line":44,"column":91}},"22":{"start":{"line":50,"column":4},"end":{"line":50,"column":11}},"23":{"start":{"line":57,"column":0},"end":{"line":168,"column":3}},"24":{"start":{"line":58,"column":4},"end":{"line":167,"column":5}},"25":{"start":{"line":59,"column":8},"end":{"line":59,"column":88}},"26":{"start":{"line":60,"column":11},"end":{"line":167,"column":5}},"27":{"start":{"line":61,"column":8},"end":{"line":61,"column":88}},"28":{"start":{"line":63,"column":27},"end":{"line":63,"column":50}},"29":{"start":{"line":65,"column":8},"end":{"line":75,"column":11}},"30":{"start":{"line":76,"column":8},"end":{"line":165,"column":11}},"31":{"start":{"line":77,"column":12},"end":{"line":164,"column":13}},"32":{"start":{"line":78,"column":16},"end":{"line":78,"column":109}},"33":{"start":{"line":79,"column":19},"end":{"line":164,"column":13}},"34":{"start":{"line":81,"column":16},"end":{"line":116,"column":19}},"35":{"start":{"line":82,"column":20},"end":{"line":115,"column":21}},"36":{"start":{"line":83,"column":24},"end":{"line":83,"column":117}},"37":{"start":{"line":84,"column":27},"end":{"line":115,"column":21}},"38":{"start":{"line":85,"column":24},"end":{"line":85,"column":108}},"39":{"start":{"line":87,"column":42},"end":{"line":95,"column":25}},"40":{"start":{"line":96,"column":24},"end":{"line":113,"column":27}},"41":{"start":{"line":97,"column":28},"end":{"line":112,"column":29}},"42":{"start":{"line":98,"column":32},"end":{"line":98,"column":46}},"43":{"start":{"line":99,"column":32},"end":{"line":99,"column":112}},"44":{"start":{"line":101,"column":32},"end":{"line":101,"column":58}},"45":{"start":{"line":102,"column":32},"end":{"line":102,"column":65}},"46":{"start":{"line":103,"column":43},"end":{"line":103,"column":55}},"47":{"start":{"line":104,"column":32},"end":{"line":106,"column":33}},"48":{"start":{"line":105,"column":36},"end":{"line":105,"column":64}},"49":{"start":{"line":107,"column":32},"end":{"line":111,"column":35}},"50":{"start":{"line":117,"column":19},"end":{"line":164,"column":13}},"51":{"start":{"line":119,"column":16},"end":{"line":160,"column":19}},"52":{"start":{"line":120,"column":20},"end":{"line":159,"column":21}},"53":{"start":{"line":121,"column":24},"end":{"line":121,"column":117}},"54":{"start":{"line":123,"column":24},"end":{"line":157,"column":27}},"55":{"start":{"line":124,"column":28},"end":{"line":156,"column":29}},"56":{"start":{"line":125,"column":32},"end":{"line":125,"column":125}},"57":{"start":{"line":126,"column":35},"end":{"line":156,"column":29}},"58":{"start":{"line":127,"column":32},"end":{"line":127,"column":116}},"59":{"start":{"line":129,"column":50},"end":{"line":137,"column":33}},"60":{"start":{"line":138,"column":32},"end":{"line":155,"column":35}},"61":{"start":{"line":139,"column":36},"end":{"line":154,"column":37}},"62":{"start":{"line":140,"column":40},"end":{"line":140,"column":54}},"63":{"start":{"line":141,"column":40},"end":{"line":141,"column":120}},"64":{"start":{"line":143,"column":40},"end":{"line":143,"column":66}},"65":{"start":{"line":144,"column":40},"end":{"line":144,"column":73}},"66":{"start":{"line":145,"column":51},"end":{"line":145,"column":63}},"67":{"start":{"line":146,"column":40},"end":{"line":148,"column":41}},"68":{"start":{"line":147,"column":44},"end":{"line":147,"column":72}},"69":{"start":{"line":149,"column":40},"end":{"line":153,"column":43}},"70":{"start":{"line":163,"column":16},"end":{"line":163,"column":101}},"71":{"start":{"line":173,"column":0},"end":{"line":173,"column":36}},"72":{"start":{"line":174,"column":0},"end":{"line":180,"column":3}},"73":{"start":{"line":175,"column":4},"end":{"line":179,"column":5}},"74":{"start":{"line":176,"column":8},"end":{"line":176,"column":34}},"75":{"start":{"line":178,"column":8},"end":{"line":178,"column":88}},"76":{"start":{"line":184,"column":4},"end":{"line":226,"column":5}},"77":{"start":{"line":185,"column":8},"end":{"line":185,"column":88}},"78":{"start":{"line":186,"column":11},"end":{"line":226,"column":5}},"79":{"start":{"line":187,"column":8},"end":{"line":187,"column":88}},"80":{"start":{"line":189,"column":8},"end":{"line":225,"column":11}},"81":{"start":{"line":190,"column":12},"end":{"line":224,"column":13}},"82":{"start":{"line":191,"column":16},"end":{"line":191,"column":109}},"83":{"start":{"line":192,"column":19},"end":{"line":224,"column":13}},"84":{"start":{"line":193,"column":16},"end":{"line":193,"column":109}},"85":{"start":{"line":194,"column":19},"end":{"line":224,"column":13}},"86":{"start":{"line":195,"column":16},"end":{"line":195,"column":99}},"87":{"start":{"line":197,"column":16},"end":{"line":223,"column":17}},"88":{"start":{"line":198,"column":36},"end":{"line":198,"column":69}},"89":{"start":{"line":199,"column":20},"end":{"line":220,"column":21}},"90":{"start":{"line":200,"column":24},"end":{"line":217,"column":27}},"91":{"start":{"line":204,"column":28},"end":{"line":216,"column":29}},"92":{"start":{"line":205,"column":32},"end":{"line":205,"column":123}},"93":{"start":{"line":206,"column":35},"end":{"line":216,"column":29}},"94":{"start":{"line":207,"column":32},"end":{"line":207,"column":114}},"95":{"start":{"line":209,"column":32},"end":{"line":209,"column":58}},"96":{"start":{"line":210,"column":32},"end":{"line":210,"column":60}},"97":{"start":{"line":211,"column":32},"end":{"line":215,"column":35}},"98":{"start":{"line":219,"column":24},"end":{"line":219,"column":110}},"99":{"start":{"line":222,"column":20},"end":{"line":222,"column":102}},"100":{"start":{"line":232,"column":0},"end":{"line":232,"column":44}},"101":{"start":{"line":233,"column":0},"end":{"line":239,"column":3}},"102":{"start":{"line":234,"column":4},"end":{"line":238,"column":5}},"103":{"start":{"line":235,"column":8},"end":{"line":235,"column":38}},"104":{"start":{"line":237,"column":8},"end":{"line":237,"column":88}},"105":{"start":{"line":243,"column":4},"end":{"line":285,"column":5}},"106":{"start":{"line":244,"column":8},"end":{"line":244,"column":88}},"107":{"start":{"line":245,"column":11},"end":{"line":285,"column":5}},"108":{"start":{"line":246,"column":8},"end":{"line":246,"column":88}},"109":{"start":{"line":248,"column":8},"end":{"line":284,"column":11}},"110":{"start":{"line":249,"column":12},"end":{"line":283,"column":13}},"111":{"start":{"line":250,"column":16},"end":{"line":250,"column":109}},"112":{"start":{"line":251,"column":19},"end":{"line":283,"column":13}},"113":{"start":{"line":252,"column":16},"end":{"line":252,"column":99}},"114":{"start":{"line":253,"column":19},"end":{"line":283,"column":13}},"115":{"start":{"line":254,"column":16},"end":{"line":254,"column":102}},"116":{"start":{"line":256,"column":16},"end":{"line":282,"column":17}},"117":{"start":{"line":257,"column":36},"end":{"line":257,"column":69}},"118":{"start":{"line":258,"column":20},"end":{"line":279,"column":21}},"119":{"start":{"line":259,"column":24},"end":{"line":276,"column":27}},"120":{"start":{"line":264,"column":28},"end":{"line":275,"column":29}},"121":{"start":{"line":265,"column":32},"end":{"line":265,"column":123}},"122":{"start":{"line":266,"column":35},"end":{"line":275,"column":29}},"123":{"start":{"line":267,"column":32},"end":{"line":267,"column":114}},"124":{"start":{"line":269,"column":32},"end":{"line":269,"column":58}},"125":{"start":{"line":270,"column":32},"end":{"line":274,"column":35}},"126":{"start":{"line":278,"column":24},"end":{"line":278,"column":110}},"127":{"start":{"line":281,"column":20},"end":{"line":281,"column":102}},"128":{"start":{"line":295,"column":12},"end":{"line":295,"column":13}},"129":{"start":{"line":296,"column":20},"end":{"line":296,"column":40}},"130":{"start":{"line":300,"column":13},"end":{"line":300,"column":26}},"131":{"start":{"line":301,"column":19},"end":{"line":301,"column":38}},"132":{"start":{"line":302,"column":19},"end":{"line":302,"column":49}},"133":{"start":{"line":303,"column":20},"end":{"line":303,"column":45}},"134":{"start":{"line":304,"column":13},"end":{"line":304,"column":58}},"135":{"start":{"line":306,"column":4},"end":{"line":313,"column":7}},"136":{"start":{"line":307,"column":8},"end":{"line":311,"column":9}},"137":{"start":{"line":308,"column":12},"end":{"line":308,"column":29}},"138":{"start":{"line":309,"column":15},"end":{"line":311,"column":9}},"139":{"start":{"line":310,"column":12},"end":{"line":310,"column":28}},"140":{"start":{"line":312,"column":8},"end":{"line":312,"column":12}},"141":{"start":{"line":315,"column":4},"end":{"line":335,"column":7}},"142":{"start":{"line":316,"column":8},"end":{"line":316,"column":42}},"143":{"start":{"line":319,"column":26},"end":{"line":326,"column":10}},"144":{"start":{"line":328,"column":8},"end":{"line":328,"column":37}},"145":{"start":{"line":330,"column":8},"end":{"line":334,"column":9}},"146":{"start":{"line":331,"column":12},"end":{"line":331,"column":24}},"147":{"start":{"line":333,"column":12},"end":{"line":333,"column":52}},"148":{"start":{"line":346,"column":15},"end":{"line":346,"column":17}},"149":{"start":{"line":347,"column":19},"end":{"line":347,"column":83}},"150":{"start":{"line":349,"column":4},"end":{"line":350,"column":77}},"151":{"start":{"line":350,"column":8},"end":{"line":350,"column":77}},"152":{"start":{"line":351,"column":4},"end":{"line":351,"column":16}},"153":{"start":{"line":359,"column":0},"end":{"line":396,"column":3}},"154":{"start":{"line":360,"column":4},"end":{"line":360,"column":30}},"155":{"start":{"line":362,"column":4},"end":{"line":364,"column":6}},"156":{"start":{"line":365,"column":4},"end":{"line":395,"column":5}},"157":{"start":{"line":366,"column":8},"end":{"line":366,"column":88}},"158":{"start":{"line":368,"column":8},"end":{"line":394,"column":134}},"159":{"start":{"line":369,"column":12},"end":{"line":393,"column":13}},"160":{"start":{"line":370,"column":16},"end":{"line":370,"column":109}},"161":{"start":{"line":371,"column":19},"end":{"line":393,"column":13}},"162":{"start":{"line":372,"column":16},"end":{"line":372,"column":100}},"163":{"start":{"line":373,"column":19},"end":{"line":393,"column":13}},"164":{"start":{"line":374,"column":16},"end":{"line":374,"column":103}},"165":{"start":{"line":376,"column":16},"end":{"line":392,"column":19}},"166":{"start":{"line":377,"column":20},"end":{"line":391,"column":21}},"167":{"start":{"line":378,"column":24},"end":{"line":378,"column":117}},"168":{"start":{"line":379,"column":27},"end":{"line":391,"column":21}},"169":{"start":{"line":380,"column":24},"end":{"line":380,"column":51}},"170":{"start":{"line":381,"column":24},"end":{"line":381,"column":40}},"171":{"start":{"line":382,"column":24},"end":{"line":382,"column":50}},"172":{"start":{"line":383,"column":39},"end":{"line":387,"column":25}},"173":{"start":{"line":388,"column":24},"end":{"line":388,"column":43}},"174":{"start":{"line":390,"column":24},"end":{"line":390,"column":108}},"175":{"start":{"line":401,"column":0},"end":{"line":418,"column":3}},"176":{"start":{"line":402,"column":22},"end":{"line":402,"column":33}},"177":{"start":{"line":403,"column":4},"end":{"line":403,"column":29}},"178":{"start":{"line":404,"column":4},"end":{"line":417,"column":5}},"179":{"start":{"line":405,"column":8},"end":{"line":414,"column":11}},"180":{"start":{"line":406,"column":12},"end":{"line":413,"column":13}},"181":{"start":{"line":407,"column":16},"end":{"line":407,"column":109}},"182":{"start":{"line":409,"column":16},"end":{"line":412,"column":19}},"183":{"start":{"line":416,"column":8},"end":{"line":416,"column":93}},"184":{"start":{"line":423,"column":0},"end":{"line":445,"column":3}},"185":{"start":{"line":424,"column":4},"end":{"line":424,"column":30}},"186":{"start":{"line":425,"column":4},"end":{"line":444,"column":5}},"187":{"start":{"line":426,"column":8},"end":{"line":426,"column":93}},"188":{"start":{"line":428,"column":8},"end":{"line":443,"column":134}},"189":{"start":{"line":429,"column":12},"end":{"line":442,"column":13}},"190":{"start":{"line":430,"column":16},"end":{"line":430,"column":109}},"191":{"start":{"line":431,"column":19},"end":{"line":442,"column":13}},"192":{"start":{"line":432,"column":16},"end":{"line":435,"column":19}},"193":{"start":{"line":437,"column":16},"end":{"line":441,"column":19}},"194":{"start":{"line":450,"column":0},"end":{"line":450,"column":31}},"195":{"start":{"line":453,"column":4},"end":{"line":453,"column":30}},"196":{"start":{"line":454,"column":4},"end":{"line":487,"column":5}},"197":{"start":{"line":455,"column":8},"end":{"line":455,"column":93}},"198":{"start":{"line":456,"column":11},"end":{"line":487,"column":5}},"199":{"start":{"line":457,"column":8},"end":{"line":457,"column":88}},"200":{"start":{"line":459,"column":8},"end":{"line":486,"column":11}},"201":{"start":{"line":460,"column":12},"end":{"line":485,"column":13}},"202":{"start":{"line":461,"column":16},"end":{"line":461,"column":61}},"203":{"start":{"line":462,"column":19},"end":{"line":485,"column":13}},"204":{"start":{"line":463,"column":16},"end":{"line":463,"column":99}},"205":{"start":{"line":465,"column":16},"end":{"line":484,"column":19}},"206":{"start":{"line":466,"column":20},"end":{"line":483,"column":21}},"207":{"start":{"line":467,"column":24},"end":{"line":467,"column":117}},"208":{"start":{"line":468,"column":27},"end":{"line":483,"column":21}},"209":{"start":{"line":469,"column":24},"end":{"line":469,"column":108}},"210":{"start":{"line":471,"column":24},"end":{"line":482,"column":27}},"211":{"start":{"line":472,"column":28},"end":{"line":481,"column":29}},"212":{"start":{"line":473,"column":32},"end":{"line":473,"column":125}},"213":{"start":{"line":474,"column":35},"end":{"line":481,"column":29}},"214":{"start":{"line":475,"column":32},"end":{"line":475,"column":125}},"215":{"start":{"line":477,"column":32},"end":{"line":480,"column":35}},"216":{"start":{"line":493,"column":0},"end":{"line":493,"column":32}},"217":{"start":{"line":494,"column":0},"end":{"line":500,"column":3}},"218":{"start":{"line":495,"column":4},"end":{"line":499,"column":5}},"219":{"start":{"line":496,"column":8},"end":{"line":496,"column":28}},"220":{"start":{"line":498,"column":8},"end":{"line":498,"column":88}},"221":{"start":{"line":503,"column":4},"end":{"line":503,"column":30}},"222":{"start":{"line":504,"column":4},"end":{"line":551,"column":5}},"223":{"start":{"line":505,"column":27},"end":{"line":505,"column":50}},"224":{"start":{"line":506,"column":22},"end":{"line":506,"column":24}},"225":{"start":{"line":507,"column":20},"end":{"line":507,"column":25}},"226":{"start":{"line":508,"column":8},"end":{"line":513,"column":9}},"227":{"start":{"line":509,"column":12},"end":{"line":509,"column":36}},"228":{"start":{"line":510,"column":12},"end":{"line":510,"column":54}},"229":{"start":{"line":511,"column":12},"end":{"line":511,"column":49}},"230":{"start":{"line":512,"column":12},"end":{"line":512,"column":51}},"231":{"start":{"line":514,"column":26},"end":{"line":524,"column":9}},"232":{"start":{"line":525,"column":8},"end":{"line":547,"column":11}},"233":{"start":{"line":526,"column":12},"end":{"line":546,"column":13}},"234":{"start":{"line":527,"column":16},"end":{"line":527,"column":96}},"235":{"start":{"line":529,"column":16},"end":{"line":545,"column":19}},"236":{"start":{"line":530,"column":20},"end":{"line":544,"column":21}},"237":{"start":{"line":531,"column":24},"end":{"line":531,"column":117}},"238":{"start":{"line":532,"column":27},"end":{"line":544,"column":21}},"239":{"start":{"line":533,"column":24},"end":{"line":533,"column":106}},"240":{"start":{"line":535,"column":24},"end":{"line":535,"column":50}},"241":{"start":{"line":536,"column":24},"end":{"line":538,"column":25}},"242":{"start":{"line":537,"column":28},"end":{"line":537,"column":61}},"243":{"start":{"line":539,"column":24},"end":{"line":543,"column":27}},"244":{"start":{"line":550,"column":8},"end":{"line":550,"column":93}},"245":{"start":{"line":558,"column":0},"end":{"line":558,"column":38}},"246":{"start":{"line":559,"column":0},"end":{"line":565,"column":3}},"247":{"start":{"line":560,"column":4},"end":{"line":564,"column":5}},"248":{"start":{"line":561,"column":8},"end":{"line":561,"column":37}},"249":{"start":{"line":563,"column":8},"end":{"line":563,"column":88}},"250":{"start":{"line":568,"column":4},"end":{"line":568,"column":30}},"251":{"start":{"line":569,"column":4},"end":{"line":601,"column":5}},"252":{"start":{"line":570,"column":8},"end":{"line":598,"column":11}},"253":{"start":{"line":571,"column":12},"end":{"line":597,"column":13}},"254":{"start":{"line":572,"column":16},"end":{"line":572,"column":109}},"255":{"start":{"line":573,"column":19},"end":{"line":597,"column":13}},"256":{"start":{"line":574,"column":16},"end":{"line":574,"column":98}},"257":{"start":{"line":576,"column":16},"end":{"line":596,"column":17}},"258":{"start":{"line":577,"column":20},"end":{"line":577,"column":102}},"259":{"start":{"line":579,"column":20},"end":{"line":579,"column":56}},"260":{"start":{"line":580,"column":20},"end":{"line":580,"column":54}},"261":{"start":{"line":581,"column":20},"end":{"line":595,"column":23}},"262":{"start":{"line":582,"column":24},"end":{"line":594,"column":25}},"263":{"start":{"line":583,"column":28},"end":{"line":583,"column":121}},"264":{"start":{"line":584,"column":31},"end":{"line":594,"column":25}},"265":{"start":{"line":585,"column":28},"end":{"line":585,"column":121}},"266":{"start":{"line":587,"column":28},"end":{"line":587,"column":54}},"267":{"start":{"line":588,"column":28},"end":{"line":588,"column":56}},"268":{"start":{"line":589,"column":28},"end":{"line":593,"column":31}},"269":{"start":{"line":600,"column":8},"end":{"line":600,"column":93}},"270":{"start":{"line":607,"column":0},"end":{"line":607,"column":26}},"271":{"start":{"line":608,"column":0},"end":{"line":616,"column":3}},"272":{"start":{"line":609,"column":4},"end":{"line":615,"column":5}},"273":{"start":{"line":610,"column":8},"end":{"line":610,"column":33}},"274":{"start":{"line":611,"column":11},"end":{"line":615,"column":5}},"275":{"start":{"line":612,"column":8},"end":{"line":612,"column":35}},"276":{"start":{"line":614,"column":8},"end":{"line":614,"column":88}},"277":{"start":{"line":625,"column":4},"end":{"line":625,"column":30}},"278":{"start":{"line":626,"column":4},"end":{"line":652,"column":5}},"279":{"start":{"line":627,"column":22},"end":{"line":627,"column":24}},"280":{"start":{"line":628,"column":8},"end":{"line":630,"column":9}},"281":{"start":{"line":629,"column":12},"end":{"line":629,"column":41}},"282":{"start":{"line":631,"column":8},"end":{"line":633,"column":9}},"283":{"start":{"line":632,"column":12},"end":{"line":632,"column":49}},"284":{"start":{"line":634,"column":8},"end":{"line":634,"column":47}},"285":{"start":{"line":635,"column":8},"end":{"line":649,"column":11}},"286":{"start":{"line":636,"column":12},"end":{"line":648,"column":13}},"287":{"start":{"line":637,"column":16},"end":{"line":637,"column":109}},"288":{"start":{"line":638,"column":19},"end":{"line":648,"column":13}},"289":{"start":{"line":639,"column":16},"end":{"line":639,"column":99}},"290":{"start":{"line":641,"column":16},"end":{"line":641,"column":42}},"291":{"start":{"line":642,"column":16},"end":{"line":642,"column":49}},"292":{"start":{"line":643,"column":16},"end":{"line":647,"column":19}},"293":{"start":{"line":651,"column":8},"end":{"line":651,"column":93}},"294":{"start":{"line":655,"column":0},"end":{"line":655,"column":35}},"295":{"start":{"line":656,"column":0},"end":{"line":662,"column":3}},"296":{"start":{"line":657,"column":4},"end":{"line":661,"column":5}},"297":{"start":{"line":658,"column":8},"end":{"line":658,"column":35}},"298":{"start":{"line":660,"column":8},"end":{"line":660,"column":88}},"299":{"start":{"line":670,"column":4},"end":{"line":670,"column":30}},"300":{"start":{"line":671,"column":4},"end":{"line":704,"column":5}},"301":{"start":{"line":672,"column":8},"end":{"line":672,"column":93}},"302":{"start":{"line":673,"column":11},"end":{"line":704,"column":5}},"303":{"start":{"line":674,"column":8},"end":{"line":674,"column":88}},"304":{"start":{"line":676,"column":8},"end":{"line":703,"column":11}},"305":{"start":{"line":677,"column":12},"end":{"line":702,"column":13}},"306":{"start":{"line":678,"column":16},"end":{"line":678,"column":106}},"307":{"start":{"line":679,"column":19},"end":{"line":702,"column":13}},"308":{"start":{"line":680,"column":16},"end":{"line":680,"column":109}},"309":{"start":{"line":682,"column":16},"end":{"line":701,"column":19}},"310":{"start":{"line":686,"column":20},"end":{"line":700,"column":21}},"311":{"start":{"line":687,"column":24},"end":{"line":687,"column":114}},"312":{"start":{"line":688,"column":27},"end":{"line":700,"column":21}},"313":{"start":{"line":689,"column":24},"end":{"line":689,"column":117}},"314":{"start":{"line":690,"column":27},"end":{"line":700,"column":21}},"315":{"start":{"line":691,"column":24},"end":{"line":691,"column":111}},"316":{"start":{"line":693,"column":24},"end":{"line":693,"column":50}},"317":{"start":{"line":694,"column":24},"end":{"line":694,"column":57}},"318":{"start":{"line":695,"column":24},"end":{"line":699,"column":27}},"319":{"start":{"line":716,"column":17},"end":{"line":716,"column":31}},"320":{"start":{"line":717,"column":4},"end":{"line":717,"column":91}},"321":{"start":{"line":718,"column":4},"end":{"line":724,"column":7}},"322":{"start":{"line":719,"column":8},"end":{"line":723,"column":9}},"323":{"start":{"line":720,"column":12},"end":{"line":720,"column":98}},"324":{"start":{"line":722,"column":12},"end":{"line":722,"column":99}},"325":{"start":{"line":732,"column":4},"end":{"line":732,"column":89}},"326":{"start":{"line":733,"column":4},"end":{"line":739,"column":7}},"327":{"start":{"line":734,"column":8},"end":{"line":738,"column":9}},"328":{"start":{"line":735,"column":12},"end":{"line":735,"column":97}},"329":{"start":{"line":737,"column":12},"end":{"line":737,"column":96}},"330":{"start":{"line":742,"column":0},"end":{"line":742,"column":24}},"331":{"start":{"line":743,"column":0},"end":{"line":743,"column":45}},"332":{"start":{"line":744,"column":0},"end":{"line":744,"column":51}}},"fnMap":{"0":{"name":"checkUser","decl":{"start":{"line":24,"column":9},"end":{"line":24,"column":18}},"loc":{"start":{"line":24,"column":25},"end":{"line":51,"column":1}},"line":24},"1":{"name":"(anonymous_1)","decl":{"start":{"line":27,"column":34},"end":{"line":27,"column":35}},"loc":{"start":{"line":27,"column":52},"end":{"line":35,"column":9}},"line":27},"2":{"name":"(anonymous_2)","decl":{"start":{"line":28,"column":33},"end":{"line":28,"column":34}},"loc":{"start":{"line":28,"column":53},"end":{"line":34,"column":13}},"line":28},"3":{"name":"(anonymous_3)","decl":{"start":{"line":39,"column":35},"end":{"line":39,"column":36}},"loc":{"start":{"line":39,"column":53},"end":{"line":47,"column":9}},"line":39},"4":{"name":"(anonymous_4)","decl":{"start":{"line":40,"column":33},"end":{"line":40,"column":34}},"loc":{"start":{"line":40,"column":53},"end":{"line":46,"column":13}},"line":40},"5":{"name":"(anonymous_5)","decl":{"start":{"line":57,"column":23},"end":{"line":57,"column":24}},"loc":{"start":{"line":57,"column":49},"end":{"line":168,"column":1}},"line":57},"6":{"name":"(anonymous_6)","decl":{"start":{"line":76,"column":46},"end":{"line":76,"column":47}},"loc":{"start":{"line":76,"column":67},"end":{"line":165,"column":9}},"line":76},"7":{"name":"(anonymous_7)","decl":{"start":{"line":81,"column":30},"end":{"line":81,"column":31}},"loc":{"start":{"line":81,"column":51},"end":{"line":116,"column":17}},"line":81},"8":{"name":"(anonymous_8)","decl":{"start":{"line":96,"column":47},"end":{"line":96,"column":48}},"loc":{"start":{"line":96,"column":68},"end":{"line":113,"column":25}},"line":96},"9":{"name":"(anonymous_9)","decl":{"start":{"line":119,"column":49},"end":{"line":119,"column":50}},"loc":{"start":{"line":119,"column":70},"end":{"line":160,"column":17}},"line":119},"10":{"name":"(anonymous_10)","decl":{"start":{"line":123,"column":38},"end":{"line":123,"column":39}},"loc":{"start":{"line":123,"column":59},"end":{"line":157,"column":25}},"line":123},"11":{"name":"(anonymous_11)","decl":{"start":{"line":138,"column":55},"end":{"line":138,"column":56}},"loc":{"start":{"line":138,"column":76},"end":{"line":155,"column":33}},"line":138},"12":{"name":"(anonymous_12)","decl":{"start":{"line":174,"column":26},"end":{"line":174,"column":27}},"loc":{"start":{"line":174,"column":52},"end":{"line":180,"column":1}},"line":174},"13":{"name":"authEmail","decl":{"start":{"line":182,"column":9},"end":{"line":182,"column":18}},"loc":{"start":{"line":182,"column":35},"end":{"line":227,"column":1}},"line":182},"14":{"name":"(anonymous_14)","decl":{"start":{"line":189,"column":36},"end":{"line":189,"column":37}},"loc":{"start":{"line":189,"column":57},"end":{"line":225,"column":9}},"line":189},"15":{"name":"(anonymous_15)","decl":{"start":{"line":203,"column":40},"end":{"line":203,"column":41}},"loc":{"start":{"line":203,"column":61},"end":{"line":217,"column":25}},"line":203},"16":{"name":"(anonymous_16)","decl":{"start":{"line":233,"column":30},"end":{"line":233,"column":31}},"loc":{"start":{"line":233,"column":56},"end":{"line":239,"column":1}},"line":233},"17":{"name":"authNextEmail","decl":{"start":{"line":241,"column":9},"end":{"line":241,"column":22}},"loc":{"start":{"line":241,"column":39},"end":{"line":286,"column":1}},"line":241},"18":{"name":"(anonymous_18)","decl":{"start":{"line":248,"column":36},"end":{"line":248,"column":37}},"loc":{"start":{"line":248,"column":57},"end":{"line":284,"column":9}},"line":248},"19":{"name":"(anonymous_19)","decl":{"start":{"line":263,"column":40},"end":{"line":263,"column":41}},"loc":{"start":{"line":263,"column":61},"end":{"line":276,"column":25}},"line":263},"20":{"name":"sendEmail","decl":{"start":{"line":293,"column":9},"end":{"line":293,"column":18}},"loc":{"start":{"line":293,"column":38},"end":{"line":338,"column":1}},"line":293},"21":{"name":"(anonymous_21)","decl":{"start":{"line":306,"column":18},"end":{"line":306,"column":19}},"loc":{"start":{"line":306,"column":34},"end":{"line":313,"column":5}},"line":306},"22":{"name":"(anonymous_22)","decl":{"start":{"line":315,"column":19},"end":{"line":315,"column":20}},"loc":{"start":{"line":315,"column":35},"end":{"line":335,"column":5}},"line":315},"23":{"name":"generateRandomString","decl":{"start":{"line":345,"column":9},"end":{"line":345,"column":29}},"loc":{"start":{"line":345,"column":38},"end":{"line":352,"column":1}},"line":345},"24":{"name":"(anonymous_24)","decl":{"start":{"line":359,"column":22},"end":{"line":359,"column":23}},"loc":{"start":{"line":359,"column":48},"end":{"line":396,"column":1}},"line":359},"25":{"name":"(anonymous_25)","decl":{"start":{"line":368,"column":31},"end":{"line":368,"column":32}},"loc":{"start":{"line":368,"column":52},"end":{"line":394,"column":9}},"line":368},"26":{"name":"(anonymous_26)","decl":{"start":{"line":376,"column":56},"end":{"line":376,"column":57}},"loc":{"start":{"line":376,"column":80},"end":{"line":392,"column":17}},"line":376},"27":{"name":"(anonymous_27)","decl":{"start":{"line":401,"column":23},"end":{"line":401,"column":24}},"loc":{"start":{"line":401,"column":49},"end":{"line":418,"column":1}},"line":401},"28":{"name":"(anonymous_28)","decl":{"start":{"line":405,"column":28},"end":{"line":405,"column":29}},"loc":{"start":{"line":405,"column":43},"end":{"line":414,"column":9}},"line":405},"29":{"name":"(anonymous_29)","decl":{"start":{"line":423,"column":20},"end":{"line":423,"column":21}},"loc":{"start":{"line":423,"column":46},"end":{"line":445,"column":1}},"line":423},"30":{"name":"(anonymous_30)","decl":{"start":{"line":428,"column":39},"end":{"line":428,"column":40}},"loc":{"start":{"line":428,"column":60},"end":{"line":443,"column":9}},"line":428},"31":{"name":"deleteUser","decl":{"start":{"line":452,"column":9},"end":{"line":452,"column":19}},"loc":{"start":{"line":452,"column":36},"end":{"line":488,"column":1}},"line":452},"32":{"name":"(anonymous_32)","decl":{"start":{"line":459,"column":39},"end":{"line":459,"column":40}},"loc":{"start":{"line":459,"column":60},"end":{"line":486,"column":9}},"line":459},"33":{"name":"(anonymous_33)","decl":{"start":{"line":465,"column":56},"end":{"line":465,"column":57}},"loc":{"start":{"line":465,"column":80},"end":{"line":484,"column":17}},"line":465},"34":{"name":"(anonymous_34)","decl":{"start":{"line":471,"column":64},"end":{"line":471,"column":65}},"loc":{"start":{"line":471,"column":85},"end":{"line":482,"column":25}},"line":471},"35":{"name":"(anonymous_35)","decl":{"start":{"line":494,"column":22},"end":{"line":494,"column":23}},"loc":{"start":{"line":494,"column":48},"end":{"line":500,"column":1}},"line":494},"36":{"name":"editEmail","decl":{"start":{"line":502,"column":9},"end":{"line":502,"column":18}},"loc":{"start":{"line":502,"column":29},"end":{"line":552,"column":1}},"line":502},"37":{"name":"(anonymous_37)","decl":{"start":{"line":525,"column":31},"end":{"line":525,"column":32}},"loc":{"start":{"line":525,"column":52},"end":{"line":547,"column":9}},"line":525},"38":{"name":"(anonymous_38)","decl":{"start":{"line":529,"column":78},"end":{"line":529,"column":79}},"loc":{"start":{"line":529,"column":99},"end":{"line":545,"column":17}},"line":529},"39":{"name":"(anonymous_39)","decl":{"start":{"line":559,"column":25},"end":{"line":559,"column":26}},"loc":{"start":{"line":559,"column":51},"end":{"line":565,"column":1}},"line":559},"40":{"name":"editPassword","decl":{"start":{"line":567,"column":9},"end":{"line":567,"column":21}},"loc":{"start":{"line":567,"column":38},"end":{"line":602,"column":1}},"line":567},"41":{"name":"(anonymous_41)","decl":{"start":{"line":570,"column":39},"end":{"line":570,"column":40}},"loc":{"start":{"line":570,"column":60},"end":{"line":598,"column":9}},"line":570},"42":{"name":"(anonymous_42)","decl":{"start":{"line":581,"column":30},"end":{"line":581,"column":31}},"loc":{"start":{"line":581,"column":51},"end":{"line":595,"column":21}},"line":581},"43":{"name":"(anonymous_43)","decl":{"start":{"line":608,"column":17},"end":{"line":608,"column":18}},"loc":{"start":{"line":608,"column":43},"end":{"line":616,"column":1}},"line":608},"44":{"name":"editUser","decl":{"start":{"line":624,"column":9},"end":{"line":624,"column":17}},"loc":{"start":{"line":624,"column":34},"end":{"line":653,"column":1}},"line":624},"45":{"name":"(anonymous_45)","decl":{"start":{"line":635,"column":70},"end":{"line":635,"column":71}},"loc":{"start":{"line":635,"column":91},"end":{"line":649,"column":9}},"line":635},"46":{"name":"(anonymous_46)","decl":{"start":{"line":656,"column":24},"end":{"line":656,"column":25}},"loc":{"start":{"line":656,"column":50},"end":{"line":662,"column":1}},"line":656},"47":{"name":"addRelated","decl":{"start":{"line":669,"column":9},"end":{"line":669,"column":19}},"loc":{"start":{"line":669,"column":30},"end":{"line":705,"column":1}},"line":669},"48":{"name":"(anonymous_48)","decl":{"start":{"line":676,"column":47},"end":{"line":676,"column":48}},"loc":{"start":{"line":676,"column":69},"end":{"line":703,"column":9}},"line":676},"49":{"name":"(anonymous_49)","decl":{"start":{"line":685,"column":19},"end":{"line":685,"column":20}},"loc":{"start":{"line":685,"column":40},"end":{"line":701,"column":17}},"line":685},"50":{"name":"addPdfToUsers","decl":{"start":{"line":715,"column":9},"end":{"line":715,"column":22}},"loc":{"start":{"line":715,"column":28},"end":{"line":725,"column":1}},"line":715},"51":{"name":"(anonymous_51)","decl":{"start":{"line":718,"column":24},"end":{"line":718,"column":25}},"loc":{"start":{"line":718,"column":42},"end":{"line":724,"column":5}},"line":718},"52":{"name":"deletePdfOfUsers","decl":{"start":{"line":731,"column":9},"end":{"line":731,"column":25}},"loc":{"start":{"line":731,"column":31},"end":{"line":740,"column":1}},"line":731},"53":{"name":"(anonymous_53)","decl":{"start":{"line":733,"column":24},"end":{"line":733,"column":25}},"loc":{"start":{"line":733,"column":42},"end":{"line":739,"column":5}},"line":733}},"branchMap":{"0":{"loc":{"start":{"line":26,"column":4},"end":{"line":36,"column":5}},"type":"if","locations":[{"start":{"line":26,"column":4},"end":{"line":36,"column":5}},{"start":{"line":26,"column":4},"end":{"line":36,"column":5}}],"line":26},"1":{"loc":{"start":{"line":29,"column":16},"end":{"line":33,"column":17}},"type":"if","locations":[{"start":{"line":29,"column":16},"end":{"line":33,"column":17}},{"start":{"line":29,"column":16},"end":{"line":33,"column":17}}],"line":29},"2":{"loc":{"start":{"line":30,"column":23},"end":{"line":33,"column":17}},"type":"if","locations":[{"start":{"line":30,"column":23},"end":{"line":33,"column":17}},{"start":{"line":30,"column":23},"end":{"line":33,"column":17}}],"line":30},"3":{"loc":{"start":{"line":38,"column":4},"end":{"line":48,"column":5}},"type":"if","locations":[{"start":{"line":38,"column":4},"end":{"line":48,"column":5}},{"start":{"line":38,"column":4},"end":{"line":48,"column":5}}],"line":38},"4":{"loc":{"start":{"line":41,"column":16},"end":{"line":45,"column":17}},"type":"if","locations":[{"start":{"line":41,"column":16},"end":{"line":45,"column":17}},{"start":{"line":41,"column":16},"end":{"line":45,"column":17}}],"line":41},"5":{"loc":{"start":{"line":42,"column":23},"end":{"line":45,"column":17}},"type":"if","locations":[{"start":{"line":42,"column":23},"end":{"line":45,"column":17}},{"start":{"line":42,"column":23},"end":{"line":45,"column":17}}],"line":42},"6":{"loc":{"start":{"line":58,"column":4},"end":{"line":167,"column":5}},"type":"if","locations":[{"start":{"line":58,"column":4},"end":{"line":167,"column":5}},{"start":{"line":58,"column":4},"end":{"line":167,"column":5}}],"line":58},"7":{"loc":{"start":{"line":58,"column":8},"end":{"line":58,"column":54}},"type":"binary-expr","locations":[{"start":{"line":58,"column":8},"end":{"line":58,"column":30}},{"start":{"line":58,"column":34},"end":{"line":58,"column":54}}],"line":58},"8":{"loc":{"start":{"line":60,"column":11},"end":{"line":167,"column":5}},"type":"if","locations":[{"start":{"line":60,"column":11},"end":{"line":167,"column":5}},{"start":{"line":60,"column":11},"end":{"line":167,"column":5}}],"line":60},"9":{"loc":{"start":{"line":60,"column":15},"end":{"line":60,"column":67}},"type":"binary-expr","locations":[{"start":{"line":60,"column":15},"end":{"line":60,"column":40}},{"start":{"line":60,"column":44},"end":{"line":60,"column":67}}],"line":60},"10":{"loc":{"start":{"line":77,"column":12},"end":{"line":164,"column":13}},"type":"if","locations":[{"start":{"line":77,"column":12},"end":{"line":164,"column":13}},{"start":{"line":77,"column":12},"end":{"line":164,"column":13}}],"line":77},"11":{"loc":{"start":{"line":79,"column":19},"end":{"line":164,"column":13}},"type":"if","locations":[{"start":{"line":79,"column":19},"end":{"line":164,"column":13}},{"start":{"line":79,"column":19},"end":{"line":164,"column":13}}],"line":79},"12":{"loc":{"start":{"line":82,"column":20},"end":{"line":115,"column":21}},"type":"if","locations":[{"start":{"line":82,"column":20},"end":{"line":115,"column":21}},{"start":{"line":82,"column":20},"end":{"line":115,"column":21}}],"line":82},"13":{"loc":{"start":{"line":84,"column":27},"end":{"line":115,"column":21}},"type":"if","locations":[{"start":{"line":84,"column":27},"end":{"line":115,"column":21}},{"start":{"line":84,"column":27},"end":{"line":115,"column":21}}],"line":84},"14":{"loc":{"start":{"line":97,"column":28},"end":{"line":112,"column":29}},"type":"if","locations":[{"start":{"line":97,"column":28},"end":{"line":112,"column":29}},{"start":{"line":97,"column":28},"end":{"line":112,"column":29}}],"line":97},"15":{"loc":{"start":{"line":104,"column":32},"end":{"line":106,"column":33}},"type":"if","locations":[{"start":{"line":104,"column":32},"end":{"line":106,"column":33}},{"start":{"line":104,"column":32},"end":{"line":106,"column":33}}],"line":104},"16":{"loc":{"start":{"line":117,"column":19},"end":{"line":164,"column":13}},"type":"if","locations":[{"start":{"line":117,"column":19},"end":{"line":164,"column":13}},{"start":{"line":117,"column":19},"end":{"line":164,"column":13}}],"line":117},"17":{"loc":{"start":{"line":120,"column":20},"end":{"line":159,"column":21}},"type":"if","locations":[{"start":{"line":120,"column":20},"end":{"line":159,"column":21}},{"start":{"line":120,"column":20},"end":{"line":159,"column":21}}],"line":120},"18":{"loc":{"start":{"line":124,"column":28},"end":{"line":156,"column":29}},"type":"if","locations":[{"start":{"line":124,"column":28},"end":{"line":156,"column":29}},{"start":{"line":124,"column":28},"end":{"line":156,"column":29}}],"line":124},"19":{"loc":{"start":{"line":126,"column":35},"end":{"line":156,"column":29}},"type":"if","locations":[{"start":{"line":126,"column":35},"end":{"line":156,"column":29}},{"start":{"line":126,"column":35},"end":{"line":156,"column":29}}],"line":126},"20":{"loc":{"start":{"line":139,"column":36},"end":{"line":154,"column":37}},"type":"if","locations":[{"start":{"line":139,"column":36},"end":{"line":154,"column":37}},{"start":{"line":139,"column":36},"end":{"line":154,"column":37}}],"line":139},"21":{"loc":{"start":{"line":146,"column":40},"end":{"line":148,"column":41}},"type":"if","locations":[{"start":{"line":146,"column":40},"end":{"line":148,"column":41}},{"start":{"line":146,"column":40},"end":{"line":148,"column":41}}],"line":146},"22":{"loc":{"start":{"line":175,"column":4},"end":{"line":179,"column":5}},"type":"if","locations":[{"start":{"line":175,"column":4},"end":{"line":179,"column":5}},{"start":{"line":175,"column":4},"end":{"line":179,"column":5}}],"line":175},"23":{"loc":{"start":{"line":184,"column":4},"end":{"line":226,"column":5}},"type":"if","locations":[{"start":{"line":184,"column":4},"end":{"line":226,"column":5}},{"start":{"line":184,"column":4},"end":{"line":226,"column":5}}],"line":184},"24":{"loc":{"start":{"line":184,"column":8},"end":{"line":184,"column":50}},"type":"binary-expr","locations":[{"start":{"line":184,"column":8},"end":{"line":184,"column":28}},{"start":{"line":184,"column":32},"end":{"line":184,"column":50}}],"line":184},"25":{"loc":{"start":{"line":186,"column":11},"end":{"line":226,"column":5}},"type":"if","locations":[{"start":{"line":186,"column":11},"end":{"line":226,"column":5}},{"start":{"line":186,"column":11},"end":{"line":226,"column":5}}],"line":186},"26":{"loc":{"start":{"line":186,"column":15},"end":{"line":186,"column":59}},"type":"binary-expr","locations":[{"start":{"line":186,"column":15},"end":{"line":186,"column":36}},{"start":{"line":186,"column":40},"end":{"line":186,"column":59}}],"line":186},"27":{"loc":{"start":{"line":190,"column":12},"end":{"line":224,"column":13}},"type":"if","locations":[{"start":{"line":190,"column":12},"end":{"line":224,"column":13}},{"start":{"line":190,"column":12},"end":{"line":224,"column":13}}],"line":190},"28":{"loc":{"start":{"line":192,"column":19},"end":{"line":224,"column":13}},"type":"if","locations":[{"start":{"line":192,"column":19},"end":{"line":224,"column":13}},{"start":{"line":192,"column":19},"end":{"line":224,"column":13}}],"line":192},"29":{"loc":{"start":{"line":194,"column":19},"end":{"line":224,"column":13}},"type":"if","locations":[{"start":{"line":194,"column":19},"end":{"line":224,"column":13}},{"start":{"line":194,"column":19},"end":{"line":224,"column":13}}],"line":194},"30":{"loc":{"start":{"line":197,"column":16},"end":{"line":223,"column":17}},"type":"if","locations":[{"start":{"line":197,"column":16},"end":{"line":223,"column":17}},{"start":{"line":197,"column":16},"end":{"line":223,"column":17}}],"line":197},"31":{"loc":{"start":{"line":199,"column":20},"end":{"line":220,"column":21}},"type":"if","locations":[{"start":{"line":199,"column":20},"end":{"line":220,"column":21}},{"start":{"line":199,"column":20},"end":{"line":220,"column":21}}],"line":199},"32":{"loc":{"start":{"line":204,"column":28},"end":{"line":216,"column":29}},"type":"if","locations":[{"start":{"line":204,"column":28},"end":{"line":216,"column":29}},{"start":{"line":204,"column":28},"end":{"line":216,"column":29}}],"line":204},"33":{"loc":{"start":{"line":206,"column":35},"end":{"line":216,"column":29}},"type":"if","locations":[{"start":{"line":206,"column":35},"end":{"line":216,"column":29}},{"start":{"line":206,"column":35},"end":{"line":216,"column":29}}],"line":206},"34":{"loc":{"start":{"line":234,"column":4},"end":{"line":238,"column":5}},"type":"if","locations":[{"start":{"line":234,"column":4},"end":{"line":238,"column":5}},{"start":{"line":234,"column":4},"end":{"line":238,"column":5}}],"line":234},"35":{"loc":{"start":{"line":243,"column":4},"end":{"line":285,"column":5}},"type":"if","locations":[{"start":{"line":243,"column":4},"end":{"line":285,"column":5}},{"start":{"line":243,"column":4},"end":{"line":285,"column":5}}],"line":243},"36":{"loc":{"start":{"line":243,"column":8},"end":{"line":243,"column":50}},"type":"binary-expr","locations":[{"start":{"line":243,"column":8},"end":{"line":243,"column":28}},{"start":{"line":243,"column":32},"end":{"line":243,"column":50}}],"line":243},"37":{"loc":{"start":{"line":245,"column":11},"end":{"line":285,"column":5}},"type":"if","locations":[{"start":{"line":245,"column":11},"end":{"line":285,"column":5}},{"start":{"line":245,"column":11},"end":{"line":285,"column":5}}],"line":245},"38":{"loc":{"start":{"line":245,"column":15},"end":{"line":245,"column":59}},"type":"binary-expr","locations":[{"start":{"line":245,"column":15},"end":{"line":245,"column":36}},{"start":{"line":245,"column":40},"end":{"line":245,"column":59}}],"line":245},"39":{"loc":{"start":{"line":249,"column":12},"end":{"line":283,"column":13}},"type":"if","locations":[{"start":{"line":249,"column":12},"end":{"line":283,"column":13}},{"start":{"line":249,"column":12},"end":{"line":283,"column":13}}],"line":249},"40":{"loc":{"start":{"line":251,"column":19},"end":{"line":283,"column":13}},"type":"if","locations":[{"start":{"line":251,"column":19},"end":{"line":283,"column":13}},{"start":{"line":251,"column":19},"end":{"line":283,"column":13}}],"line":251},"41":{"loc":{"start":{"line":253,"column":19},"end":{"line":283,"column":13}},"type":"if","locations":[{"start":{"line":253,"column":19},"end":{"line":283,"column":13}},{"start":{"line":253,"column":19},"end":{"line":283,"column":13}}],"line":253},"42":{"loc":{"start":{"line":256,"column":16},"end":{"line":282,"column":17}},"type":"if","locations":[{"start":{"line":256,"column":16},"end":{"line":282,"column":17}},{"start":{"line":256,"column":16},"end":{"line":282,"column":17}}],"line":256},"43":{"loc":{"start":{"line":258,"column":20},"end":{"line":279,"column":21}},"type":"if","locations":[{"start":{"line":258,"column":20},"end":{"line":279,"column":21}},{"start":{"line":258,"column":20},"end":{"line":279,"column":21}}],"line":258},"44":{"loc":{"start":{"line":264,"column":28},"end":{"line":275,"column":29}},"type":"if","locations":[{"start":{"line":264,"column":28},"end":{"line":275,"column":29}},{"start":{"line":264,"column":28},"end":{"line":275,"column":29}}],"line":264},"45":{"loc":{"start":{"line":266,"column":35},"end":{"line":275,"column":29}},"type":"if","locations":[{"start":{"line":266,"column":35},"end":{"line":275,"column":29}},{"start":{"line":266,"column":35},"end":{"line":275,"column":29}}],"line":266},"46":{"loc":{"start":{"line":307,"column":8},"end":{"line":311,"column":9}},"type":"if","locations":[{"start":{"line":307,"column":8},"end":{"line":311,"column":9}},{"start":{"line":307,"column":8},"end":{"line":311,"column":9}}],"line":307},"47":{"loc":{"start":{"line":309,"column":15},"end":{"line":311,"column":9}},"type":"if","locations":[{"start":{"line":309,"column":15},"end":{"line":311,"column":9}},{"start":{"line":309,"column":15},"end":{"line":311,"column":9}}],"line":309},"48":{"loc":{"start":{"line":330,"column":8},"end":{"line":334,"column":9}},"type":"if","locations":[{"start":{"line":330,"column":8},"end":{"line":334,"column":9}},{"start":{"line":330,"column":8},"end":{"line":334,"column":9}}],"line":330},"49":{"loc":{"start":{"line":365,"column":4},"end":{"line":395,"column":5}},"type":"if","locations":[{"start":{"line":365,"column":4},"end":{"line":395,"column":5}},{"start":{"line":365,"column":4},"end":{"line":395,"column":5}}],"line":365},"50":{"loc":{"start":{"line":365,"column":8},"end":{"line":365,"column":59}},"type":"binary-expr","locations":[{"start":{"line":365,"column":8},"end":{"line":365,"column":30}},{"start":{"line":365,"column":34},"end":{"line":365,"column":59}}],"line":365},"51":{"loc":{"start":{"line":369,"column":12},"end":{"line":393,"column":13}},"type":"if","locations":[{"start":{"line":369,"column":12},"end":{"line":393,"column":13}},{"start":{"line":369,"column":12},"end":{"line":393,"column":13}}],"line":369},"52":{"loc":{"start":{"line":371,"column":19},"end":{"line":393,"column":13}},"type":"if","locations":[{"start":{"line":371,"column":19},"end":{"line":393,"column":13}},{"start":{"line":371,"column":19},"end":{"line":393,"column":13}}],"line":371},"53":{"loc":{"start":{"line":373,"column":19},"end":{"line":393,"column":13}},"type":"if","locations":[{"start":{"line":373,"column":19},"end":{"line":393,"column":13}},{"start":{"line":373,"column":19},"end":{"line":393,"column":13}}],"line":373},"54":{"loc":{"start":{"line":377,"column":20},"end":{"line":391,"column":21}},"type":"if","locations":[{"start":{"line":377,"column":20},"end":{"line":391,"column":21}},{"start":{"line":377,"column":20},"end":{"line":391,"column":21}}],"line":377},"55":{"loc":{"start":{"line":379,"column":27},"end":{"line":391,"column":21}},"type":"if","locations":[{"start":{"line":379,"column":27},"end":{"line":391,"column":21}},{"start":{"line":379,"column":27},"end":{"line":391,"column":21}}],"line":379},"56":{"loc":{"start":{"line":404,"column":4},"end":{"line":417,"column":5}},"type":"if","locations":[{"start":{"line":404,"column":4},"end":{"line":417,"column":5}},{"start":{"line":404,"column":4},"end":{"line":417,"column":5}}],"line":404},"57":{"loc":{"start":{"line":406,"column":12},"end":{"line":413,"column":13}},"type":"if","locations":[{"start":{"line":406,"column":12},"end":{"line":413,"column":13}},{"start":{"line":406,"column":12},"end":{"line":413,"column":13}}],"line":406},"58":{"loc":{"start":{"line":425,"column":4},"end":{"line":444,"column":5}},"type":"if","locations":[{"start":{"line":425,"column":4},"end":{"line":444,"column":5}},{"start":{"line":425,"column":4},"end":{"line":444,"column":5}}],"line":425},"59":{"loc":{"start":{"line":429,"column":12},"end":{"line":442,"column":13}},"type":"if","locations":[{"start":{"line":429,"column":12},"end":{"line":442,"column":13}},{"start":{"line":429,"column":12},"end":{"line":442,"column":13}}],"line":429},"60":{"loc":{"start":{"line":431,"column":19},"end":{"line":442,"column":13}},"type":"if","locations":[{"start":{"line":431,"column":19},"end":{"line":442,"column":13}},{"start":{"line":431,"column":19},"end":{"line":442,"column":13}}],"line":431},"61":{"loc":{"start":{"line":454,"column":4},"end":{"line":487,"column":5}},"type":"if","locations":[{"start":{"line":454,"column":4},"end":{"line":487,"column":5}},{"start":{"line":454,"column":4},"end":{"line":487,"column":5}}],"line":454},"62":{"loc":{"start":{"line":456,"column":11},"end":{"line":487,"column":5}},"type":"if","locations":[{"start":{"line":456,"column":11},"end":{"line":487,"column":5}},{"start":{"line":456,"column":11},"end":{"line":487,"column":5}}],"line":456},"63":{"loc":{"start":{"line":460,"column":12},"end":{"line":485,"column":13}},"type":"if","locations":[{"start":{"line":460,"column":12},"end":{"line":485,"column":13}},{"start":{"line":460,"column":12},"end":{"line":485,"column":13}}],"line":460},"64":{"loc":{"start":{"line":462,"column":19},"end":{"line":485,"column":13}},"type":"if","locations":[{"start":{"line":462,"column":19},"end":{"line":485,"column":13}},{"start":{"line":462,"column":19},"end":{"line":485,"column":13}}],"line":462},"65":{"loc":{"start":{"line":466,"column":20},"end":{"line":483,"column":21}},"type":"if","locations":[{"start":{"line":466,"column":20},"end":{"line":483,"column":21}},{"start":{"line":466,"column":20},"end":{"line":483,"column":21}}],"line":466},"66":{"loc":{"start":{"line":468,"column":27},"end":{"line":483,"column":21}},"type":"if","locations":[{"start":{"line":468,"column":27},"end":{"line":483,"column":21}},{"start":{"line":468,"column":27},"end":{"line":483,"column":21}}],"line":468},"67":{"loc":{"start":{"line":472,"column":28},"end":{"line":481,"column":29}},"type":"if","locations":[{"start":{"line":472,"column":28},"end":{"line":481,"column":29}},{"start":{"line":472,"column":28},"end":{"line":481,"column":29}}],"line":472},"68":{"loc":{"start":{"line":474,"column":35},"end":{"line":481,"column":29}},"type":"if","locations":[{"start":{"line":474,"column":35},"end":{"line":481,"column":29}},{"start":{"line":474,"column":35},"end":{"line":481,"column":29}}],"line":474},"69":{"loc":{"start":{"line":495,"column":4},"end":{"line":499,"column":5}},"type":"if","locations":[{"start":{"line":495,"column":4},"end":{"line":499,"column":5}},{"start":{"line":495,"column":4},"end":{"line":499,"column":5}}],"line":495},"70":{"loc":{"start":{"line":504,"column":4},"end":{"line":551,"column":5}},"type":"if","locations":[{"start":{"line":504,"column":4},"end":{"line":551,"column":5}},{"start":{"line":504,"column":4},"end":{"line":551,"column":5}}],"line":504},"71":{"loc":{"start":{"line":508,"column":8},"end":{"line":513,"column":9}},"type":"if","locations":[{"start":{"line":508,"column":8},"end":{"line":513,"column":9}},{"start":{"line":508,"column":8},"end":{"line":513,"column":9}}],"line":508},"72":{"loc":{"start":{"line":508,"column":12},"end":{"line":508,"column":58}},"type":"binary-expr","locations":[{"start":{"line":508,"column":12},"end":{"line":508,"column":34}},{"start":{"line":508,"column":38},"end":{"line":508,"column":58}}],"line":508},"73":{"loc":{"start":{"line":526,"column":12},"end":{"line":546,"column":13}},"type":"if","locations":[{"start":{"line":526,"column":12},"end":{"line":546,"column":13}},{"start":{"line":526,"column":12},"end":{"line":546,"column":13}}],"line":526},"74":{"loc":{"start":{"line":530,"column":20},"end":{"line":544,"column":21}},"type":"if","locations":[{"start":{"line":530,"column":20},"end":{"line":544,"column":21}},{"start":{"line":530,"column":20},"end":{"line":544,"column":21}}],"line":530},"75":{"loc":{"start":{"line":532,"column":27},"end":{"line":544,"column":21}},"type":"if","locations":[{"start":{"line":532,"column":27},"end":{"line":544,"column":21}},{"start":{"line":532,"column":27},"end":{"line":544,"column":21}}],"line":532},"76":{"loc":{"start":{"line":536,"column":24},"end":{"line":538,"column":25}},"type":"if","locations":[{"start":{"line":536,"column":24},"end":{"line":538,"column":25}},{"start":{"line":536,"column":24},"end":{"line":538,"column":25}}],"line":536},"77":{"loc":{"start":{"line":560,"column":4},"end":{"line":564,"column":5}},"type":"if","locations":[{"start":{"line":560,"column":4},"end":{"line":564,"column":5}},{"start":{"line":560,"column":4},"end":{"line":564,"column":5}}],"line":560},"78":{"loc":{"start":{"line":569,"column":4},"end":{"line":601,"column":5}},"type":"if","locations":[{"start":{"line":569,"column":4},"end":{"line":601,"column":5}},{"start":{"line":569,"column":4},"end":{"line":601,"column":5}}],"line":569},"79":{"loc":{"start":{"line":571,"column":12},"end":{"line":597,"column":13}},"type":"if","locations":[{"start":{"line":571,"column":12},"end":{"line":597,"column":13}},{"start":{"line":571,"column":12},"end":{"line":597,"column":13}}],"line":571},"80":{"loc":{"start":{"line":573,"column":19},"end":{"line":597,"column":13}},"type":"if","locations":[{"start":{"line":573,"column":19},"end":{"line":597,"column":13}},{"start":{"line":573,"column":19},"end":{"line":597,"column":13}}],"line":573},"81":{"loc":{"start":{"line":576,"column":16},"end":{"line":596,"column":17}},"type":"if","locations":[{"start":{"line":576,"column":16},"end":{"line":596,"column":17}},{"start":{"line":576,"column":16},"end":{"line":596,"column":17}}],"line":576},"82":{"loc":{"start":{"line":576,"column":20},"end":{"line":576,"column":72}},"type":"binary-expr","locations":[{"start":{"line":576,"column":20},"end":{"line":576,"column":45}},{"start":{"line":576,"column":49},"end":{"line":576,"column":72}}],"line":576},"83":{"loc":{"start":{"line":582,"column":24},"end":{"line":594,"column":25}},"type":"if","locations":[{"start":{"line":582,"column":24},"end":{"line":594,"column":25}},{"start":{"line":582,"column":24},"end":{"line":594,"column":25}}],"line":582},"84":{"loc":{"start":{"line":584,"column":31},"end":{"line":594,"column":25}},"type":"if","locations":[{"start":{"line":584,"column":31},"end":{"line":594,"column":25}},{"start":{"line":584,"column":31},"end":{"line":594,"column":25}}],"line":584},"85":{"loc":{"start":{"line":609,"column":4},"end":{"line":615,"column":5}},"type":"if","locations":[{"start":{"line":609,"column":4},"end":{"line":615,"column":5}},{"start":{"line":609,"column":4},"end":{"line":615,"column":5}}],"line":609},"86":{"loc":{"start":{"line":611,"column":11},"end":{"line":615,"column":5}},"type":"if","locations":[{"start":{"line":611,"column":11},"end":{"line":615,"column":5}},{"start":{"line":611,"column":11},"end":{"line":615,"column":5}}],"line":611},"87":{"loc":{"start":{"line":626,"column":4},"end":{"line":652,"column":5}},"type":"if","locations":[{"start":{"line":626,"column":4},"end":{"line":652,"column":5}},{"start":{"line":626,"column":4},"end":{"line":652,"column":5}}],"line":626},"88":{"loc":{"start":{"line":628,"column":8},"end":{"line":630,"column":9}},"type":"if","locations":[{"start":{"line":628,"column":8},"end":{"line":630,"column":9}},{"start":{"line":628,"column":8},"end":{"line":630,"column":9}}],"line":628},"89":{"loc":{"start":{"line":628,"column":12},"end":{"line":628,"column":56}},"type":"binary-expr","locations":[{"start":{"line":628,"column":12},"end":{"line":628,"column":33}},{"start":{"line":628,"column":37},"end":{"line":628,"column":56}}],"line":628},"90":{"loc":{"start":{"line":631,"column":8},"end":{"line":633,"column":9}},"type":"if","locations":[{"start":{"line":631,"column":8},"end":{"line":633,"column":9}},{"start":{"line":631,"column":8},"end":{"line":633,"column":9}}],"line":631},"91":{"loc":{"start":{"line":631,"column":12},"end":{"line":631,"column":64}},"type":"binary-expr","locations":[{"start":{"line":631,"column":12},"end":{"line":631,"column":37}},{"start":{"line":631,"column":41},"end":{"line":631,"column":64}}],"line":631},"92":{"loc":{"start":{"line":636,"column":12},"end":{"line":648,"column":13}},"type":"if","locations":[{"start":{"line":636,"column":12},"end":{"line":648,"column":13}},{"start":{"line":636,"column":12},"end":{"line":648,"column":13}}],"line":636},"93":{"loc":{"start":{"line":638,"column":19},"end":{"line":648,"column":13}},"type":"if","locations":[{"start":{"line":638,"column":19},"end":{"line":648,"column":13}},{"start":{"line":638,"column":19},"end":{"line":648,"column":13}}],"line":638},"94":{"loc":{"start":{"line":657,"column":4},"end":{"line":661,"column":5}},"type":"if","locations":[{"start":{"line":657,"column":4},"end":{"line":661,"column":5}},{"start":{"line":657,"column":4},"end":{"line":661,"column":5}}],"line":657},"95":{"loc":{"start":{"line":671,"column":4},"end":{"line":704,"column":5}},"type":"if","locations":[{"start":{"line":671,"column":4},"end":{"line":704,"column":5}},{"start":{"line":671,"column":4},"end":{"line":704,"column":5}}],"line":671},"96":{"loc":{"start":{"line":673,"column":11},"end":{"line":704,"column":5}},"type":"if","locations":[{"start":{"line":673,"column":11},"end":{"line":704,"column":5}},{"start":{"line":673,"column":11},"end":{"line":704,"column":5}}],"line":673},"97":{"loc":{"start":{"line":677,"column":12},"end":{"line":702,"column":13}},"type":"if","locations":[{"start":{"line":677,"column":12},"end":{"line":702,"column":13}},{"start":{"line":677,"column":12},"end":{"line":702,"column":13}}],"line":677},"98":{"loc":{"start":{"line":679,"column":19},"end":{"line":702,"column":13}},"type":"if","locations":[{"start":{"line":679,"column":19},"end":{"line":702,"column":13}},{"start":{"line":679,"column":19},"end":{"line":702,"column":13}}],"line":679},"99":{"loc":{"start":{"line":686,"column":20},"end":{"line":700,"column":21}},"type":"if","locations":[{"start":{"line":686,"column":20},"end":{"line":700,"column":21}},{"start":{"line":686,"column":20},"end":{"line":700,"column":21}}],"line":686},"100":{"loc":{"start":{"line":688,"column":27},"end":{"line":700,"column":21}},"type":"if","locations":[{"start":{"line":688,"column":27},"end":{"line":700,"column":21}},{"start":{"line":688,"column":27},"end":{"line":700,"column":21}}],"line":688},"101":{"loc":{"start":{"line":690,"column":27},"end":{"line":700,"column":21}},"type":"if","locations":[{"start":{"line":690,"column":27},"end":{"line":700,"column":21}},{"start":{"line":690,"column":27},"end":{"line":700,"column":21}}],"line":690},"102":{"loc":{"start":{"line":719,"column":8},"end":{"line":723,"column":9}},"type":"if","locations":[{"start":{"line":719,"column":8},"end":{"line":723,"column":9}},{"start":{"line":719,"column":8},"end":{"line":723,"column":9}}],"line":719},"103":{"loc":{"start":{"line":734,"column":8},"end":{"line":738,"column":9}},"type":"if","locations":[{"start":{"line":734,"column":8},"end":{"line":738,"column":9}},{"start":{"line":734,"column":8},"end":{"line":738,"column":9}}],"line":734}},"s":{"0":1,"1":1,"2":1,"3":1,"4":1,"5":1,"6":1,"7":1,"8":1,"9":1,"10":23,"11":23,"12":0,"13":0,"14":0,"15":0,"16":23,"17":23,"18":23,"19":23,"20":23,"21":23,"22":23,"23":1,"24":5,"25":0,"26":5,"27":0,"28":5,"29":5,"30":5,"31":5,"32":0,"33":5,"34":3,"35":3,"36":0,"37":3,"38":0,"39":3,"40":3,"41":3,"42":0,"43":0,"44":3,"45":3,"46":3,"47":3,"48":3,"49":3,"50":2,"51":1,"52":1,"53":0,"54":1,"55":1,"56":0,"57":1,"58":0,"59":1,"60":1,"61":1,"62":0,"63":0,"64":1,"65":1,"66":1,"67":1,"68":1,"69":1,"70":1,"71":1,"72":1,"73":0,"74":0,"75":0,"76":1,"77":0,"78":1,"79":0,"80":1,"81":1,"82":0,"83":1,"84":0,"85":1,"86":0,"87":1,"88":1,"89":1,"90":1,"91":1,"92":0,"93":1,"94":0,"95":1,"96":1,"97":1,"98":0,"99":0,"100":1,"101":1,"102":1,"103":1,"104":0,"105":2,"106":0,"107":2,"108":0,"109":2,"110":2,"111":0,"112":2,"113":0,"114":2,"115":0,"116":2,"117":2,"118":2,"119":2,"120":2,"121":0,"122":2,"123":0,"124":2,"125":2,"126":0,"127":0,"128":6,"129":6,"130":6,"131":6,"132":6,"133":6,"134":6,"135":6,"136":36,"137":6,"138":30,"139":6,"140":36,"141":6,"142":6,"143":6,"144":6,"145":6,"146":6,"147":0,"148":7,"149":7,"150":7,"151":35,"152":7,"153":1,"154":26,"155":26,"156":26,"157":0,"158":26,"159":26,"160":0,"161":26,"162":1,"163":25,"164":1,"165":24,"166":24,"167":0,"168":24,"169":23,"170":23,"171":23,"172":23,"173":23,"174":1,"175":1,"176":2,"177":2,"178":2,"179":1,"180":1,"181":0,"182":1,"183":1,"184":1,"185":3,"186":3,"187":1,"188":2,"189":2,"190":0,"191":2,"192":0,"193":2,"194":1,"195":3,"196":3,"197":1,"198":2,"199":0,"200":2,"201":2,"202":0,"203":2,"204":0,"205":2,"206":2,"207":0,"208":2,"209":0,"210":2,"211":2,"212":0,"213":2,"214":0,"215":2,"216":1,"217":1,"218":1,"219":1,"220":0,"221":2,"222":2,"223":2,"224":2,"225":2,"226":2,"227":2,"228":2,"229":2,"230":2,"231":2,"232":2,"233":2,"234":0,"235":2,"236":2,"237":0,"238":2,"239":0,"240":2,"241":2,"242":0,"243":2,"244":0,"245":1,"246":1,"247":1,"248":1,"249":0,"250":2,"251":2,"252":2,"253":2,"254":0,"255":2,"256":0,"257":2,"258":0,"259":2,"260":2,"261":2,"262":2,"263":0,"264":2,"265":0,"266":2,"267":2,"268":2,"269":0,"270":1,"271":1,"272":2,"273":1,"274":1,"275":1,"276":0,"277":6,"278":6,"279":5,"280":5,"281":3,"282":5,"283":3,"284":5,"285":5,"286":5,"287":0,"288":5,"289":0,"290":5,"291":5,"292":5,"293":1,"294":1,"295":1,"296":1,"297":1,"298":0,"299":6,"300":6,"301":1,"302":5,"303":0,"304":5,"305":5,"306":1,"307":4,"308":1,"309":3,"310":3,"311":0,"312":3,"313":0,"314":3,"315":0,"316":3,"317":3,"318":3,"319":0,"320":0,"321":0,"322":0,"323":0,"324":0,"325":0,"326":0,"327":0,"328":0,"329":0,"330":1,"331":1,"332":1},"f":{"0":23,"1":0,"2":0,"3":23,"4":23,"5":5,"6":5,"7":3,"8":3,"9":1,"10":1,"11":1,"12":0,"13":1,"14":1,"15":1,"16":1,"17":2,"18":2,"19":2,"20":6,"21":36,"22":6,"23":7,"24":26,"25":26,"26":24,"27":2,"28":1,"29":3,"30":2,"31":3,"32":2,"33":2,"34":2,"35":1,"36":2,"37":2,"38":2,"39":1,"40":2,"41":2,"42":2,"43":2,"44":6,"45":5,"46":1,"47":6,"48":5,"49":3,"50":0,"51":0,"52":0,"53":0},"b":{"0":[23,0],"1":[0,0],"2":[0,0],"3":[23,0],"4":[0,23],"5":[23,0],"6":[0,5],"7":[5,5],"8":[0,5],"9":[5,5],"10":[0,5],"11":[3,2],"12":[0,3],"13":[0,3],"14":[0,3],"15":[3,0],"16":[1,1],"17":[0,1],"18":[0,1],"19":[0,1],"20":[0,1],"21":[1,0],"22":[0,0],"23":[0,1],"24":[1,1],"25":[0,1],"26":[1,1],"27":[0,1],"28":[0,1],"29":[0,1],"30":[1,0],"31":[1,0],"32":[0,1],"33":[0,1],"34":[1,0],"35":[0,2],"36":[2,2],"37":[0,2],"38":[2,2],"39":[0,2],"40":[0,2],"41":[0,2],"42":[2,0],"43":[2,0],"44":[0,2],"45":[0,2],"46":[6,30],"47":[6,24],"48":[6,0],"49":[0,26],"50":[26,26],"51":[0,26],"52":[1,25],"53":[1,24],"54":[0,24],"55":[23,1],"56":[1,1],"57":[0,1],"58":[1,2],"59":[0,2],"60":[0,2],"61":[1,2],"62":[0,2],"63":[0,2],"64":[0,2],"65":[0,2],"66":[0,2],"67":[0,2],"68":[0,2],"69":[1,0],"70":[2,0],"71":[2,0],"72":[2,2],"73":[0,2],"74":[0,2],"75":[0,2],"76":[0,2],"77":[1,0],"78":[2,0],"79":[0,2],"80":[0,2],"81":[0,2],"82":[2,2],"83":[0,2],"84":[0,2],"85":[1,1],"86":[1,0],"87":[5,1],"88":[3,2],"89":[5,3],"90":[3,2],"91":[5,3],"92":[0,5],"93":[0,5],"94":[1,0],"95":[1,5],"96":[0,5],"97":[1,4],"98":[1,3],"99":[0,3],"100":[0,3],"101":[0,3],"102":[0,0],"103":[0,0]},"_coverageSchema":"43e27e138ebf9cfc5966b082cf9a028302ed4184","hash":"2a546dbf4328b35de7a22b2a2640a1c24732e36c","contentHash":"af681fca3b92de8395b914496305340d"},"C:\\Users\\marco\\WebstormProjects\\SignuServer\\public\\routes\\app-err-codes-en.js":{"path":"C:\\Users\\marco\\WebstormProjects\\SignuServer\\public\\routes\\app-err-codes-en.js","statementMap":{"0":{"start":{"line":1,"column":18},"end":{"line":1,"column":20}},"1":{"start":{"line":3,"column":0},"end":{"line":3,"column":45}},"2":{"start":{"line":5,"column":0},"end":{"line":5,"column":89}},"3":{"start":{"line":6,"column":0},"end":{"line":6,"column":70}},"4":{"start":{"line":7,"column":0},"end":{"line":7,"column":70}},"5":{"start":{"line":8,"column":0},"end":{"line":8,"column":80}},"6":{"start":{"line":9,"column":0},"end":{"line":9,"column":114}},"7":{"start":{"line":10,"column":0},"end":{"line":10,"column":74}},"8":{"start":{"line":12,"column":0},"end":{"line":12,"column":68}},"9":{"start":{"line":13,"column":0},"end":{"line":13,"column":68}},"10":{"start":{"line":14,"column":0},"end":{"line":14,"column":68}},"11":{"start":{"line":15,"column":0},"end":{"line":15,"column":68}},"12":{"start":{"line":16,"column":0},"end":{"line":16,"column":66}},"13":{"start":{"line":17,"column":0},"end":{"line":17,"column":70}},"14":{"start":{"line":18,"column":0},"end":{"line":18,"column":84}},"15":{"start":{"line":21,"column":0},"end":{"line":21,"column":62}},"16":{"start":{"line":22,"column":0},"end":{"line":22,"column":52}},"17":{"start":{"line":23,"column":0},"end":{"line":23,"column":69}},"18":{"start":{"line":24,"column":0},"end":{"line":24,"column":56}},"19":{"start":{"line":25,"column":0},"end":{"line":25,"column":62}},"20":{"start":{"line":27,"column":0},"end":{"line":27,"column":54}},"21":{"start":{"line":28,"column":0},"end":{"line":28,"column":70}},"22":{"start":{"line":29,"column":0},"end":{"line":29,"column":66}},"23":{"start":{"line":30,"column":0},"end":{"line":30,"column":61}},"24":{"start":{"line":31,"column":0},"end":{"line":31,"column":63}},"25":{"start":{"line":32,"column":0},"end":{"line":32,"column":48}},"26":{"start":{"line":33,"column":0},"end":{"line":33,"column":70}},"27":{"start":{"line":37,"column":0},"end":{"line":37,"column":62}},"28":{"start":{"line":38,"column":0},"end":{"line":38,"column":71}},"29":{"start":{"line":39,"column":0},"end":{"line":39,"column":88}},"30":{"start":{"line":40,"column":0},"end":{"line":40,"column":64}},"31":{"start":{"line":41,"column":0},"end":{"line":41,"column":67}},"32":{"start":{"line":42,"column":0},"end":{"line":42,"column":69}},"33":{"start":{"line":43,"column":0},"end":{"line":43,"column":67}},"34":{"start":{"line":46,"column":0},"end":{"line":46,"column":60}},"35":{"start":{"line":47,"column":0},"end":{"line":47,"column":65}},"36":{"start":{"line":48,"column":0},"end":{"line":48,"column":71}},"37":{"start":{"line":49,"column":0},"end":{"line":49,"column":54}},"38":{"start":{"line":50,"column":0},"end":{"line":50,"column":93}},"39":{"start":{"line":51,"column":0},"end":{"line":51,"column":56}},"40":{"start":{"line":52,"column":0},"end":{"line":52,"column":70}},"41":{"start":{"line":53,"column":0},"end":{"line":53,"column":76}},"42":{"start":{"line":61,"column":0},"end":{"line":67,"column":2}},"43":{"start":{"line":62,"column":14},"end":{"line":65,"column":5}},"44":{"start":{"line":66,"column":4},"end":{"line":66,"column":15}},"45":{"start":{"line":74,"column":0},"end":{"line":80,"column":2}},"46":{"start":{"line":75,"column":4},"end":{"line":79,"column":5}},"47":{"start":{"line":76,"column":8},"end":{"line":76,"column":39}},"48":{"start":{"line":78,"column":8},"end":{"line":78,"column":69}}},"fnMap":{"0":{"name":"(anonymous_0)","decl":{"start":{"line":61,"column":26},"end":{"line":61,"column":27}},"loc":{"start":{"line":61,"column":47},"end":{"line":67,"column":1}},"line":61},"1":{"name":"(anonymous_1)","decl":{"start":{"line":74,"column":24},"end":{"line":74,"column":25}},"loc":{"start":{"line":74,"column":46},"end":{"line":80,"column":1}},"line":74}},"branchMap":{"0":{"loc":{"start":{"line":75,"column":4},"end":{"line":79,"column":5}},"type":"if","locations":[{"start":{"line":75,"column":4},"end":{"line":79,"column":5}},{"start":{"line":75,"column":4},"end":{"line":79,"column":5}}],"line":75}},"s":{"0":1,"1":1,"2":1,"3":1,"4":1,"5":1,"6":1,"7":1,"8":1,"9":1,"10":1,"11":1,"12":1,"13":1,"14":1,"15":1,"16":1,"17":1,"18":1,"19":1,"20":1,"21":1,"22":1,"23":1,"24":1,"25":1,"26":1,"27":1,"28":1,"29":1,"30":1,"31":1,"32":1,"33":1,"34":1,"35":1,"36":1,"37":1,"38":1,"39":1,"40":1,"41":1,"42":1,"43":11,"44":11,"45":1,"46":22,"47":22,"48":0},"f":{"0":11,"1":22},"b":{"0":[22,0]},"_coverageSchema":"43e27e138ebf9cfc5966b082cf9a028302ed4184","hash":"c0f04b93326042f0979cd90e72334d6f9b195354","contentHash":"f61df4909ba8163b71b8402db83d71fa"},"C:\\Users\\marco\\WebstormProjects\\SignuServer\\app.js":{"path":"C:\\Users\\marco\\WebstormProjects\\SignuServer\\app.js","statementMap":{"0":{"start":{"line":1,"column":14},"end":{"line":1,"column":32}},"1":{"start":{"line":2,"column":14},"end":{"line":2,"column":40}},"2":{"start":{"line":3,"column":11},"end":{"line":3,"column":26}},"3":{"start":{"line":4,"column":14},"end":{"line":4,"column":38}},"4":{"start":{"line":5,"column":13},"end":{"line":5,"column":30}},"5":{"start":{"line":6,"column":19},"end":{"line":6,"column":43}},"6":{"start":{"line":7,"column":17},"end":{"line":7,"column":39}},"7":{"start":{"line":8,"column":15},"end":{"line":8,"column":34}},"8":{"start":{"line":9,"column":23},"end":{"line":9,"column":51}},"9":{"start":{"line":10,"column":12},"end":{"line":10,"column":37}},"10":{"start":{"line":11,"column":12},"end":{"line":11,"column":42}},"11":{"start":{"line":12,"column":11},"end":{"line":12,"column":40}},"12":{"start":{"line":13,"column":13},"end":{"line":13,"column":30}},"13":{"start":{"line":14,"column":17},"end":{"line":14,"column":38}},"14":{"start":{"line":15,"column":16},"end":{"line":15,"column":45}},"15":{"start":{"line":16,"column":22},"end":{"line":16,"column":47}},"16":{"start":{"line":18,"column":10},"end":{"line":18,"column":19}},"17":{"start":{"line":22,"column":0},"end":{"line":22,"column":28}},"18":{"start":{"line":24,"column":0},"end":{"line":28,"column":3}},"19":{"start":{"line":30,"column":0},"end":{"line":30,"column":48}},"20":{"start":{"line":31,"column":0},"end":{"line":31,"column":31}},"21":{"start":{"line":34,"column":0},"end":{"line":34,"column":64}},"22":{"start":{"line":35,"column":0},"end":{"line":35,"column":23}},"23":{"start":{"line":36,"column":0},"end":{"line":36,"column":27}},"24":{"start":{"line":37,"column":0},"end":{"line":37,"column":94}},"25":{"start":{"line":38,"column":0},"end":{"line":38,"column":28}},"26":{"start":{"line":39,"column":0},"end":{"line":39,"column":24}},"27":{"start":{"line":40,"column":0},"end":{"line":40,"column":56}},"28":{"start":{"line":42,"column":0},"end":{"line":42,"column":72}},"29":{"start":{"line":43,"column":0},"end":{"line":43,"column":20}},"30":{"start":{"line":44,"column":0},"end":{"line":44,"column":29}},"31":{"start":{"line":45,"column":0},"end":{"line":45,"column":27}},"32":{"start":{"line":48,"column":0},"end":{"line":52,"column":3}},"33":{"start":{"line":49,"column":12},"end":{"line":49,"column":34}},"34":{"start":{"line":50,"column":2},"end":{"line":50,"column":19}},"35":{"start":{"line":51,"column":2},"end":{"line":51,"column":12}},"36":{"start":{"line":55,"column":0},"end":{"line":63,"column":3}},"37":{"start":{"line":57,"column":2},"end":{"line":57,"column":35}},"38":{"start":{"line":58,"column":2},"end":{"line":58,"column":69}},"39":{"start":{"line":61,"column":2},"end":{"line":61,"column":32}},"40":{"start":{"line":62,"column":2},"end":{"line":62,"column":22}},"41":{"start":{"line":66,"column":0},"end":{"line":66,"column":34}},"42":{"start":{"line":67,"column":0},"end":{"line":67,"column":32}},"43":{"start":{"line":69,"column":0},"end":{"line":69,"column":21}}},"fnMap":{"0":{"name":"(anonymous_0)","decl":{"start":{"line":48,"column":8},"end":{"line":48,"column":9}},"loc":{"start":{"line":48,"column":33},"end":{"line":52,"column":1}},"line":48},"1":{"name":"(anonymous_1)","decl":{"start":{"line":55,"column":8},"end":{"line":55,"column":9}},"loc":{"start":{"line":55,"column":38},"end":{"line":63,"column":1}},"line":55}},"branchMap":{"0":{"loc":{"start":{"line":58,"column":21},"end":{"line":58,"column":68}},"type":"cond-expr","locations":[{"start":{"line":58,"column":60},"end":{"line":58,"column":63}},{"start":{"line":58,"column":66},"end":{"line":58,"column":68}}],"line":58},"1":{"loc":{"start":{"line":61,"column":13},"end":{"line":61,"column":30}},"type":"binary-expr","locations":[{"start":{"line":61,"column":13},"end":{"line":61,"column":23}},{"start":{"line":61,"column":27},"end":{"line":61,"column":30}}],"line":61}},"s":{"0":1,"1":1,"2":1,"3":1,"4":1,"5":1,"6":1,"7":1,"8":1,"9":1,"10":1,"11":1,"12":1,"13":1,"14":1,"15":1,"16":1,"17":1,"18":1,"19":1,"20":1,"21":1,"22":1,"23":1,"24":1,"25":1,"26":1,"27":1,"28":1,"29":1,"30":1,"31":1,"32":1,"33":0,"34":0,"35":0,"36":1,"37":0,"38":0,"39":0,"40":0,"41":1,"42":1,"43":1},"f":{"0":0,"1":0},"b":{"0":[0,0],"1":[0,0]},"_coverageSchema":"43e27e138ebf9cfc5966b082cf9a028302ed4184","hash":"ea168fb29463c02a9f0e2975afb4fb2444ce1adc","contentHash":"5a494dfbeac90ec44e64d52509e48416"},"C:\\Users\\marco\\WebstormProjects\\SignuServer\\routes\\index.js":{"path":"C:\\Users\\marco\\WebstormProjects\\SignuServer\\routes\\index.js","statementMap":{"0":{"start":{"line":1,"column":14},"end":{"line":1,"column":32}},"1":{"start":{"line":2,"column":13},"end":{"line":2,"column":29}},"2":{"start":{"line":3,"column":17},"end":{"line":3,"column":45}},"3":{"start":{"line":6,"column":0},"end":{"line":8,"column":3}},"4":{"start":{"line":7,"column":2},"end":{"line":7,"column":48}},"5":{"start":{"line":10,"column":0},"end":{"line":12,"column":3}},"6":{"start":{"line":11,"column":4},"end":{"line":11,"column":50}},"7":{"start":{"line":14,"column":0},"end":{"line":16,"column":3}},"8":{"start":{"line":15,"column":3},"end":{"line":15,"column":51}},"9":{"start":{"line":22,"column":0},"end":{"line":24,"column":3}},"10":{"start":{"line":23,"column":4},"end":{"line":23,"column":60}},"11":{"start":{"line":26,"column":0},"end":{"line":28,"column":3}},"12":{"start":{"line":27,"column":4},"end":{"line":27,"column":58}},"13":{"start":{"line":30,"column":0},"end":{"line":32,"column":3}},"14":{"start":{"line":31,"column":4},"end":{"line":31,"column":60}},"15":{"start":{"line":34,"column":0},"end":{"line":36,"column":3}},"16":{"start":{"line":35,"column":4},"end":{"line":35,"column":60}},"17":{"start":{"line":38,"column":0},"end":{"line":40,"column":3}},"18":{"start":{"line":39,"column":4},"end":{"line":39,"column":60}},"19":{"start":{"line":42,"column":0},"end":
[...]
d":{"line":314,"column":1}},"line":306},"22":{"name":"signPdf","decl":{"start":{"line":321,"column":9},"end":{"line":321,"column":16}},"loc":{"start":{"line":321,"column":27},"end":{"line":387,"column":1}},"line":321},"23":{"name":"(anonymous_23)","decl":{"start":{"line":330,"column":43},"end":{"line":330,"column":44}},"loc":{"start":{"line":330,"column":63},"end":{"line":385,"column":9}},"line":330},"24":{"name":"(anonymous_24)","decl":{"start":{"line":343,"column":53},"end":{"line":343,"column":54}},"loc":{"start":{"line":343,"column":69},"end":{"line":345,"column":17}},"line":343},"25":{"name":"(anonymous_25)","decl":{"start":{"line":354,"column":40},"end":{"line":354,"column":41}},"loc":{"start":{"line":354,"column":55},"end":{"line":382,"column":21}},"line":354},"26":{"name":"(anonymous_26)","decl":{"start":{"line":368,"column":82},"end":{"line":368,"column":83}},"loc":{"start":{"line":368,"column":102},"end":{"line":380,"column":29}},"line":368},"27":{"name":"deletePdf","decl":{"start":{"line":399,"column":9},"end":{"line":399,"column":18}},"loc":{"start":{"line":399,"column":29},"end":{"line":434,"column":1}},"line":399},"28":{"name":"(anonymous_28)","decl":{"start":{"line":404,"column":45},"end":{"line":404,"column":46}},"loc":{"start":{"line":404,"column":65},"end":{"line":432,"column":9}},"line":404},"29":{"name":"(anonymous_29)","decl":{"start":{"line":412,"column":36},"end":{"line":412,"column":37}},"loc":{"start":{"line":412,"column":59},"end":{"line":430,"column":17}},"line":412},"30":{"name":"(anonymous_30)","decl":{"start":{"line":416,"column":70},"end":{"line":416,"column":71}},"loc":{"start":{"line":416,"column":90},"end":{"line":428,"column":25}},"line":416},"31":{"name":"(anonymous_31)","decl":{"start":{"line":436,"column":26},"end":{"line":436,"column":27}},"loc":{"start":{"line":436,"column":52},"end":{"line":438,"column":1}},"line":436},"32":{"name":"(anonymous_32)","decl":{"start":{"line":443,"column":30},"end":{"line":443,"column":31}},"loc":{"start":{"line":443,"column":56},"end":{"line":455,"column":1}},"line":443},"33":{"name":"(anonymous_33)","decl":{"start":{"line":444,"column":41},"end":{"line":444,"column":42}},"loc":{"start":{"line":444,"column":61},"end":{"line":454,"column":5}},"line":444}},"branchMap":{"0":{"loc":{"start":{"line":27,"column":4},"end":{"line":50,"column":5}},"type":"if","locations":[{"start":{"line":27,"column":4},"end":{"line":50,"column":5}},{"start":{"line":27,"column":4},"end":{"line":50,"column":5}}],"line":27},"1":{"loc":{"start":{"line":31,"column":12},"end":{"line":48,"column":13}},"type":"if","locations":[{"start":{"line":31,"column":12},"end":{"line":48,"column":13}},{"start":{"line":31,"column":12},"end":{"line":48,"column":13}}],"line":31},"2":{"loc":{"start":{"line":33,"column":19},"end":{"line":48,"column":13}},"type":"if","locations":[{"start":{"line":33,"column":19},"end":{"line":48,"column":13}},{"start":{"line":33,"column":19},"end":{"line":48,"column":13}}],"line":33},"3":{"loc":{"start":{"line":36,"column":16},"end":{"line":47,"column":17}},"type":"if","locations":[{"start":{"line":36,"column":16},"end":{"line":47,"column":17}},{"start":{"line":36,"column":16},"end":{"line":47,"column":17}}],"line":36},"4":{"loc":{"start":{"line":42,"column":20},"end":{"line":46,"column":21}},"type":"if","locations":[{"start":{"line":42,"column":20},"end":{"line":46,"column":21}},{"start":{"line":42,"column":20},"end":{"line":46,"column":21}}],"line":42},"5":{"loc":{"start":{"line":64,"column":4},"end":{"line":96,"column":5}},"type":"if","locations":[{"start":{"line":64,"column":4},"end":{"line":96,"column":5}},{"start":{"line":64,"column":4},"end":{"line":96,"column":5}}],"line":64},"6":{"loc":{"start":{"line":70,"column":12},"end":{"line":94,"column":13}},"type":"if","locations":[{"start":{"line":70,"column":12},"end":{"line":94,"column":13}},{"start":{"line":70,"column":12},"end":{"line":94,"column":13}}],"line":70},"7":{"loc":{"start":{"line":72,"column":19},"end":{"line":94,"column":13}},"type":"if","locations":[{"start":{"line":72,"column":19},"end":{"line":94,"column":13}},{"start":{"line":72,"column":19},"end":{"line":94,"column":13}}],"line":72},"8":{"loc":{"start":{"line":74,"column":19},"end":{"line":94,"column":13}},"type":"if","locations":[{"start":{"line":74,"column":19},"end":{"line":94,"column":13}},{"start":{"line":74,"column":19},"end":{"line":94,"column":13}}],"line":74},"9":{"loc":{"start":{"line":74,"column":23},"end":{"line":74,"column":126}},"type":"binary-expr","locations":[{"start":{"line":74,"column":23},"end":{"line":74,"column":58}},{"start":{"line":74,"column":62},"end":{"line":74,"column":83}},{"start":{"line":74,"column":87},"end":{"line":74,"column":126}}],"line":74},"10":{"loc":{"start":{"line":80,"column":20},"end":{"line":90,"column":21}},"type":"if","locations":[{"start":{"line":80,"column":20},"end":{"line":90,"column":21}},{"start":{"line":80,"column":20},"end":{"line":90,"column":21}}],"line":80},"11":{"loc":{"start":{"line":82,"column":27},"end":{"line":90,"column":21}},"type":"if","locations":[{"start":{"line":82,"column":27},"end":{"line":90,"column":21}},{"start":{"line":82,"column":27},"end":{"line":90,"column":21}}],"line":82},"12":{"loc":{"start":{"line":100,"column":4},"end":{"line":104,"column":5}},"type":"if","locations":[{"start":{"line":100,"column":4},"end":{"line":104,"column":5}},{"start":{"line":100,"column":4},"end":{"line":104,"column":5}}],"line":100},"13":{"loc":{"start":{"line":117,"column":4},"end":{"line":164,"column":5}},"type":"if","locations":[{"start":{"line":117,"column":4},"end":{"line":164,"column":5}},{"start":{"line":117,"column":4},"end":{"line":164,"column":5}}],"line":117},"14":{"loc":{"start":{"line":134,"column":8},"end":{"line":148,"column":9}},"type":"if","locations":[{"start":{"line":134,"column":8},"end":{"line":148,"column":9}},{"start":{"line":134,"column":8},"end":{"line":148,"column":9}}],"line":134},"15":{"loc":{"start":{"line":143,"column":16},"end":{"line":146,"column":17}},"type":"if","locations":[{"start":{"line":143,"column":16},"end":{"line":146,"column":17}},{"start":{"line":143,"column":16},"end":{"line":146,"column":17}}],"line":143},"16":{"loc":{"start":{"line":153,"column":12},"end":{"line":162,"column":13}},"type":"if","locations":[{"start":{"line":153,"column":12},"end":{"line":162,"column":13}},{"start":{"line":153,"column":12},"end":{"line":162,"column":13}}],"line":153},"17":{"loc":{"start":{"line":172,"column":4},"end":{"line":176,"column":5}},"type":"if","locations":[{"start":{"line":172,"column":4},"end":{"line":176,"column":5}},{"start":{"line":172,"column":4},"end":{"line":176,"column":5}}],"line":172},"18":{"loc":{"start":{"line":181,"column":4},"end":{"line":231,"column":5}},"type":"if","locations":[{"start":{"line":181,"column":4},"end":{"line":231,"column":5}},{"start":{"line":181,"column":4},"end":{"line":231,"column":5}}],"line":181},"19":{"loc":{"start":{"line":185,"column":12},"end":{"line":229,"column":13}},"type":"if","locations":[{"start":{"line":185,"column":12},"end":{"line":229,"column":13}},{"start":{"line":185,"column":12},"end":{"line":229,"column":13}}],"line":185},"20":{"loc":{"start":{"line":187,"column":19},"end":{"line":229,"column":13}},"type":"if","locations":[{"start":{"line":187,"column":19},"end":{"line":229,"column":13}},{"start":{"line":187,"column":19},"end":{"line":229,"column":13}}],"line":187},"21":{"loc":{"start":{"line":189,"column":19},"end":{"line":229,"column":13}},"type":"if","locations":[{"start":{"line":189,"column":19},"end":{"line":229,"column":13}},{"start":{"line":189,"column":19},"end":{"line":229,"column":13}}],"line":189},"22":{"loc":{"start":{"line":191,"column":19},"end":{"line":229,"column":13}},"type":"if","locations":[{"start":{"line":191,"column":19},"end":{"line":229,"column":13}},{"start":{"line":191,"column":19},"end":{"line":229,"column":13}}],"line":191},"23":{"loc":{"start":{"line":202,"column":20},"end":{"line":209,"column":21}},"type":"if","locations":[{"start":{"line":202,"column":20},"end":{"line":209,"column":21}},{"start":{"line":202,"column":20},"end":{"line":209,"column":21}}],"line":202},"24":{"loc":{"start":{"line":202,"column":24},"end":{"line":202,"column":49}},"type":"binary-expr","locations":[{"start":{"line":202,"column":24},"end":{"line":202,"column":34}},{"start":{"line":202,"column":38},"end":{"line":202,"column":49}}],"line":202},"25":{"loc":{"start":{"line":211,"column":16},"end":{"line":228,"column":17}},"type":"if","locations":[{"start":{"line":211,"column":16},"end":{"line":228,"column":17}},{"start":{"line":211,"column":16},"end":{"line":228,"column":17}}],"line":211},"26":{"loc":{"start":{"line":216,"column":24},"end":{"line":226,"column":25}},"type":"if","locations":[{"start":{"line":216,"column":24},"end":{"line":226,"column":25}},{"start":{"line":216,"column":24},"end":{"line":226,"column":25}}],"line":216},"27":{"loc":{"start":{"line":218,"column":31},"end":{"line":226,"column":25}},"type":"if","locations":[{"start":{"line":218,"column":31},"end":{"line":226,"column":25}},{"start":{"line":218,"column":31},"end":{"line":226,"column":25}}],"line":218},"28":{"loc":{"start":{"line":239,"column":4},"end":{"line":243,"column":5}},"type":"if","locations":[{"start":{"line":239,"column":4},"end":{"line":243,"column":5}},{"start":{"line":239,"column":4},"end":{"line":243,"column":5}}],"line":239},"29":{"loc":{"start":{"line":248,"column":4},"end":{"line":282,"column":5}},"type":"if","locations":[{"start":{"line":248,"column":4},"end":{"line":282,"column":5}},{"start":{"line":248,"column":4},"end":{"line":282,"column":5}}],"line":248},"30":{"loc":{"start":{"line":252,"column":12},"end":{"line":280,"column":13}},"type":"if","locations":[{"start":{"line":252,"column":12},"end":{"line":280,"column":13}},{"start":{"line":252,"column":12},"end":{"line":280,"column":13}}],"line":252},"31":{"loc":{"start":{"line":254,"column":19},"end":{"line":280,"column":13}},"type":"if","locations":[{"start":{"line":254,"column":19},"end":{"line":280,"column":13}},{"start":{"line":254,"column":19},"end":{"line":280,"column":13}}],"line":254},"32":{"loc":{"start":{"line":256,"column":19},"end":{"line":280,"column":13}},"type":"if","locations":[{"start":{"line":256,"column":19},"end":{"line":280,"column":13}},{"start":{"line":256,"column":19},"end":{"line":280,"column":13}}],"line":256},"33":{"loc":{"start":{"line":258,"column":19},"end":{"line":280,"column":13}},"type":"if","locations":[{"start":{"line":258,"column":19},"end":{"line":280,"column":13}},{"start":{"line":258,"column":19},"end":{"line":280,"column":13}}],"line":258},"34":{"loc":{"start":{"line":266,"column":20},"end":{"line":278,"column":21}},"type":"if","locations":[{"start":{"line":266,"column":20},"end":{"line":278,"column":21}},{"start":{"line":266,"column":20},"end":{"line":278,"column":21}}],"line":266},"35":{"loc":{"start":{"line":268,"column":27},"end":{"line":278,"column":21}},"type":"if","locations":[{"start":{"line":268,"column":27},"end":{"line":278,"column":21}},{"start":{"line":268,"column":27},"end":{"line":278,"column":21}}],"line":268},"36":{"loc":{"start":{"line":270,"column":27},"end":{"line":278,"column":21}},"type":"if","locations":[{"start":{"line":270,"column":27},"end":{"line":278,"column":21}},{"start":{"line":270,"column":27},"end":{"line":278,"column":21}}],"line":270},"37":{"loc":{"start":{"line":294,"column":8},"end":{"line":296,"column":9}},"type":"if","locations":[{"start":{"line":294,"column":8},"end":{"line":296,"column":9}},{"start":{"line":294,"column":8},"end":{"line":296,"column":9}}],"line":294},"38":{"loc":{"start":{"line":307,"column":4},"end":{"line":313,"column":5}},"type":"if","locations":[{"start":{"line":307,"column":4},"end":{"line":313,"column":5}},{"start":{"line":307,"column":4},"end":{"line":313,"column":5}}],"line":307},"39":{"loc":{"start":{"line":309,"column":11},"end":{"line":313,"column":5}},"type":"if","locations":[{"start":{"line":309,"column":11},"end":{"line":313,"column":5}},{"start":{"line":309,"column":11},"end":{"line":313,"column":5}}],"line":309},"40":{"loc":{"start":{"line":325,"column":4},"end":{"line":386,"column":5}},"type":"if","locations":[{"start":{"line":325,"column":4},"end":{"line":386,"column":5}},{"start":{"line":325,"column":4},"end":{"line":386,"column":5}}],"line":325},"41":{"loc":{"start":{"line":327,"column":11},"end":{"line":386,"column":5}},"type":"if","locations":[{"start":{"line":327,"column":11},"end":{"line":386,"column":5}},{"start":{"line":327,"column":11},"end":{"line":386,"column":5}}],"line":327},"42":{"loc":{"start":{"line":332,"column":12},"end":{"line":384,"column":13}},"type":"if","locations":[{"start":{"line":332,"column":12},"end":{"line":384,"column":13}},{"start":{"line":332,"column":12},"end":{"line":384,"column":13}}],"line":332},"43":{"loc":{"start":{"line":334,"column":19},"end":{"line":384,"column":13}},"type":"if","locations":[{"start":{"line":334,"column":19},"end":{"line":384,"column":13}},{"start":{"line":334,"column":19},"end":{"line":384,"column":13}}],"line":334},"44":{"loc":{"start":{"line":336,"column":19},"end":{"line":384,"column":13}},"type":"if","locations":[{"start":{"line":336,"column":19},"end":{"line":384,"column":13}},{"start":{"line":336,"column":19},"end":{"line":384,"column":13}}],"line":336},"45":{"loc":{"start":{"line":338,"column":19},"end":{"line":384,"column":13}},"type":"if","locations":[{"start":{"line":338,"column":19},"end":{"line":384,"column":13}},{"start":{"line":338,"column":19},"end":{"line":384,"column":13}}],"line":338},"46":{"loc":{"start":{"line":340,"column":19},"end":{"line":384,"column":13}},"type":"if","locations":[{"start":{"line":340,"column":19},"end":{"line":384,"column":13}},{"start":{"line":340,"column":19},"end":{"line":384,"column":13}}],"line":340},"47":{"loc":{"start":{"line":348,"column":16},"end":{"line":383,"column":17}},"type":"if","locations":[{"start":{"line":348,"column":16},"end":{"line":383,"column":17}},{"start":{"line":348,"column":16},"end":{"line":383,"column":17}}],"line":348},"48":{"loc":{"start":{"line":350,"column":23},"end":{"line":383,"column":17}},"type":"if","locations":[{"start":{"line":350,"column":23},"end":{"line":383,"column":17}},{"start":{"line":350,"column":23},"end":{"line":383,"column":17}}],"line":350},"49":{"loc":{"start":{"line":355,"column":24},"end":{"line":381,"column":25}},"type":"if","locations":[{"start":{"line":355,"column":24},"end":{"line":381,"column":25}},{"start":{"line":355,"column":24},"end":{"line":381,"column":25}}],"line":355},"50":{"loc":{"start":{"line":369,"column":32},"end":{"line":379,"column":33}},"type":"if","locations":[{"start":{"line":369,"column":32},"end":{"line":379,"column":33}},{"start":{"line":369,"column":32},"end":{"line":379,"column":33}}],"line":369},"51":{"loc":{"start":{"line":371,"column":39},"end":{"line":379,"column":33}},"type":"if","locations":[{"start":{"line":371,"column":39},"end":{"line":379,"column":33}},{"start":{"line":371,"column":39},"end":{"line":379,"column":33}}],"line":371},"52":{"loc":{"start":{"line":401,"column":4},"end":{"line":433,"column":5}},"type":"if","locations":[{"start":{"line":401,"column":4},"end":{"line":433,"column":5}},{"start":{"line":401,"column":4},"end":{"line":433,"column":5}}],"line":401},"53":{"loc":{"start":{"line":405,"column":12},"end":{"line":431,"column":13}},"type":"if","locations":[{"start":{"line":405,"column":12},"end":{"line":431,"column":13}},{"start":{"line":405,"column":12},"end":{"line":431,"column":13}}],"line":405},"54":{"loc":{"start":{"line":407,"column":19},"end":{"line":431,"column":13}},"type":"if","locations":[{"start":{"line":407,"column":19},"end":{"line":431,"column":13}},{"start":{"line":407,"column":19},"end":{"line":431,"column":13}}],"line":407},"55":{"loc":{"start":{"line":409,"column":19},"end":{"line":431,"column":13}},"type":"if","locations":[{"start":{"line":409,"column":19},"end":{"line":431,"column":13}},{"start":{"line":409,"column":19},"end":{"line":431,"column":13}}],"line":409},"56":{"loc":{"start":{"line":413,"column":20},"end":{"line":429,"column":21}},"type":"if","locations":[{"start":{"line":413,"column":20},"end":{"line":429,"column":21}},{"start":{"line":413,"column":20},"end":{"line":429,"column":21}}],"line":413},"57":{"loc":{"start":{"line":417,"column":28},"end":{"line":427,"column":29}},"type":"if","locations":[{"start":{"line":417,"column":28},"end":{"line":427,"column":29}},{"start":{"line":417,"column":28},"end":{"line":427,"column":29}}],"line":417},"58":{"loc":{"start":{"line":419,"column":35},"end":{"line":427,"column":29}},"type":"if","locations":[{"start":{"line":419,"column":35},"end":{"line":427,"column":29}},{"start":{"line":419,"column":35},"end":{"line":427,"column":29}}],"line":419},"59":{"loc":{"start":{"line":445,"column":8},"end":{"line":453,"column":9}},"type":"if","locations":[{"start":{"line":445,"column":8},"end":{"line":453,"column":9}},{"start":{"line":445,"column":8},"end":{"line":453,"column":9}}],"line":445},"60":{"loc":{"start":{"line":447,"column":15},"end":{"line":453,"column":9}},"type":"if","locations":[{"start":{"line":447,"column":15},"end":{"line":453,"column":9}},{"start":{"line":447,"column":15},"end":{"line":453,"column":9}}],"line":447}},"s":{"0":1,"1":1,"2":1,"3":1,"4":1,"5":1,"6":1,"7":1,"8":1,"9":1,"10":1,"11":1,"12":1,"13":1,"14":1,"15":0,"16":0,"17":0,"18":0,"19":0,"20":0,"21":0,"22":0,"23":0,"24":0,"25":0,"26":0,"27":0,"28":0,"29":0,"30":0,"31":0,"32":0,"33":0,"34":0,"35":0,"36":0,"37":0,"38":0,"39":0,"40":0,"41":0,"42":0,"43":0,"44":0,"45":0,"46":0,"47":0,"48":0,"49":1,"50":0,"51":0,"52":0,"53":1,"54":0,"55":0,"56":0,"57":0,"58":0,"59":0,"60":0,"61":0,"62":0,"63":0,"64":0,"65":0,"66":0,"67":0,"68":0,"69":0,"70":0,"71":0,"72":0,"73":1,"74":1,"75":0,"76":0,"77":0,"78":0,"79":0,"80":0,"81":0,"82":0,"83":0,"84":0,"85":0,"86":0,"87":0,"88":0,"89":0,"90":0,"91":0,"92":0,"93":0,"94":0,"95":0,"96":0,"97":0,"98":0,"99":0,"100":0,"101":0,"102":0,"103":0,"104":0,"105":0,"106":0,"107":1,"108":1,"109":0,"110":0,"111":0,"112":0,"113":0,"114":0,"115":0,"116":0,"117":0,"118":0,"119":0,"120":0,"121":0,"122":0,"123":0,"124":0,"125":0,"126":0,"127":0,"128":0,"129":0,"130":0,"131":0,"132":0,"133":0,"134":0,"135":0,"136":0,"137":0,"138":1,"139":1,"140":0,"141":0,"142":0,"143":0,"144":0,"145":0,"146":0,"147":0,"148":0,"149":0,"150":0,"151":0,"152":0,"153":0,"154":0,"155":0,"156":0,"157":0,"158":0,"159":0,"160":0,"161":0,"162":0,"163":0,"164":0,"165":0,"166":0,"167":0,"168":0,"169":0,"170":0,"171":0,"172":0,"173":0,"174":0,"175":0,"176":0,"177":0,"178":0,"179":0,"180":0,"181":0,"182":0,"183":0,"184":0,"185":0,"186":1,"187":0,"188":0,"189":0,"190":0,"191":0,"192":0,"193":0,"194":0,"195":0,"196":0,"197":0,"198":0,"199":0,"200":0,"201":0,"202":0,"203":0,"204":0,"205":0,"206":0,"207":1,"208":0,"209":1,"210":0,"211":0,"212":0,"213":0,"214":0,"215":0,"216":1},"f":{"0":0,"1":0,"2":0,"3":0,"4":0,"5":0,"6":0,"7":0,"8":0,"9":0,"10":0,"11":0,"12":0,"13":0,"14":0,"15":0,"16":0,"17":0,"18":0,"19":0,"20":0,"21":0,"22":0,"23":0,"24":0,"25":0,"26":0,"27":0,"28":0,"29":0,"30":0,"31":0,"32":0,"33":0},"b":{"0":[0,0],"1":[0,0],"2":[0,0],"3":[0,0],"4":[0,0],"5":[0,0],"6":[0,0],"7":[0,0],"8":[0,0],"9":[0,0,0],"10":[0,0],"11":[0,0],"12":[0,0],"13":[0,0],"14":[0,0],"15":[0,0],"16":[0,0],"17":[0,0],"18":[0,0],"19":[0,0],"20":[0,0],"21":[0,0],"22":[0,0],"23":[0,0],"24":[0,0],"25":[0,0],"26":[0,0],"27":[0,0],"28":[0,0],"29":[0,0],"30":[0,0],"31":[0,0],"32":[0,0],"33":[0,0],"34":[0,0],"35":[0,0],"36":[0,0],"37":[0,0],"38":[0,0],"39":[0,0],"40":[0,0],"41":[0,0],"42":[0,0],"43":[0,0],"44":[0,0],"45":[0,0],"46":[0,0],"47":[0,0],"48":[0,0],"49":[0,0],"50":[0,0],"51":[0,0],"52":[0,0],"53":[0,0],"54":[0,0],"55":[0,0],"56":[0,0],"57":[0,0],"58":[0,0],"59":[0,0],"60":[0,0]},"_coverageSchema":"43e27e138ebf9cfc5966b082cf9a028302ed4184","hash":"cc9687ab8ca9d71dbe1289009769e824f0cccf47","contentHash":"93573e7bda5b0bd517c9e6342f8d837c"}}