{"C:\\Users\\marco\\WebstormProjects\\SignuServer\\public\\routes\\app-err-codes-en.js":{"path":"C:\\Users\\marco\\WebstormProjects\\SignuServer\\public\\routes\\app-err-codes-en.js","s":{"1":1,"2":1,"3":1,"4":1,"5":1,"6":1,"7":1,"8":1,"9":1,"10":1,"11":1,"12":1,"13":1,"14":1,"15":1,"16":1,"17":1,"18":1,"19":1,"20":1,"21":1,"22":1,"23":1,"24":1,"25":1,"26":1,"27":1,"28":1,"29":1,"30":1,"31":1,"32":1,"33":1,"34":1,"35":1,"36":1,"37":1,"38":1,"39":1,"40":1,"41":1,"42":1,"43":1,"44":1,"45":1,"46":1,"47":1,"48":1,"49":23,"50":23,"51":1,"52":100,"53":100,"54":0},"b":{"1":[100,0]},"f":{"1":23,"2":100},"fnMap":{"1":{"name":"(anonymous_1)","line":68,"loc":{"start":{"line":68,"column":21},"end":{"line":68,"column":43}}},"2":{"name":"(anonymous_2)","line":81,"loc":{"start":{"line":81,"column":24},"end":{"line":81,"column":46}}}},"statementMap":{"1":{"start":{"line":1,"column":0},"end":{"line":1,"column":21}},"2":{"start":{"line":3,"column":0},"end":{"line":3,"column":45}},"3":{"start":{"line":5,"column":0},"end":{"line":5,"column":87}},"4":{"start":{"line":6,"column":0},"end":{"line":6,"column":68}},"5":{"start":{"line":7,"column":0},"end":{"line":7,"column":68}},"6":{"start":{"line":8,"column":0},"end":{"line":8,"column":78}},"7":{"start":{"line":9,"column":0},"end":{"line":9,"column":112}},"8":{"start":{"line":10,"column":0},"end":{"line":10,"column":72}},"9":{"start":{"line":11,"column":0},"end":{"line":11,"column":71}},"10":{"start":{"line":13,"column":0},"end":{"line":13,"column":68}},"11":{"start":{"line":14,"column":0},"end":{"line":14,"column":68}},"12":{"start":{"line":15,"column":0},"end":{"line":15,"column":68}},"13":{"start":{"line":16,"column":0},"end":{"line":16,"column":68}},"14":{"start":{"line":17,"column":0},"end":{"line":17,"column":66}},"15":{"start":{"line":18,"column":0},"end":{"line":18,"column":70}},"16":{"start":{"line":19,"column":0},"end":{"line":19,"column":84}},"17":{"start":{"line":22,"column":0},"end":{"line":22,"column":62}},"18":{"start":{"line":23,"column":0},"end":{"line":23,"column":52}},"19":{"start":{"line":24,"column":0},"end":{"line":24,"column":69}},"20":{"start":{"line":25,"column":0},"end":{"line":25,"column":56}},"21":{"start":{"line":26,"column":0},"end":{"line":26,"column":62}},"22":{"start":{"line":27,"column":0},"end":{"line":27,"column":54}},"23":{"start":{"line":28,"column":0},"end":{"line":28,"column":70}},"24":{"start":{"line":29,"column":0},"end":{"line":29,"column":66}},"25":{"start":{"line":30,"column":0},"end":{"line":30,"column":61}},"26":{"start":{"line":31,"column":0},"end":{"line":31,"column":63}},"27":{"start":{"line":32,"column":0},"end":{"line":32,"column":48}},"28":{"start":{"line":33,"column":0},"end":{"line":33,"column":70}},"29":{"start":{"line":34,"column":0},"end":{"line":34,"column":60}},"30":{"start":{"line":37,"column":0},"end":{"line":37,"column":62}},"31":{"start":{"line":38,"column":0},"end":{"line":38,"column":71}},"32":{"start":{"line":39,"column":0},"end":{"line":39,"column":88}},"33":{"start":{"line":40,"column":0},"end":{"line":40,"column":64}},"34":{"start":{"line":41,"column":0},"end":{"line":41,"column":67}},"35":{"start":{"line":42,"column":0},"end":{"line":42,"column":69}},"36":{"start":{"line":43,"column":0},"end":{"line":43,"column":67}},"37":{"start":{"line":46,"column":0},"end":{"line":46,"column":60}},"38":{"start":{"line":47,"column":0},"end":{"line":47,"column":65}},"39":{"start":{"line":48,"column":0},"end":{"line":48,"column":71}},"40":{"start":{"line":49,"column":0},"end":{"line":49,"column":54}},"41":{"start":{"line":50,"column":0},"end":{"line":50,"column":93}},"42":{"start":{"line":51,"column":0},"end":{"line":51,"column":56}},"43":{"start":{"line":52,"column":0},"end":{"line":52,"column":70}},"44":{"start":{"line":53,"column":0},"end":{"line":53,"column":76}},"45":{"start":{"line":54,"column":0},"end":{"line":54,"column":113}},"46":{"start":{"line":57,"column":0},"end":{"line":57,"column":64}},"47":{"start":{"line":60,"column":0},"end":{"line":60,"column":66}},"48":{"start":{"line":68,"column":0},"end":{"line":74,"column":2}},"49":{"start":{"line":69,"column":4},"end":{"line":72,"column":6}},"50":{"start":{"line":73,"column":4},"end":{"line":73,"column":15}},"51":{"start":{"line":81,"column":0},"end":{"line":87,"column":2}},"52":{"start":{"line":82,"column":4},"end":{"line":86,"column":5}},"53":{"start":{"line":83,"column":8},"end":{"line":83,"column":39}},"54":{"start":{"line":85,"column":8},"end":{"line":85,"column":69}}},"branchMap":{"1":{"line":82,"type":"if","locations":[{"start":{"line":82,"column":4},"end":{"line":82,"column":4}},{"start":{"line":82,"column":4},"end":{"line":82,"column":4}}]}}},"C:\\Users\\marco\\WebstormProjects\\SignuServer\\routes\\models\\user.js":{"path":"C:\\Users\\marco\\WebstormProjects\\SignuServer\\routes\\models\\user.js","s":{"1":1,"2":1,"3":1,"4":1,"5":1,"6":1,"7":1,"8":219,"9":219,"10":0,"11":219,"12":219,"13":0,"14":219,"15":219,"16":1,"17":219,"18":219,"19":1,"20":56,"21":56,"22":0,"23":56,"24":1,"25":1},"b":{"1":[0,219],"2":[0,219],"3":[0,56]},"f":{"1":219,"2":219,"3":219,"4":219,"5":56,"6":56},"fnMap":{"1":{"name":"hashPassword","line":24,"loc":{"start":{"line":24,"column":0},"end":{"line":24,"column":34}}},"2":{"name":"(anonymous_2)","line":26,"loc":{"start":{"line":26,"column":37},"end":{"line":26,"column":58}}},"3":{"name":"(anonymous_3)","line":30,"loc":{"start":{"line":30,"column":41},"end":{"line":30,"column":62}}},"4":{"name":"(anonymous_4)","line":40,"loc":{"start":{"line":40,"column":23},"end":{"line":40,"column":39}}},"5":{"name":"(anonymous_5)","line":45,"loc":{"start":{"line":45,"column":37},"end":{"line":45,"column":70}}},"6":{"name":"(anonymous_6)","line":46,"loc":{"start":{"line":46,"column":53},"end":{"line":46,"column":77}}}},"statementMap":{"1":{"start":{"line":2,"column":0},"end":{"line":2,"column":37}},"2":{"start":{"line":3,"column":0},"end":{"line":3,"column":31}},"3":{"start":{"line":4,"column":0},"end":{"line":4,"column":31}},"4":{"start":{"line":5,"column":0},"end":{"line":5,"column":31}},"5":{"start":{"line":6,"column":0},"end":{"line":6,"column":26}},"6":{"start":{"line":9,"column":0},"end":{"line":22,"column":3}},"7":{"start":{"line":24,"column":0},"end":{"line":38,"column":1}},"8":{"start":{"line":26,"column":4},"end":{"line":37,"column":7}},"9":{"start":{"line":27,"column":8},"end":{"line":27,"column":34}},"10":{"start":{"line":27,"column":17},"end":{"line":27,"column":34}},"11":{"start":{"line":30,"column":8},"end":{"line":36,"column":11}},"12":{"start":{"line":31,"column":12},"end":{"line":31,"column":38}},"13":{"start":{"line":31,"column":21},"end":{"line":31,"column":38}},"14":{"start":{"line":34,"column":12},"end":{"line":34,"column":33}},"15":{"start":{"line":35,"column":12},"end":{"line":35,"column":19}},"16":{"start":{"line":40,"column":0},"end":{"line":43,"column":3}},"17":{"start":{"line":41,"column":4},"end":{"line":41,"column":20}},"18":{"start":{"line":42,"column":4},"end":{"line":42,"column":29}},"19":{"start":{"line":45,"column":0},"end":{"line":50,"column":2}},"20":{"start":{"line":46,"column":4},"end":{"line":49,"column":7}},"21":{"start":{"line":47,"column":8},"end":{"line":47,"column":32}},"22":{"start":{"line":47,"column":17},"end":{"line":47,"column":32}},"23":{"start":{"line":48,"column":8},"end":{"line":48,"column":26}},"24":{"start":{"line":52,"column":0},"end":{"line":52,"column":46}},"25":{"start":{"line":54,"column":0},"end":{"line":54,"column":22}}},"branchMap":{"1":{"line":27,"type":"if","locations":[{"start":{"line":27,"column":8},"end":{"line":27,"column":8}},{"start":{"line":27,"column":8},"end":{"line":27,"column":8}}]},"2":{"line":31,"type":"if","locations":[{"start":{"line":31,"column":12},"end":{"line":31,"column":12}},{"start":{"line":31,"column":12},"end":{"line":31,"column":12}}]},"3":{"line":47,"type":"if","locations":[{"start":{"line":47,"column":8},"end":{"line":47,"column":8}},{"start":{"line":47,"column":8},"end":{"line":47,"column":8}}]}}},"C:\\Users\\marco\\WebstormProjects\\SignuServer\\routes\\models\\pdf.js":{"path":"C:\\Users\\marco\\WebstormProjects\\SignuServer\\routes\\models\\pdf.js","s":{"1":1,"2":1,"3":1,"4":1,"5":1,"6":1},"b":{},"f":{},"fnMap":{},"statementMap":{"1":{"start":{"line":5,"column":0},"end":{"line":5,"column":37}},"2":{"start":{"line":6,"column":0},"end":{"line":6,"column":31}},"3":{"start":{"line":7,"column":0},"end":{"line":7,"column":31}},"4":{"start":{"line":8,"column":0},"end":{"line":21,"column":3}},"5":{"start":{"line":23,"column":0},"end":{"line":23,"column":43}},"6":{"start":{"line":25,"column":0},"end":{"line":25,"column":21}}},"branchMap":{}},"C:\\Users\\marco\\WebstormProjects\\SignuServer\\routes\\models\\client.js":{"path":"C:\\Users\\marco\\WebstormProjects\\SignuServer\\routes\\models\\client.js","s":{"1":1,"2":1,"3":1,"4":1,"5":1},"b":{},"f":{},"fnMap":{},"statementMap":{"1":{"start":{"line":1,"column":0},"end":{"line":1,"column":35}},"2":{"start":{"line":2,"column":0},"end":{"line":2,"column":31}},"3":{"start":{"line":4,"column":0},"end":{"line":7,"column":3}},"4":{"start":{"line":9,"column":0},"end":{"line":9,"column":52}},"5":{"start":{"line":11,"column":0},"end":{"line":11,"column":24}}},"branchMap":{}},"C:\\Users\\marco\\WebstormProjects\\SignuServer\\app.js":{"path":"C:\\Users\\marco\\WebstormProjects\\SignuServer\\app.js","s":{"1":1,"2":1,"3":1,"4":1,"5":1,"6":1,"7":1,"8":1,"9":1,"10":1,"11":1,"12":1,"13":1,"14":1,"15":1,"16":1,"17":1,"18":1,"19":1,"20":1,"21":1,"22":0,"23":1,"24":1,"25":1,"26":1,"27":1,"28":1,"29":1,"30":1,"31":1,"32":1,"33":1,"34":1,"35":1,"36":1,"37":1,"38":1,"39":1,"40":1,"41":1,"42":1,"43":1,"44":1,"45":1,"46":1,"47":12,"48":12,"49":12,"50":12,"51":1},"b":{"1":[0,1],"2":[0,12],"3":[12,11],"4":[12,0]},"f":{"1":1,"2":1,"3":12},"fnMap":{"1":{"name":"(anonymous_1)","line":25,"loc":{"start":{"line":25,"column":56},"end":{"line":25,"column":76}}},"2":{"name":"(anonymous_2)","line":73,"loc":{"start":{"line":73,"column":8},"end":{"line":73,"column":34}}},"3":{"name":"(anonymous_3)","line":80,"loc":{"start":{"line":80,"column":8},"end":{"line":80,"column":39}}}},"statementMap":{"1":{"start":{"line":1,"column":0},"end":{"line":1,"column":33}},"2":{"start":{"line":2,"column":0},"end":{"line":2,"column":41}},"3":{"start":{"line":3,"column":0},"end":{"line":3,"column":27}},"4":{"start":{"line":4,"column":0},"end":{"line":4,"column":39}},"5":{"start":{"line":5,"column":0},"end":{"line":5,"column":31}},"6":{"start":{"line":6,"column":0},"end":{"line":6,"column":44}},"7":{"start":{"line":7,"column":0},"end":{"line":7,"column":40}},"8":{"start":{"line":8,"column":0},"end":{"line":8,"column":35}},"9":{"start":{"line":9,"column":0},"end":{"line":9,"column":52}},"10":{"start":{"line":10,"column":0},"end":{"line":10,"column":38}},"11":{"start":{"line":11,"column":0},"end":{"line":11,"column":31}},"12":{"start":{"line":12,"column":0},"end":{"line":12,"column":46}},"13":{"start":{"line":13,"column":0},"end":{"line":13,"column":48}},"14":{"start":{"line":14,"column":0},"end":{"line":14,"column":44}},"15":{"start":{"line":15,"column":0},"end":{"line":15,"column":46}},"16":{"start":{"line":16,"column":0},"end":{"line":16,"column":60}},"17":{"start":{"line":18,"column":0},"end":{"line":18,"column":20}},"18":{"start":{"line":20,"column":0},"end":{"line":20,"column":91}},"19":{"start":{"line":21,"column":0},"end":{"line":21,"column":27}},"20":{"start":{"line":25,"column":0},"end":{"line":31,"column":3}},"21":{"start":{"line":26,"column":4},"end":{"line":30,"column":5}},"22":{"start":{"line":27,"column":8},"end":{"line":27,"column":71}},"23":{"start":{"line":29,"column":8},"end":{"line":29,"column":69}},"24":{"start":{"line":34,"column":0},"end":{"line":38,"column":3}},"25":{"start":{"line":39,"column":0},"end":{"line":39,"column":44}},"26":{"start":{"line":40,"column":0},"end":{"line":40,"column":34}},"27":{"start":{"line":43,"column":0},"end":{"line":43,"column":79}},"28":{"start":{"line":44,"column":0},"end":{"line":44,"column":76}},"29":{"start":{"line":48,"column":0},"end":{"line":48,"column":28}},"30":{"start":{"line":50,"column":0},"end":{"line":54,"column":4}},"31":{"start":{"line":56,"column":0},"end":{"line":56,"column":48}},"32":{"start":{"line":57,"column":0},"end":{"line":57,"column":31}},"33":{"start":{"line":59,"column":0},"end":{"line":59,"column":64}},"34":{"start":{"line":60,"column":0},"end":{"line":60,"column":23}},"35":{"start":{"line":62,"column":0},"end":{"line":62,"column":28}},"36":{"start":{"line":63,"column":0},"end":{"line":63,"column":24}},"37":{"start":{"line":64,"column":0},"end":{"line":64,"column":56}},"38":{"start":{"line":66,"column":0},"end":{"line":66,"column":72}},"39":{"start":{"line":67,"column":0},"end":{"line":67,"column":20}},"40":{"start":{"line":68,"column":0},"end":{"line":68,"column":34}},"41":{"start":{"line":69,"column":0},"end":{"line":69,"column":32}},"42":{"start":{"line":73,"column":0},"end":{"line":77,"column":3}},"43":{"start":{"line":74,"column":4},"end":{"line":74,"column":37}},"44":{"start":{"line":75,"column":4},"end":{"line":75,"column":21}},"45":{"start":{"line":76,"column":4},"end":{"line":76,"column":14}},"46":{"start":{"line":80,"column":0},"end":{"line":91,"column":3}},"47":{"start":{"line":82,"column":4},"end":{"line":82,"column":37}},"48":{"start":{"line":83,"column":4},"end":{"line":83,"column":71}},"49":{"start":{"line":86,"column":4},"end":{"line":89,"column":7}},"50":{"start":{"line":90,"column":4},"end":{"line":90,"column":24}},"51":{"start":{"line":93,"column":0},"end":{"line":93,"column":21}}},"branchMap":{"1":{"line":26,"type":"if","locations":[{"start":{"line":26,"column":4},"end":{"line":26,"column":4}},{"start":{"line":26,"column":4},"end":{"line":26,"column":4}}]},"2":{"line":83,"type":"cond-expr","locations":[{"start":{"line":83,"column":62},"end":{"line":83,"column":65}},{"start":{"line":83,"column":68},"end":{"line":83,"column":70}}]},"3":{"line":86,"type":"binary-expr","locations":[{"start":{"line":86,"column":15},"end":{"line":86,"column":25}},{"start":{"line":86,"column":29},"end":{"line":86,"column":51}}]},"4":{"line":88,"type":"binary-expr","locations":[{"start":{"line":88,"column":17},"end":{"line":88,"column":28}},{"start":{"line":88,"column":32},"end":{"line":88,"column":78}}]}}},"C:\\Users\\marco\\WebstormProjects\\SignuServer\\routes\\index.js":{"path":"C:\\Users\\marco\\WebstormProjects\\SignuServer\\routes\\index.js","s":{"1":1,"2":1,"3":1,"4":1,"5":0,"6":1,"7":0,"8":1,"9":0,"10":1,"11":0,"12":1,"13":0,"14":1,"15":0,"16":1,"17":0,"18":1,"19":0,"20":1,"21":0,"22":1,"23":0,"24":1,"25":0,"26":1},"b":{},"f":{"1":0,"2":0,"3":0,"4":0,"5":0,"6":0,"7":0,"8":0,"9":0,"10":0,"11":0},"fnMap":{"1":{"name":"(anonymous_1)","line":6,"loc":{"start":{"line":6,"column":16},"end":{"line":6,"column":41}}},"2":{"name":"(anonymous_2)","line":10,"loc":{"start":{"line":10,"column":21},"end":{"line":10,"column":47}}},"3":{"name":"(anonymous_3)","line":14,"loc":{"start":{"line":14,"column":22},"end":{"line":14,"column":46}}},"4":{"name":"(anonymous_4)","line":22,"loc":{"start":{"line":22,"column":22},"end":{"line":22,"column":46}}},"5":{"name":"(anonymous_5)","line":26,"loc":{"start":{"line":26,"column":22},"end":{"line":26,"column":46}}},"6":{"name":"(anonymous_6)","line":30,"loc":{"start":{"line":30,"column":26},"end":{"line":30,"column":52}}},"7":{"name":"(anonymous_7)","line":34,"loc":{"start":{"line":34,"column":26},"end":{"line":34,"column":52}}},"8":{"name":"(anonymous_8)","line":38,"loc":{"start":{"line":38,"column":26},"end":{"line":38,"column":52}}},"9":{"name":"(anonymous_9)","line":42,"loc":{"start":{"line":42,"column":28},"end":{"line":42,"column":52}}},"10":{"name":"(anonymous_10)","line":46,"loc":{"start":{"line":46,"column":31},"end":{"line":46,"column":55}}},"11":{"name":"sendStandardError","line":50,"loc":{"start":{"line":50,"column":27},"end":{"line":50,"column":68}}}},"statementMap":{"1":{"start":{"line":1,"column":0},"end":{"line":1,"column":33}},"2":{"start":{"line":2,"column":0},"end":{"line":2,"column":30}},"3":{"start":{"line":3,"column":0},"end":{"line":3,"column":46}},"4":{"start":{"line":6,"column":0},"end":{"line":8,"column":3}},"5":{"start":{"line":7,"column":2},"end":{"line":7,"column":48}},"6":{"start":{"line":10,"column":0},"end":{"line":12,"column":3}},"7":{"start":{"line":11,"column":4},"end":{"line":11,"column":50}},"8":{"start":{"line":14,"column":0},"end":{"line":16,"column":3}},"9":{"start":{"line":15,"column":3},"end":{"line":15,"column":51}},"10":{"start":{"line":22,"column":0},"end":{"line":24,"column":3}},"11":{"start":{"line":23,"column":4},"end":{"line":23,"column":60}},"12":{"start":{"line":26,"column":0},"end":{"line":28,"column":3}},"13":{"start":{"line":27,"column":4},"end":{"line":27,"column":58}},"14":{"start":{"line":30,"column":0},"end":{"line":32,"column":3}},"15":{"start":{"line":31,"column":4},"end":{"line":31,"column":60}},"16":{"start":{"line":34,"column":0},"end":{"line":36,"column":3}},"17":{"start":{"line":35,"column":4},"end":{"line":35,"column":60}},"18":{"start":{"line":38,"column":0},"end":{"line":40,"column":3}},"19":{"start":{"line":39,"column":4},"end":{"line":39,"column":60}},"20":{"start":{"line":42,"column":0},"end":{"line":44,"column":3}},"21":{"start":{"line":43,"column":4},"end":{"line":43,"column":106}},"22":{"start":{"line":46,"column":0},"end":{"line":48,"column":3}},"23":{"start":{"line":47,"column":4},"end":{"line":47,"column":113}},"24":{"start":{"line":50,"column":0},"end":{"line":55,"column":2}},"25":{"start":{"line":51,"column":4},"end":{"line":54,"column":7}},"26":{"start":{"line":57,"column":0},"end":{"line":57,"column":24}}},"branchMap":{}},"C:\\Users\\marco\\WebstormProjects\\SignuServer\\routes\\authorisation\\accessTokenModel.js":{"path":"C:\\Users\\marco\\WebstormProjects\\SignuServer\\routes\\authorisation\\accessTokenModel.js","s":{"1":1,"2":1,"3":1,"4":0,"5":0,"6":0,"7":0,"8":0,"9":0,"10":0,"11":0,"12":0,"13":0,"14":1,"15":0,"16":0,"17":0,"18":0,"19":0,"20":0,"21":0,"22":0,"23":0,"24":0,"25":0,"26":0,"27":1,"28":231,"29":1,"30":1,"31":1,"32":56,"33":1,"34":56,"35":1,"36":53,"37":53,"38":1,"39":56,"40":56,"41":0,"42":56,"43":1,"44":55,"45":1,"46":54,"47":54,"48":0,"49":54,"50":1,"51":53,"52":1},"b":{"1":[0,0],"2":[0,0],"3":[0,0],"4":[0,0],"5":[0,0],"6":[0,56],"7":[1,55],"8":[1,54],"9":[0,54],"10":[1,53]},"f":{"1":0,"2":0,"3":0,"4":0,"5":0,"6":0,"7":0,"8":231,"9":1,"10":56,"11":56,"12":53,"13":56,"14":56,"15":54},"fnMap":{"1":{"name":"(anonymous_1)","line":15,"loc":{"start":{"line":15,"column":22},"end":{"line":15,"column":34}}},"2":{"name":"(anonymous_2)","line":27,"loc":{"start":{"line":27,"column":16},"end":{"line":27,"column":39}}},"3":{"name":"(anonymous_3)","line":35,"loc":{"start":{"line":35,"column":14},"end":{"line":35,"column":35}}},"4":{"name":"(anonymous_4)","line":48,"loc":{"start":{"line":48,"column":11},"end":{"line":48,"column":23}}},"5":{"name":"(anonymous_5)","line":50,"loc":{"start":{"line":50,"column":21},"end":{"line":50,"column":45}}},"6":{"name":"(anonymous_6)","line":58,"loc":{"start":{"line":58,"column":20},"end":{"line":58,"column":43}}},"7":{"name":"(anonymous_7)","line":66,"loc":{"start":{"line":66,"column":19},"end":{"line":66,"column":41}}},"8":{"name":"(anonymous_8)","line":79,"loc":{"start":{"line":79,"column":21},"end":{"line":79,"column":54}}},"9":{"name":"(anonymous_9)","line":91,"loc":{"start":{"line":91,"column":24},"end":{"line":91,"column":56}}},"10":{"name":"(anonymous_10)","line":101,"loc":{"start":{"line":101,"column":16},"end":{"line":101,"column":60}}},"11":{"name":"(anonymous_11)","line":113,"loc":{"start":{"line":113,"column":23},"end":{"line":113,"column":64}}},"12":{"name":"(anonymous_12)","line":122,"loc":{"start":{"line":122,"column":22},"end":{"line":122,"column":80}}},"13":{"name":"(anonymous_13)","line":138,"loc":{"start":{"line":138,"column":14},"end":{"line":138,"column":54}}},"14":{"name":"(anonymous_14)","line":142,"loc":{"start":{"line":142,"column":7},"end":{"line":142,"column":26}}},"15":{"name":"(anonymous_15)","line":150,"loc":{"start":{"line":150,"column":43},"end":{"line":150,"column":67}}}},"statementMap":{"1":{"start":{"line":1,"column":0},"end":{"line":1,"column":35}},"2":{"start":{"line":7,"column":0},"end":{"line":9,"column":42}},"3":{"start":{"line":15,"column":0},"end":{"line":42,"column":2}},"4":{"start":{"line":17,"column":4},"end":{"line":20,"column":7}},"5":{"start":{"line":22,"column":4},"end":{"line":25,"column":7}},"6":{"start":{"line":27,"column":4},"end":{"line":33,"column":7}},"7":{"start":{"line":29,"column":8},"end":{"line":31,"column":9}},"8":{"start":{"line":30,"column":12},"end":{"line":30,"column":38}},"9":{"start":{"line":32,"column":8},"end":{"line":32,"column":46}},"10":{"start":{"line":35,"column":4},"end":{"line":41,"column":7}},"11":{"start":{"line":37,"column":8},"end":{"line":39,"column":9}},"12":{"start":{"line":38,"column":12},"end":{"line":38,"column":38}},"13":{"start":{"line":40,"column":8},"end":{"line":40,"column":42}},"14":{"start":{"line":48,"column":0},"end":{"line":73,"column":2}},"15":{"start":{"line":50,"column":4},"end":{"line":56,"column":7}},"16":{"start":{"line":52,"column":8},"end":{"line":54,"column":9}},"17":{"start":{"line":53,"column":12},"end":{"line":53,"column":38}},"18":{"start":{"line":55,"column":8},"end":{"line":55,"column":40}},"19":{"start":{"line":58,"column":4},"end":{"line":64,"column":7}},"20":{"start":{"line":60,"column":8},"end":{"line":62,"column":9}},"21":{"start":{"line":61,"column":12},"end":{"line":61,"column":38}},"22":{"start":{"line":63,"column":8},"end":{"line":63,"column":38}},"23":{"start":{"line":66,"column":4},"end":{"line":72,"column":7}},"24":{"start":{"line":68,"column":8},"end":{"line":70,"column":9}},"25":{"start":{"line":69,"column":12},"end":{"line":69,"column":38}},"26":{"start":{"line":71,"column":8},"end":{"line":71,"column":36}},"27":{"start":{"line":79,"column":0},"end":{"line":84,"column":2}},"28":{"start":{"line":81,"column":4},"end":{"line":83,"column":17}},"29":{"start":{"line":91,"column":0},"end":{"line":95,"column":1}},"30":{"start":{"line":92,"column":4},"end":{"line":94,"column":17}},"31":{"start":{"line":101,"column":0},"end":{"line":107,"column":2}},"32":{"start":{"line":103,"column":4},"end":{"line":106,"column":17}},"33":{"start":{"line":113,"column":0},"end":{"line":116,"column":2}},"34":{"start":{"line":115,"column":4},"end":{"line":115,"column":46}},"35":{"start":{"line":122,"column":0},"end":{"line":132,"column":2}},"36":{"start":{"line":124,"column":4},"end":{"line":129,"column":7}},"37":{"start":{"line":131,"column":4},"end":{"line":131,"column":25}},"38":{"start":{"line":138,"column":0},"end":{"line":161,"column":2}},"39":{"start":{"line":140,"column":4},"end":{"line":160,"column":7}},"40":{"start":{"line":143,"column":8},"end":{"line":159,"column":9}},"41":{"start":{"line":144,"column":12},"end":{"line":144,"column":26}},"42":{"start":{"line":145,"column":15},"end":{"line":159,"column":9}},"43":{"start":{"line":146,"column":12},"end":{"line":146,"column":50}},"44":{"start":{"line":147,"column":15},"end":{"line":159,"column":9}},"45":{"start":{"line":148,"column":12},"end":{"line":148,"column":54}},"46":{"start":{"line":150,"column":12},"end":{"line":158,"column":15}},"47":{"start":{"line":151,"column":16},"end":{"line":157,"column":17}},"48":{"start":{"line":152,"column":20},"end":{"line":152,"column":34}},"49":{"start":{"line":153,"column":23},"end":{"line":157,"column":17}},"50":{"start":{"line":154,"column":20},"end":{"line":154,"column":66}},"51":{"start":{"line":156,"column":20},"end":{"line":156,"column":40}},"52":{"start":{"line":167,"column":0},"end":{"line":174,"column":2}}},"branchMap":{"1":{"line":29,"type":"if","locations":[{"start":{"line":29,"column":8},"end":{"line":29,"column":8}},{"start":{"line":29,"column":8},"end":{"line":29,"column":8}}]},"2":{"line":37,"type":"if","locations":[{"start":{"line":37,"column":8},"end":{"line":37,"column":8}},{"start":{"line":37,"column":8},"end":{"line":37,"column":8}}]},"3":{"line":52,"type":"if","locations":[{"start":{"line":52,"column":8},"end":{"line":52,"column":8}},{"start":{"line":52,"column":8},"end":{"line":52,"column":8}}]},"4":{"line":60,"type":"if","locations":[{"start":{"line":60,"column":8},"end":{"line":60,"column":8}},{"start":{"line":60,"column":8},"end":{"line":60,"column":8}}]},"5":{"line":68,"type":"if","locations":[{"start":{"line":68,"column":8},"end":{"line":68,"column":8}},{"start":{"line":68,"column":8},"end":{"line":68,"column":8}}]},"6":{"line":143,"type":"if","locations":[{"start":{"line":143,"column":8},"end":{"line":143,"column":8}},{"start":{"line":143,"column":8},"end":{"line":143,"column":8}}]},"7":{"line":145,"type":"if","locations":[{"start":{"line":145,"column":15},"end":{"line":145,"column":15}},{"start":{"line":145,"column":15},"end":{"line":145,"column":15}}]},"8":{"line":147,"type":"if","locations":[{"start":{"line":147,"column":15},"end":{"line":147,"column":15}},{"start":{"line":147,"column":15},"end":{"line":147,"column":15}}]},"9":{"line":151,"type":"if","locations":[{"start":{"line":151,"column":16},"end":{"line":151,"column":16}},{"start":{"line":151,"column":16},"end":{"line":151,"column":16}}]},"10":{"line":153,"type":"if","locations":[{"start":{"line":153,"column":23},"end":{"line":153,"column":23}},{"start":{"line":153,"column":23},"end":{"line":153,"column":23}}]}}},"C:\\Users\\marco\\WebstormProjects\\SignuServer\\routes\\models\\token.js":{"path":"C:\\Users\\marco\\WebstormProjects\\SignuServer\\routes\\models\\token.js","s":{"1":1,"2":1,"3":1,"4":1,"5":1,"6":1,"7":1},"b":{},"f":{},"fnMap":{},"statementMap":{"1":{"start":{"line":1,"column":0},"end":{"line":1,"column":35}},"2":{"start":{"line":2,"column":0},"end":{"line":2,"column":31}},"3":{"start":{"line":3,"column":0},"end":{"line":3,"column":31}},"4":{"start":{"line":5,"column":0},"end":{"line":10,"column":3}},"5":{"start":{"line":13,"column":0},"end":{"line":13,"column":59}},"6":{"start":{"line":15,"column":0},"end":{"line":15,"column":49}},"7":{"start":{"line":17,"column":0},"end":{"line":17,"column":23}}},"branchMap":{}},"C:\\Users\\marco\\WebstormProjects\\SignuServer\\routes\\restrictedArea\\userRoutes.js":{"path":"C:\\Users\\marco\\WebstormProjects\\SignuServer\\routes\\restrictedArea\\userRoutes.js","s":{"1":1,"2":1,"3":1,"4":1,"5":1,"6":1,"7":1,"8":1,"9":1,"10":1,"11":1,"12":1,"13":1,"14":1,"15":1,"16":1,"17":1,"18":1,"19":1,"20":2,"21":1,"22":1,"23":1,"24":0,"25":1,"26":1,"27":1,"28":1,"29":0,"30":1,"31":1,"32":1,"33":1,"34":0,"35":1,"36":1,"37":1,"38":1,"39":0,"40":1,"41":1,"42":1,"43":0,"44":0,"45":0,"46":1,"47":1,"48":0,"49":0,"50":0,"51":1,"52":1,"53":0,"54":0,"55":0,"56":0,"57":0,"58":0,"59":0,"60":0,"61":0,"62":0,"63":0,"64":0,"65":0,"66":1,"67":5,"68":0,"69":5,"70":0,"71":5,"72":5,"73":5,"74":5,"75":5,"76":0,"77":5,"78":3,"79":3,"80":0,"81":3,"82":0,"83":3,"84":3,"85":3,"86":0,"87":0,"88":3,"89":3,"90":3,"91":3,"92":3,"93":3,"94":2,"95":1,"96":1,"97":0,"98":1,"99":1,"100":0,"101":1,"102":0,"103":1,"104":1,"105":1,"106":0,"107":0,"108":1,"109":1,"110":1,"111":1,"112":1,"113":1,"114":1,"115":1,"116":1,"117":0,"118":1,"119":0,"120":1,"121":1,"122":0,"123":1,"124":0,"125":1,"126":0,"127":1,"128":1,"129":1,"130":1,"131":1,"132":0,"133":1,"134":0,"135":1,"136":1,"137":1,"138":0,"139":0,"140":1,"141":2,"142":0,"143":2,"144":0,"145":2,"146":2,"147":0,"148":2,"149":0,"150":2,"151":0,"152":2,"153":2,"154":2,"155":2,"156":2,"157":0,"158":2,"159":0,"160":2,"161":2,"162":0,"163":0,"164":1,"165":6,"166":6,"167":6,"168":6,"169":0,"170":1,"171":7,"172":7,"173":7,"174":35,"175":7,"176":1,"177":1,"178":1,"179":1,"180":0,"181":1,"182":1,"183":54,"184":54,"185":54,"186":0,"187":54,"188":0,"189":54,"190":54,"191":0,"192":54,"193":0,"194":54,"195":1,"196":2,"197":2,"198":2,"199":0,"200":2,"201":0,"202":2,"203":2,"204":0,"205":2,"206":0,"207":2,"208":2,"209":0,"210":2,"211":0,"212":2,"213":2,"214":0,"215":2,"216":0,"217":2,"218":1,"219":2,"220":2,"221":2,"222":0,"223":2,"224":0,"225":2,"226":2,"227":2,"228":2,"229":2,"230":2,"231":2,"232":2,"233":2,"234":2,"235":2,"236":0,"237":2,"238":2,"239":0,"240":2,"241":0,"242":2,"243":2,"244":0,"245":2,"246":1,"247":2,"248":2,"249":2,"250":0,"251":2,"252":0,"253":2,"254":2,"255":0,"256":2,"257":0,"258":2,"259":0,"260":2,"261":2,"262":2,"263":2,"264":0,"265":2,"266":0,"267":2,"268":2,"269":2,"270":1,"271":5,"272":5,"273":5,"274":0,"275":5,"276":0,"277":5,"278":5,"279":3,"280":5,"281":3,"282":5,"283":5,"284":5,"285":0,"286":5,"287":0,"288":5,"289":5,"290":5,"291":1,"292":4,"293":4,"294":4,"295":0,"296":4,"297":0,"298":4,"299":4,"300":0,"301":4,"302":1,"303":3,"304":3,"305":0,"306":3,"307":0,"308":3,"309":0,"310":3,"311":3,"312":3,"313":1,"314":1,"315":1,"316":1,"317":0,"318":0,"319":0,"320":1,"321":2,"322":2,"323":2,"324":0,"325":2,"326":1,"327":1,"328":1},"b":{"1":[1,1],"2":[1,0],"3":[1,0],"4":[1,0],"5":[1,0],"6":[0,0],"7":[0,0],"8":[0,0],"9":[0,0],"10":[0,0],"11":[0,0],"12":[0,0],"13":[0,0],"14":[0,5],"15":[5,5],"16":[0,5],"17":[5,5],"18":[0,5],"19":[3,2],"20":[0,3],"21":[0,3],"22":[0,3],"23":[3,0],"24":[1,1],"25":[0,1],"26":[0,1],"27":[0,1],"28":[0,1],"29":[1,0],"30":[0,1],"31":[1,1],"32":[0,1],"33":[1,1],"34":[0,1],"35":[0,1],"36":[0,1],"37":[1,0],"38":[1,0],"39":[0,1],"40":[0,1],"41":[0,2],"42":[2,2],"43":[0,2],"44":[2,2],"45":[0,2],"46":[0,2],"47":[0,2],"48":[2,0],"49":[2,0],"50":[0,2],"51":[0,2],"52":[6,0],"53":[0,1],"54":[0,54],"55":[0,54],"56":[0,54],"57":[0,54],"58":[0,2],"59":[0,2],"60":[0,2],"61":[0,2],"62":[0,2],"63":[0,2],"64":[0,2],"65":[0,2],"66":[0,2],"67":[0,2],"68":[2,0],"69":[2,2],"70":[0,2],"71":[0,2],"72":[0,2],"73":[0,2],"74":[0,2],"75":[0,2],"76":[0,2],"77":[0,2],"78":[0,2],"79":[2,2],"80":[0,2],"81":[0,2],"82":[0,5],"83":[0,5],"84":[3,2],"85":[5,3],"86":[3,2],"87":[5,3],"88":[0,5],"89":[0,5],"90":[0,4],"91":[0,4],"92":[0,4],"93":[1,3],"94":[0,3],"95":[0,3],"96":[0,3],"97":[0,0],"98":[0,2]},"f":{"1":1,"2":2,"3":1,"4":1,"5":1,"6":0,"7":0,"8":0,"9":0,"10":0,"11":0,"12":0,"13":5,"14":5,"15":3,"16":3,"17":1,"18":1,"19":1,"20":1,"21":1,"22":1,"23":2,"24":2,"25":2,"26":6,"27":7,"28":1,"29":1,"30":54,"31":54,"32":54,"33":2,"34":2,"35":2,"36":2,"37":2,"38":2,"39":2,"40":2,"41":2,"42":2,"43":2,"44":2,"45":2,"46":5,"47":5,"48":5,"49":4,"50":4,"51":4,"52":3,"53":1,"54":0,"55":2,"56":2},"fnMap":{"1":{"name":"userRoutes","line":19,"loc":{"start":{"line":19,"column":0},"end":{"line":19,"column":25}}},"2":{"name":"(anonymous_2)","line":27,"loc":{"start":{"line":27,"column":44},"end":{"line":27,"column":70}}},"3":{"name":"(anonymous_3)","line":37,"loc":{"start":{"line":37,"column":49},"end":{"line":37,"column":75}}},"4":{"name":"(anonymous_4)","line":45,"loc":{"start":{"line":45,"column":52},"end":{"line":45,"column":78}}},"5":{"name":"(anonymous_5)","line":53,"loc":{"start":{"line":53,"column":51},"end":{"line":53,"column":77}}},"6":{"name":"(anonymous_6)","line":63,"loc":{"start":{"line":63,"column":30},"end":{"line":63,"column":56}}},"7":{"name":"(anonymous_7)","line":71,"loc":{"start":{"line":71,"column":34},"end":{"line":71,"column":60}}},"8":{"name":"checkUser","line":86,"loc":{"start":{"line":86,"column":0},"end":{"line":86,"column":25}}},"9":{"name":"(anonymous_9)","line":89,"loc":{"start":{"line":89,"column":34},"end":{"line":89,"column":52}}},"10":{"name":"(anonymous_10)","line":90,"loc":{"start":{"line":90,"column":33},"end":{"line":90,"column":53}}},"11":{"name":"(anonymous_11)","line":101,"loc":{"start":{"line":101,"column":35},"end":{"line":101,"column":53}}},"12":{"name":"(anonymous_12)","line":102,"loc":{"start":{"line":102,"column":33},"end":{"line":102,"column":53}}},"13":{"name":"createUser","line":122,"loc":{"start":{"line":122,"column":0},"end":{"line":122,"column":30}}},"14":{"name":"(anonymous_14)","line":142,"loc":{"start":{"line":142,"column":46},"end":{"line":142,"column":67}}},"15":{"name":"(anonymous_15)","line":147,"loc":{"start":{"line":147,"column":30},"end":{"line":147,"column":51}}},"16":{"name":"(anonymous_16)","line":162,"loc":{"start":{"line":162,"column":47},"end":{"line":162,"column":68}}},"17":{"name":"(anonymous_17)","line":185,"loc":{"start":{"line":185,"column":49},"end":{"line":185,"column":70}}},"18":{"name":"(anonymous_18)","line":189,"loc":{"start":{"line":189,"column":38},"end":{"line":189,"column":59}}},"19":{"name":"(anonymous_19)","line":204,"loc":{"start":{"line":204,"column":55},"end":{"line":204,"column":76}}},"20":{"name":"activateUser","line":241,"loc":{"start":{"line":241,"column":0},"end":{"line":241,"column":32}}},"21":{"name":"(anonymous_21)","line":248,"loc":{"start":{"line":248,"column":36},"end":{"line":248,"column":57}}},"22":{"name":"(anonymous_22)","line":262,"loc":{"start":{"line":262,"column":40},"end":{"line":262,"column":61}}},"23":{"name":"authNextEmail","line":293,"loc":{"start":{"line":293,"column":0},"end":{"line":293,"column":33}}},"24":{"name":"(anonymous_24)","line":300,"loc":{"start":{"line":300,"column":36},"end":{"line":300,"column":57}}},"25":{"name":"(anonymous_25)","line":315,"loc":{"start":{"line":315,"column":40},"end":{"line":315,"column":61}}},"26":{"name":"sendEmail","line":345,"loc":{"start":{"line":345,"column":0},"end":{"line":345,"column":38}}},"27":{"name":"generateRandomString","line":370,"loc":{"start":{"line":370,"column":0},"end":{"line":370,"column":38}}},"28":{"name":"logOutUser","line":384,"loc":{"start":{"line":384,"column":0},"end":{"line":384,"column":30}}},"29":{"name":"(anonymous_29)","line":386,"loc":{"start":{"line":386,"column":48},"end":{"line":386,"column":71}}},"30":{"name":"getInfoUser","line":400,"loc":{"start":{"line":400,"column":0},"end":{"line":400,"column":31}}},"31":{"name":"(anonymous_31)","line":402,"loc":{"start":{"line":402,"column":45},"end":{"line":402,"column":67}}},"32":{"name":"(anonymous_32)","line":408,"loc":{"start":{"line":408,"column":41},"end":{"line":408,"column":62}}},"33":{"name":"deleteUser","line":433,"loc":{"start":{"line":433,"column":0},"end":{"line":433,"column":30}}},"34":{"name":"(anonymous_34)","line":435,"loc":{"start":{"line":435,"column":45},"end":{"line":435,"column":67}}},"35":{"name":"(anonymous_35)","line":441,"loc":{"start":{"line":441,"column":41},"end":{"line":441,"column":62}}},"36":{"name":"(anonymous_36)","line":450,"loc":{"start":{"line":450,"column":60},"end":{"line":450,"column":84}}},"37":{"name":"(anonymous_37)","line":456,"loc":{"start":{"line":456,"column":66},"end":{"line":456,"column":87}}},"38":{"name":"editNextEmail","line":481,"loc":{"start":{"line":481,"column":0},"end":{"line":481,"column":33}}},"39":{"name":"(anonymous_39)","line":483,"loc":{"start":{"line":483,"column":45},"end":{"line":483,"column":67}}},"40":{"name":"(anonymous_40)","line":509,"loc":{"start":{"line":509,"column":35},"end":{"line":509,"column":56}}},"41":{"name":"(anonymous_41)","line":513,"loc":{"start":{"line":513,"column":80},"end":{"line":513,"column":101}}},"42":{"name":"editPassword","line":542,"loc":{"start":{"line":542,"column":0},"end":{"line":542,"column":32}}},"43":{"name":"(anonymous_43)","line":544,"loc":{"start":{"line":544,"column":45},"end":{"line":544,"column":67}}},"44":{"name":"(anonymous_44)","line":550,"loc":{"start":{"line":550,"column":41},"end":{"line":550,"column":62}}},"45":{"name":"(anonymous_45)","line":561,"loc":{"start":{"line":561,"column":34},"end":{"line":561,"column":55}}},"46":{"name":"editUser","line":590,"loc":{"start":{"line":590,"column":0},"end":{"line":590,"column":28}}},"47":{"name":"(anonymous_47)","line":592,"loc":{"start":{"line":592,"column":45},"end":{"line":592,"column":67}}},"48":{"name":"(anonymous_48)","line":606,"loc":{"start":{"line":606,"column":72},"end":{"line":606,"column":93}}},"49":{"name":"addRelated","line":630,"loc":{"start":{"line":630,"column":0},"end":{"line":630,"column":30}}},"50":{"name":"(anonymous_50)","line":632,"loc":{"start":{"line":632,"column":45},"end":{"line":632,"column":67}}},"51":{"name":"(anonymous_51)","line":638,"loc":{"start":{"line":638,"column":51},"end":{"line":638,"column":73}}},"52":{"name":"(anonymous_52)","line":647,"loc":{"start":{"line":647,"column":23},"end":{"line":647,"column":44}}},"53":{"name":"addPdfToUsers","line":678,"loc":{"start":{"line":678,"column":0},"end":{"line":678,"column":28}}},"54":{"name":"(anonymous_54)","line":681,"loc":{"start":{"line":681,"column":24},"end":{"line":681,"column":42}}},"55":{"name":"deletePdfOfUsers","line":694,"loc":{"start":{"line":694,"column":0},"end":{"line":694,"column":31}}},"56":{"name":"(anonymous_56)","line":696,"loc":{"start":{"line":696,"column":24},"end":{"line":696,"column":42}}}},"statementMap":{"1":{"start":{"line":5,"column":0},"end":{"line":5,"column":33}},"2":{"start":{"line":6,"column":0},"end":{"line":6,"column":30}},"3":{"start":{"line":7,"column":0},"end":{"line":7,"column":39}},"4":{"start":{"line":8,"column":0},"end":{"line":8,"column":37}},"5":{"start":{"line":9,"column":0},"end":{"line":9,"column":35}},"6":{"start":{"line":10,"column":0},"end":{"line":10,"column":68}},"7":{"start":{"line":11,"column":0},"end":{"line":11,"column":31}},"8":{"start":{"line":12,"column":0},"end":{"line":12,"column":46}},"9":{"start":{"line":13,"column":0},"end":{"line":13,"column":64}},"10":{"start":{"line":14,"column":0},"end":{"line":14,"column":38}},"11":{"start":{"line":15,"column":0},"end":{"line":15,"column":32}},"12":{"start":{"line":16,"column":0},"end":{"line":16,"column":54}},"13":{"start":{"line":17,"column":0},"end":{"line":17,"column":52}},"14":{"start":{"line":19,"column":0},"end":{"line":80,"column":1}},"15":{"start":{"line":20,"column":4},"end":{"line":20,"column":39}},"16":{"start":{"line":22,"column":4},"end":{"line":22,"column":62}},"17":{"start":{"line":23,"column":4},"end":{"line":23,"column":60}},"18":{"start":{"line":26,"column":4},"end":{"line":26,"column":53}},"19":{"start":{"line":27,"column":4},"end":{"line":35,"column":7}},"20":{"start":{"line":28,"column":8},"end":{"line":34,"column":9}},"21":{"start":{"line":29,"column":12},"end":{"line":29,"column":37}},"22":{"start":{"line":30,"column":15},"end":{"line":34,"column":9}},"23":{"start":{"line":31,"column":12},"end":{"line":31,"column":39}},"24":{"start":{"line":33,"column":12},"end":{"line":33,"column":87}},"25":{"start":{"line":36,"column":4},"end":{"line":36,"column":63}},"26":{"start":{"line":37,"column":4},"end":{"line":43,"column":7}},"27":{"start":{"line":38,"column":8},"end":{"line":42,"column":9}},"28":{"start":{"line":39,"column":12},"end":{"line":39,"column":36}},"29":{"start":{"line":41,"column":12},"end":{"line":41,"column":87}},"30":{"start":{"line":44,"column":4},"end":{"line":44,"column":65}},"31":{"start":{"line":45,"column":4},"end":{"line":51,"column":7}},"32":{"start":{"line":46,"column":8},"end":{"line":50,"column":9}},"33":{"start":{"line":47,"column":12},"end":{"line":47,"column":41}},"34":{"start":{"line":49,"column":12},"end":{"line":49,"column":87}},"35":{"start":{"line":52,"column":4},"end":{"line":52,"column":62}},"36":{"start":{"line":53,"column":4},"end":{"line":59,"column":7}},"37":{"start":{"line":54,"column":8},"end":{"line":58,"column":9}},"38":{"start":{"line":55,"column":12},"end":{"line":55,"column":39}},"39":{"start":{"line":57,"column":12},"end":{"line":57,"column":87}},"40":{"start":{"line":60,"column":4},"end":{"line":60,"column":58}},"41":{"start":{"line":62,"column":4},"end":{"line":62,"column":43}},"42":{"start":{"line":63,"column":4},"end":{"line":69,"column":7}},"43":{"start":{"line":64,"column":8},"end":{"line":68,"column":9}},"44":{"start":{"line":65,"column":12},"end":{"line":65,"column":41}},"45":{"start":{"line":67,"column":12},"end":{"line":67,"column":87}},"46":{"start":{"line":70,"column":4},"end":{"line":70,"column":48}},"47":{"start":{"line":71,"column":4},"end":{"line":77,"column":7}},"48":{"start":{"line":72,"column":8},"end":{"line":76,"column":9}},"49":{"start":{"line":73,"column":12},"end":{"line":73,"column":42}},"50":{"start":{"line":75,"column":12},"end":{"line":75,"column":87}},"51":{"start":{"line":79,"column":4},"end":{"line":79,"column":18}},"52":{"start":{"line":86,"column":0},"end":{"line":113,"column":1}},"53":{"start":{"line":88,"column":4},"end":{"line":98,"column":5}},"54":{"start":{"line":89,"column":8},"end":{"line":97,"column":11}},"55":{"start":{"line":90,"column":12},"end":{"line":96,"column":15}},"56":{"start":{"line":91,"column":16},"end":{"line":95,"column":17}},"57":{"start":{"line":92,"column":23},"end":{"line":95,"column":17}},"58":{"start":{"line":94,"column":20},"end":{"line":94,"column":90}},"59":{"start":{"line":100,"column":4},"end":{"line":110,"column":5}},"60":{"start":{"line":101,"column":8},"end":{"line":109,"column":11}},"61":{"start":{"line":102,"column":12},"end":{"line":108,"column":15}},"62":{"start":{"line":103,"column":16},"end":{"line":107,"column":17}},"63":{"start":{"line":104,"column":23},"end":{"line":107,"column":17}},"64":{"start":{"line":106,"column":20},"end":{"line":106,"column":91}},"65":{"start":{"line":112,"column":4},"end":{"line":112,"column":11}},"66":{"start":{"line":122,"column":0},"end":{"line":234,"column":1}},"67":{"start":{"line":124,"column":4},"end":{"line":233,"column":5}},"68":{"start":{"line":125,"column":8},"end":{"line":125,"column":83}},"69":{"start":{"line":126,"column":11},"end":{"line":233,"column":5}},"70":{"start":{"line":127,"column":8},"end":{"line":127,"column":83}},"71":{"start":{"line":129,"column":8},"end":{"line":129,"column":51}},"72":{"start":{"line":130,"column":8},"end":{"line":130,"column":21}},"73":{"start":{"line":131,"column":8},"end":{"line":141,"column":11}},"74":{"start":{"line":142,"column":8},"end":{"line":231,"column":11}},"75":{"start":{"line":143,"column":12},"end":{"line":230,"column":13}},"76":{"start":{"line":144,"column":16},"end":{"line":144,"column":104}},"77":{"start":{"line":145,"column":19},"end":{"line":230,"column":13}},"78":{"start":{"line":147,"column":16},"end":{"line":182,"column":19}},"79":{"start":{"line":148,"column":20},"end":{"line":181,"column":21}},"80":{"start":{"line":149,"column":24},"end":{"line":149,"column":112}},"81":{"start":{"line":150,"column":27},"end":{"line":181,"column":21}},"82":{"start":{"line":151,"column":24},"end":{"line":151,"column":103}},"83":{"start":{"line":153,"column":24},"end":{"line":161,"column":26}},"84":{"start":{"line":162,"column":24},"end":{"line":179,"column":27}},"85":{"start":{"line":163,"column":28},"end":{"line":178,"column":29}},"86":{"start":{"line":164,"column":32},"end":{"line":164,"column":46}},"87":{"start":{"line":165,"column":32},"end":{"line":165,"column":107}},"88":{"start":{"line":167,"column":32},"end":{"line":167,"column":58}},"89":{"start":{"line":168,"column":32},"end":{"line":168,"column":65}},"90":{"start":{"line":169,"column":32},"end":{"line":169,"column":56}},"91":{"start":{"line":170,"column":32},"end":{"line":172,"column":33}},"92":{"start":{"line":171,"column":36},"end":{"line":171,"column":64}},"93":{"start":{"line":173,"column":32},"end":{"line":177,"column":35}},"94":{"start":{"line":183,"column":19},"end":{"line":230,"column":13}},"95":{"start":{"line":185,"column":16},"end":{"line":226,"column":19}},"96":{"start":{"line":186,"column":20},"end":{"line":225,"column":21}},"97":{"start":{"line":187,"column":24},"end":{"line":187,"column":112}},"98":{"start":{"line":189,"column":24},"end":{"line":223,"column":27}},"99":{"start":{"line":190,"column":28},"end":{"line":222,"column":29}},"100":{"start":{"line":191,"column":32},"end":{"line":191,"column":120}},"101":{"start":{"line":192,"column":35},"end":{"line":222,"column":29}},"102":{"start":{"line":193,"column":32},"end":{"line":193,"column":111}},"103":{"start":{"line":195,"column":32},"end":{"line":203,"column":34}},"104":{"start":{"line":204,"column":32},"end":{"line":221,"column":35}},"105":{"start":{"line":205,"column":36},"end":{"line":220,"column":37}},"106":{"start":{"line":206,"column":40},"end":{"line":206,"column":54}},"107":{"start":{"line":207,"column":40},"end":{"line":207,"column":115}},"108":{"start":{"line":209,"column":40},"end":{"line":209,"column":66}},"109":{"start":{"line":210,"column":40},"end":{"line":210,"column":73}},"110":{"start":{"line":211,"column":40},"end":{"line":211,"column":64}},"111":{"start":{"line":212,"column":40},"end":{"line":214,"column":41}},"112":{"start":{"line":213,"column":44},"end":{"line":213,"column":72}},"113":{"start":{"line":215,"column":40},"end":{"line":219,"column":43}},"114":{"start":{"line":229,"column":16},"end":{"line":229,"column":96}},"115":{"start":{"line":241,"column":0},"end":{"line":286,"column":1}},"116":{"start":{"line":243,"column":4},"end":{"line":285,"column":5}},"117":{"start":{"line":244,"column":8},"end":{"line":244,"column":83}},"118":{"start":{"line":245,"column":11},"end":{"line":285,"column":5}},"119":{"start":{"line":246,"column":8},"end":{"line":246,"column":83}},"120":{"start":{"line":248,"column":8},"end":{"line":284,"column":11}},"121":{"start":{"line":249,"column":12},"end":{"line":283,"column":13}},"122":{"start":{"line":250,"column":16},"end":{"line":250,"column":104}},"123":{"start":{"line":251,"column":19},"end":{"line":283,"column":13}},"124":{"start":{"line":252,"column":16},"end":{"line":252,"column":104}},"125":{"start":{"line":253,"column":19},"end":{"line":283,"column":13}},"126":{"start":{"line":254,"column":16},"end":{"line":254,"column":94}},"127":{"start":{"line":256,"column":16},"end":{"line":282,"column":17}},"128":{"start":{"line":257,"column":20},"end":{"line":257,"column":70}},"129":{"start":{"line":258,"column":20},"end":{"line":279,"column":21}},"130":{"start":{"line":259,"column":24},"end":{"line":276,"column":27}},"131":{"start":{"line":263,"column":28},"end":{"line":275,"column":29}},"132":{"start":{"line":264,"column":32},"end":{"line":264,"column":118}},"133":{"start":{"line":265,"column":35},"end":{"line":275,"column":29}},"134":{"start":{"line":266,"column":32},"end":{"line":266,"column":109}},"135":{"start":{"line":268,"column":32},"end":{"line":268,"column":58}},"136":{"start":{"line":269,"column":32},"end":{"line":269,"column":60}},"137":{"start":{"line":270,"column":32},"end":{"line":274,"column":35}},"138":{"start":{"line":278,"column":24},"end":{"line":278,"column":105}},"139":{"start":{"line":281,"column":20},"end":{"line":281,"column":97}},"140":{"start":{"line":293,"column":0},"end":{"line":338,"column":1}},"141":{"start":{"line":295,"column":4},"end":{"line":337,"column":5}},"142":{"start":{"line":296,"column":8},"end":{"line":296,"column":83}},"143":{"start":{"line":297,"column":11},"end":{"line":337,"column":5}},"144":{"start":{"line":298,"column":8},"end":{"line":298,"column":83}},"145":{"start":{"line":300,"column":8},"end":{"line":336,"column":11}},"146":{"start":{"line":301,"column":12},"end":{"line":335,"column":13}},"147":{"start":{"line":302,"column":16},"end":{"line":302,"column":104}},"148":{"start":{"line":303,"column":19},"end":{"line":335,"column":13}},"149":{"start":{"line":304,"column":16},"end":{"line":304,"column":94}},"150":{"start":{"line":305,"column":19},"end":{"line":335,"column":13}},"151":{"start":{"line":306,"column":16},"end":{"line":306,"column":97}},"152":{"start":{"line":308,"column":16},"end":{"line":334,"column":17}},"153":{"start":{"line":309,"column":20},"end":{"line":309,"column":70}},"154":{"start":{"line":310,"column":20},"end":{"line":331,"column":21}},"155":{"start":{"line":311,"column":24},"end":{"line":328,"column":27}},"156":{"start":{"line":316,"column":28},"end":{"line":327,"column":29}},"157":{"start":{"line":317,"column":32},"end":{"line":317,"column":118}},"158":{"start":{"line":318,"column":35},"end":{"line":327,"column":29}},"159":{"start":{"line":319,"column":32},"end":{"line":319,"column":109}},"160":{"start":{"line":321,"column":32},"end":{"line":321,"column":58}},"161":{"start":{"line":322,"column":32},"end":{"line":326,"column":35}},"162":{"start":{"line":330,"column":24},"end":{"line":330,"column":105}},"163":{"start":{"line":333,"column":20},"end":{"line":333,"column":97}},"164":{"start":{"line":345,"column":0},"end":{"line":363,"column":1}},"165":{"start":{"line":347,"column":4},"end":{"line":354,"column":7}},"166":{"start":{"line":356,"column":4},"end":{"line":356,"column":33}},"167":{"start":{"line":358,"column":4},"end":{"line":362,"column":5}},"168":{"start":{"line":359,"column":8},"end":{"line":359,"column":20}},"169":{"start":{"line":361,"column":8},"end":{"line":361,"column":48}},"170":{"start":{"line":370,"column":0},"end":{"line":377,"column":1}},"171":{"start":{"line":371,"column":4},"end":{"line":371,"column":18}},"172":{"start":{"line":372,"column":4},"end":{"line":372,"column":84}},"173":{"start":{"line":374,"column":4},"end":{"line":375,"column":77}},"174":{"start":{"line":375,"column":8},"end":{"line":375,"column":77}},"175":{"start":{"line":376,"column":4},"end":{"line":376,"column":16}},"176":{"start":{"line":384,"column":0},"end":{"line":393,"column":1}},"177":{"start":{"line":385,"column":4},"end":{"line":385,"column":61}},"178":{"start":{"line":386,"column":4},"end":{"line":392,"column":7}},"179":{"start":{"line":387,"column":8},"end":{"line":391,"column":9}},"180":{"start":{"line":388,"column":12},"end":{"line":388,"column":100}},"181":{"start":{"line":390,"column":12},"end":{"line":390,"column":67}},"182":{"start":{"line":400,"column":0},"end":{"line":426,"column":1}},"183":{"start":{"line":401,"column":4},"end":{"line":401,"column":61}},"184":{"start":{"line":402,"column":4},"end":{"line":425,"column":7}},"185":{"start":{"line":403,"column":8},"end":{"line":424,"column":9}},"186":{"start":{"line":404,"column":12},"end":{"line":404,"column":100}},"187":{"start":{"line":405,"column":15},"end":{"line":424,"column":9}},"188":{"start":{"line":406,"column":12},"end":{"line":406,"column":92}},"189":{"start":{"line":408,"column":12},"end":{"line":423,"column":138}},"190":{"start":{"line":409,"column":16},"end":{"line":422,"column":17}},"191":{"start":{"line":410,"column":20},"end":{"line":410,"column":108}},"192":{"start":{"line":411,"column":23},"end":{"line":422,"column":17}},"193":{"start":{"line":412,"column":20},"end":{"line":415,"column":23}},"194":{"start":{"line":417,"column":20},"end":{"line":421,"column":23}},"195":{"start":{"line":433,"column":0},"end":{"line":474,"column":1}},"196":{"start":{"line":434,"column":4},"end":{"line":434,"column":61}},"197":{"start":{"line":435,"column":4},"end":{"line":473,"column":7}},"198":{"start":{"line":436,"column":8},"end":{"line":472,"column":9}},"199":{"start":{"line":437,"column":12},"end":{"line":437,"column":100}},"200":{"start":{"line":438,"column":15},"end":{"line":472,"column":9}},"201":{"start":{"line":439,"column":12},"end":{"line":439,"column":92}},"202":{"start":{"line":441,"column":12},"end":{"line":471,"column":15}},"203":{"start":{"line":442,"column":16},"end":{"line":470,"column":17}},"204":{"start":{"line":443,"column":20},"end":{"line":443,"column":108}},"205":{"start":{"line":444,"column":23},"end":{"line":470,"column":17}},"206":{"start":{"line":445,"column":20},"end":{"line":448,"column":23}},"207":{"start":{"line":450,"column":20},"end":{"line":469,"column":23}},"208":{"start":{"line":451,"column":24},"end":{"line":468,"column":25}},"209":{"start":{"line":452,"column":28},"end":{"line":452,"column":116}},"210":{"start":{"line":453,"column":31},"end":{"line":468,"column":25}},"211":{"start":{"line":454,"column":28},"end":{"line":454,"column":107}},"212":{"start":{"line":456,"column":28},"end":{"line":467,"column":31}},"213":{"start":{"line":457,"column":32},"end":{"line":466,"column":33}},"214":{"start":{"line":458,"column":36},"end":{"line":458,"column":124}},"215":{"start":{"line":459,"column":39},"end":{"line":466,"column":33}},"216":{"start":{"line":460,"column":36},"end":{"line":460,"column":124}},"217":{"start":{"line":462,"column":36},"end":{"line":465,"column":39}},"218":{"start":{"line":481,"column":0},"end":{"line":534,"column":1}},"219":{"start":{"line":482,"column":4},"end":{"line":482,"column":61}},"220":{"start":{"line":483,"column":4},"end":{"line":533,"column":7}},"221":{"start":{"line":484,"column":8},"end":{"line":532,"column":9}},"222":{"start":{"line":485,"column":12},"end":{"line":485,"column":100}},"223":{"start":{"line":486,"column":15},"end":{"line":532,"column":9}},"224":{"start":{"line":487,"column":12},"end":{"line":487,"column":92}},"225":{"start":{"line":489,"column":12},"end":{"line":489,"column":55}},"226":{"start":{"line":490,"column":12},"end":{"line":490,"column":29}},"227":{"start":{"line":491,"column":12},"end":{"line":491,"column":30}},"228":{"start":{"line":492,"column":12},"end":{"line":497,"column":13}},"229":{"start":{"line":493,"column":16},"end":{"line":493,"column":40}},"230":{"start":{"line":494,"column":16},"end":{"line":494,"column":58}},"231":{"start":{"line":495,"column":16},"end":{"line":495,"column":53}},"232":{"start":{"line":496,"column":16},"end":{"line":496,"column":55}},"233":{"start":{"line":498,"column":12},"end":{"line":508,"column":14}},"234":{"start":{"line":509,"column":12},"end":{"line":531,"column":15}},"235":{"start":{"line":510,"column":16},"end":{"line":530,"column":17}},"236":{"start":{"line":511,"column":20},"end":{"line":511,"column":95}},"237":{"start":{"line":513,"column":20},"end":{"line":529,"column":23}},"238":{"start":{"line":514,"column":24},"end":{"line":528,"column":25}},"239":{"start":{"line":515,"column":28},"end":{"line":515,"column":116}},"240":{"start":{"line":516,"column":31},"end":{"line":528,"column":25}},"241":{"start":{"line":517,"column":28},"end":{"line":517,"column":105}},"242":{"start":{"line":519,"column":28},"end":{"line":519,"column":54}},"243":{"start":{"line":520,"column":28},"end":{"line":522,"column":29}},"244":{"start":{"line":521,"column":32},"end":{"line":521,"column":65}},"245":{"start":{"line":523,"column":28},"end":{"line":527,"column":31}},"246":{"start":{"line":542,"column":0},"end":{"line":583,"column":1}},"247":{"start":{"line":543,"column":4},"end":{"line":543,"column":61}},"248":{"start":{"line":544,"column":4},"end":{"line":580,"column":7}},"249":{"start":{"line":545,"column":8},"end":{"line":579,"column":9}},"250":{"start":{"line":546,"column":12},"end":{"line":546,"column":100}},"251":{"start":{"line":547,"column":15},"end":{"line":579,"column":9}},"252":{"start":{"line":548,"column":12},"end":{"line":548,"column":92}},"253":{"start":{"line":550,"column":12},"end":{"line":578,"column":15}},"254":{"start":{"line":551,"column":16},"end":{"line":577,"column":17}},"255":{"start":{"line":552,"column":20},"end":{"line":552,"column":108}},"256":{"start":{"line":553,"column":23},"end":{"line":577,"column":17}},"257":{"start":{"line":554,"column":20},"end":{"line":554,"column":97}},"258":{"start":{"line":556,"column":20},"end":{"line":576,"column":21}},"259":{"start":{"line":557,"column":24},"end":{"line":557,"column":101}},"260":{"start":{"line":559,"column":24},"end":{"line":559,"column":60}},"261":{"start":{"line":560,"column":24},"end":{"line":560,"column":58}},"262":{"start":{"line":561,"column":24},"end":{"line":575,"column":27}},"263":{"start":{"line":562,"column":28},"end":{"line":574,"column":29}},"264":{"start":{"line":563,"column":32},"end":{"line":563,"column":120}},"265":{"start":{"line":564,"column":35},"end":{"line":574,"column":29}},"266":{"start":{"line":565,"column":32},"end":{"line":565,"column":120}},"267":{"start":{"line":567,"column":32},"end":{"line":567,"column":58}},"268":{"start":{"line":568,"column":32},"end":{"line":568,"column":60}},"269":{"start":{"line":569,"column":32},"end":{"line":573,"column":35}},"270":{"start":{"line":590,"column":0},"end":{"line":623,"column":1}},"271":{"start":{"line":591,"column":4},"end":{"line":591,"column":61}},"272":{"start":{"line":592,"column":4},"end":{"line":622,"column":7}},"273":{"start":{"line":593,"column":8},"end":{"line":621,"column":9}},"274":{"start":{"line":594,"column":12},"end":{"line":594,"column":100}},"275":{"start":{"line":595,"column":15},"end":{"line":621,"column":9}},"276":{"start":{"line":596,"column":12},"end":{"line":596,"column":92}},"277":{"start":{"line":598,"column":12},"end":{"line":598,"column":29}},"278":{"start":{"line":599,"column":12},"end":{"line":601,"column":13}},"279":{"start":{"line":600,"column":16},"end":{"line":600,"column":45}},"280":{"start":{"line":602,"column":12},"end":{"line":604,"column":13}},"281":{"start":{"line":603,"column":16},"end":{"line":603,"column":53}},"282":{"start":{"line":605,"column":12},"end":{"line":605,"column":51}},"283":{"start":{"line":606,"column":12},"end":{"line":620,"column":15}},"284":{"start":{"line":607,"column":16},"end":{"line":619,"column":17}},"285":{"start":{"line":608,"column":20},"end":{"line":608,"column":108}},"286":{"start":{"line":609,"column":23},"end":{"line":619,"column":17}},"287":{"start":{"line":610,"column":20},"end":{"line":610,"column":98}},"288":{"start":{"line":612,"column":20},"end":{"line":612,"column":46}},"289":{"start":{"line":613,"column":20},"end":{"line":613,"column":53}},"290":{"start":{"line":614,"column":20},"end":{"line":618,"column":23}},"291":{"start":{"line":630,"column":0},"end":{"line":668,"column":1}},"292":{"start":{"line":631,"column":4},"end":{"line":631,"column":61}},"293":{"start":{"line":632,"column":4},"end":{"line":667,"column":7}},"294":{"start":{"line":633,"column":8},"end":{"line":666,"column":9}},"295":{"start":{"line":634,"column":12},"end":{"line":634,"column":100}},"296":{"start":{"line":635,"column":15},"end":{"line":666,"column":9}},"297":{"start":{"line":636,"column":12},"end":{"line":636,"column":92}},"298":{"start":{"line":638,"column":12},"end":{"line":665,"column":15}},"299":{"start":{"line":639,"column":16},"end":{"line":664,"column":17}},"300":{"start":{"line":640,"column":20},"end":{"line":640,"column":105}},"301":{"start":{"line":641,"column":23},"end":{"line":664,"column":17}},"302":{"start":{"line":642,"column":20},"end":{"line":642,"column":108}},"303":{"start":{"line":644,"column":20},"end":{"line":663,"column":23}},"304":{"start":{"line":648,"column":24},"end":{"line":662,"column":25}},"305":{"start":{"line":649,"column":28},"end":{"line":649,"column":113}},"306":{"start":{"line":650,"column":31},"end":{"line":662,"column":25}},"307":{"start":{"line":651,"column":28},"end":{"line":651,"column":116}},"308":{"start":{"line":652,"column":31},"end":{"line":662,"column":25}},"309":{"start":{"line":653,"column":28},"end":{"line":653,"column":110}},"310":{"start":{"line":655,"column":28},"end":{"line":655,"column":54}},"311":{"start":{"line":656,"column":28},"end":{"line":656,"column":61}},"312":{"start":{"line":657,"column":28},"end":{"line":661,"column":31}},"313":{"start":{"line":678,"column":0},"end":{"line":688,"column":1}},"314":{"start":{"line":679,"column":4},"end":{"line":679,"column":32}},"315":{"start":{"line":680,"column":4},"end":{"line":680,"column":91}},"316":{"start":{"line":681,"column":4},"end":{"line":687,"column":7}},"317":{"start":{"line":682,"column":8},"end":{"line":686,"column":9}},"318":{"start":{"line":683,"column":12},"end":{"line":683,"column":98}},"319":{"start":{"line":685,"column":12},"end":{"line":685,"column":99}},"320":{"start":{"line":694,"column":0},"end":{"line":703,"column":1}},"321":{"start":{"line":695,"column":4},"end":{"line":695,"column":89}},"322":{"start":{"line":696,"column":4},"end":{"line":702,"column":7}},"323":{"start":{"line":697,"column":8},"end":{"line":701,"column":9}},"324":{"start":{"line":698,"column":12},"end":{"line":698,"column":97}},"325":{"start":{"line":700,"column":12},"end":{"line":700,"column":96}},"326":{"start":{"line":705,"column":0},"end":{"line":705,"column":39}},"327":{"start":{"line":706,"column":0},"end":{"line":706,"column":45}},"328":{"start":{"line":707,"column":0},"end":{"line":707,"column":51}}},"branchMap":{"1":{"line":28,"type":"if","locations":[{"start":{"line":28,"column":8},"end":{"line":28,"column":8}},{"start":{"line":28,"column":8},"end":{"line":28,"column":8}}]},"2":{"line":30,"type":"if","locations":[{"start":{"line":30,"column":15},"end":{"line":30,"column":15}},{"start":{"line":30,"column":15},"end":{"line":30,"column":15}}]},"3":{"line":38,"type":"if","locations":[{"start":{"line":38,"column":8},"end":{"line":38,"column":8}},{"start":{"line":38,"column":8},"end":{"line":38,"column":8}}]},"4":{"line":46,"type":"if","locations":[{"start":{"line":46,"column":8},"end":{"line":46,"column":8}},{"start":{"line":46,"column":8},"end":{"line":46,"column":8}}]},"5":{"line":54,"type":"if","locations":[{"start":{"line":54,"column":8},"end":{"line":54,"column":8}},{"start":{"line":54,"column":8},"end":{"line":54,"column":8}}]},"6":{"line":64,"type":"if","locations":[{"start":{"line":64,"column":8},"end":{"line":64,"column":8}},{"start":{"line":64,"column":8},"end":{"line":64,"column":8}}]},"7":{"line":72,"type":"if","locations":[{"start":{"line":72,"column":8},"end":{"line":72,"column":8}},{"start":{"line":72,"column":8},"end":{"line":72,"column":8}}]},"8":{"line":88,"type":"if","locations":[{"start":{"line":88,"column":4},"end":{"line":88,"column":4}},{"start":{"line":88,"column":4},"end":{"line":88,"column":4}}]},"9":{"line":91,"type":"if","locations":[{"start":{"line":91,"column":16},"end":{"line":91,"column":16}},{"start":{"line":91,"column":16},"end":{"line":91,"column":16}}]},"10":{"line":92,"type":"if","locations":[{"start":{"line":92,"column":23},"end":{"line":92,"column":23}},{"start":{"line":92,"column":23},"end":{"line":92,"column":23}}]},"11":{"line":100,"type":"if","locations":[{"start":{"line":100,"column":4},"end":{"line":100,"column":4}},{"start":{"line":100,"column":4},"end":{"line":100,"column":4}}]},"12":{"line":103,"type":"if","locations":[{"start":{"line":103,"column":16},"end":{"line":103,"column":16}},{"start":{"line":103,"column":16},"end":{"line":103,"column":16}}]},"13":{"line":104,"type":"if","locations":[{"start":{"line":104,"column":23},"end":{"line":104,"column":23}},{"start":{"line":104,"column":23},"end":{"line":104,"column":23}}]},"14":{"line":124,"type":"if","locations":[{"start":{"line":124,"column":4},"end":{"line":124,"column":4}},{"start":{"line":124,"column":4},"end":{"line":124,"column":4}}]},"15":{"line":124,"type":"binary-expr","locations":[{"start":{"line":124,"column":8},"end":{"line":124,"column":30}},{"start":{"line":124,"column":34},"end":{"line":124,"column":54}}]},"16":{"line":126,"type":"if","locations":[{"start":{"line":126,"column":11},"end":{"line":126,"column":11}},{"start":{"line":126,"column":11},"end":{"line":126,"column":11}}]},"17":{"line":126,"type":"binary-expr","locations":[{"start":{"line":126,"column":15},"end":{"line":126,"column":40}},{"start":{"line":126,"column":44},"end":{"line":126,"column":67}}]},"18":{"line":143,"type":"if","locations":[{"start":{"line":143,"column":12},"end":{"line":143,"column":12}},{"start":{"line":143,"column":12},"end":{"line":143,"column":12}}]},"19":{"line":145,"type":"if","locations":[{"start":{"line":145,"column":19},"end":{"line":145,"column":19}},{"start":{"line":145,"column":19},"end":{"line":145,"column":19}}]},"20":{"line":148,"type":"if","locations":[{"start":{"line":148,"column":20},"end":{"line":148,"column":20}},{"start":{"line":148,"column":20},"end":{"line":148,"column":20}}]},"21":{"line":150,"type":"if","locations":[{"start":{"line":150,"column":27},"end":{"line":150,"column":27}},{"start":{"line":150,"column":27},"end":{"line":150,"column":27}}]},"22":{"line":163,"type":"if","locations":[{"start":{"line":163,"column":28},"end":{"line":163,"column":28}},{"start":{"line":163,"column":28},"end":{"line":163,"column":28}}]},"23":{"line":170,"type":"if","locations":[{"start":{"line":170,"column":32},"end":{"line":170,"column":32}},{"start":{"line":170,"column":32},"end":{"line":170,"column":32}}]},"24":{"line":183,"type":"if","locations":[{"start":{"line":183,"column":19},"end":{"line":183,"column":19}},{"start":{"line":183,"column":19},"end":{"line":183,"column":19}}]},"25":{"line":186,"type":"if","locations":[{"start":{"line":186,"column":20},"end":{"line":186,"column":20}},{"start":{"line":186,"column":20},"end":{"line":186,"column":20}}]},"26":{"line":190,"type":"if","locations":[{"start":{"line":190,"column":28},"end":{"line":190,"column":28}},{"start":{"line":190,"column":28},"end":{"line":190,"column":28}}]},"27":{"line":192,"type":"if","locations":[{"start":{"line":192,"column":35},"end":{"line":192,"column":35}},{"start":{"line":192,"column":35},"end":{"line":192,"column":35}}]},"28":{"line":205,"type":"if","locations":[{"start":{"line":205,"column":36},"end":{"line":205,"column":36}},{"start":{"line":205,"column":36},"end":{"line":205,"column":36}}]},"29":{"line":212,"type":"if","locations":[{"start":{"line":212,"column":40},"end":{"line":212,"column":40}},{"start":{"line":212,"column":40},"end":{"line":212,"column":40}}]},"30":{"line":243,"type":"if","locations":[{"start":{"line":243,"column":4},"end":{"line":243,"column":4}},{"start":{"line":243,"column":4},"end":{"line":243,"column":4}}]},"31":{"line":243,"type":"binary-expr","locations":[{"start":{"line":243,"column":8},"end":{"line":243,"column":28}},{"start":{"line":243,"column":32},"end":{"line":243,"column":50}}]},"32":{"line":245,"type":"if","locations":[{"start":{"line":245,"column":11},"end":{"line":245,"column":11}},{"start":{"line":245,"column":11},"end":{"line":245,"column":11}}]},"33":{"line":245,"type":"binary-expr","locations":[{"start":{"line":245,"column":15},"end":{"line":245,"column":36}},{"start":{"line":245,"column":40},"end":{"line":245,"column":59}}]},"34":{"line":249,"type":"if","locations":[{"start":{"line":249,"column":12},"end":{"line":249,"column":12}},{"start":{"line":249,"column":12},"end":{"line":249,"column":12}}]},"35":{"line":251,"type":"if","locations":[{"start":{"line":251,"column":19},"end":{"line":251,"column":19}},{"start":{"line":251,"column":19},"end":{"line":251,"column":19}}]},"36":{"line":253,"type":"if","locations":[{"start":{"line":253,"column":19},"end":{"line":253,"column":19}},{"start":{"line":253,"column":19},"end":{"line":253,"column":19}}]},"37":{"line":256,"type":"if","locations":[{"start":{"line":256,"column":16},"end":{"line":256,"column":16}},{"start":{"line":256,"column":16},"end":{"line":256,"column":16}}]},"38":{"line":258,"type":"if","locations":[{"start":{"line":258,"column":20},"end":{"line":258,"column":20}},{"start":{"line":258,"column":20},"end":{"line":258,"column":20}}]},"39":{"line":263,"type":"if","locations":[{"start":{"line":263,"column":28},"end":{"line":263,"column":28}},{"start":{"line":263,"column":28},"end":{"line":263,"column":28}}]},"40":{"line":265,"type":"if","locations":[{"start":{"line":265,"column":35},"end":{"line":265,"column":35}},{"start":{"line":265,"column":35},"end":{"line":265,"column":35}}]},"41":{"line":295,"type":"if","locations":[{"start":{"line":295,"column":4},"end":{"line":295,"column":4}},{"start":{"line":295,"column":4},"end":{"line":295,"column":4}}]},"42":{"line":295,"type":"binary-expr","locations":[{"start":{"line":295,"column":8},"end":{"line":295,"column":28}},{"start":{"line":295,"column":32},"end":{"line":295,"column":50}}]},"43":{"line":297,"type":"if","locations":[{"start":{"line":297,"column":11},"end":{"line":297,"column":11}},{"start":{"line":297,"column":11},"end":{"line":297,"column":11}}]},"44":{"line":297,"type":"binary-expr","locations":[{"start":{"line":297,"column":15},"end":{"line":297,"column":36}},{"start":{"line":297,"column":40},"end":{"line":297,"column":59}}]},"45":{"line":301,"type":"if","locations":[{"start":{"line":301,"column":12},"end":{"line":301,"column":12}},{"start":{"line":301,"column":12},"end":{"line":301,"column":12}}]},"46":{"line":303,"type":"if","locations":[{"start":{"line":303,"column":19},"end":{"line":303,"column":19}},{"start":{"line":303,"column":19},"end":{"line":303,"column":19}}]},"47":{"line":305,"type":"if","locations":[{"start":{"line":305,"column":19},"end":{"line":305,"column":19}},{"start":{"line":305,"column":19},"end":{"line":305,"column":19}}]},"48":{"line":308,"type":"if","locations":[{"start":{"line":308,"column":16},"end":{"line":308,"column":16}},{"start":{"line":308,"column":16},"end":{"line":308,"column":16}}]},"49":{"line":310,"type":"if","locations":[{"start":{"line":310,"column":20},"end":{"line":310,"column":20}},{"start":{"line":310,"column":20},"end":{"line":310,"column":20}}]},"50":{"line":316,"type":"if","locations":[{"start":{"line":316,"column":28},"end":{"line":316,"column":28}},{"start":{"line":316,"column":28},"end":{"line":316,"column":28}}]},"51":{"line":318,"type":"if","locations":[{"start":{"line":318,"column":35},"end":{"line":318,"column":35}},{"start":{"line":318,"column":35},"end":{"line":318,"column":35}}]},"52":{"line":358,"type":"if","locations":[{"start":{"line":358,"column":4},"end":{"line":358,"column":4}},{"start":{"line":358,"column":4},"end":{"line":358,"column":4}}]},"53":{"line":387,"type":"if","locations":[{"start":{"line":387,"column":8},"end":{"line":387,"column":8}},{"start":{"line":387,"column":8},"end":{"line":387,"column":8}}]},"54":{"line":403,"type":"if","locations":[{"start":{"line":403,"column":8},"end":{"line":403,"column":8}},{"start":{"line":403,"column":8},"end":{"line":403,"column":8}}]},"55":{"line":405,"type":"if","locations":[{"start":{"line":405,"column":15},"end":{"line":405,"column":15}},{"start":{"line":405,"column":15},"end":{"line":405,"column":15}}]},"56":{"line":409,"type":"if","locations":[{"start":{"line":409,"column":16},"end":{"line":409,"column":16}},{"start":{"line":409,"column":16},"end":{"line":409,"column":16}}]},"57":{"line":411,"type":"if","locations":[{"start":{"line":411,"column":23},"end":{"line":411,"column":23}},{"start":{"line":411,"column":23},"end":{"line":411,"column":23}}]},"58":{"line":436,"type":"if","locations":[{"start":{"line":436,"column":8},"end":{"line":436,"column":8}},{"start":{"line":436,"column":8},"end":{"line":436,"column":8}}]},"59":{"line":438,"type":"if","locations":[{"start":{"line":438,"column":15},"end":{"line":438,"column":15}},{"start":{"line":438,"column":15},"end":{"line":438,"column":15}}]},"60":{"line":442,"type":"if","locations":[{"start":{"line":442,"column":16},"end":{"line":442,"column":16}},{"start":{"line":442,"column":16},"end":{"line":442,"column":16}}]},"61":{"line":444,"type":"if","locations":[{"start":{"line":444,"column":23},"end":{"line":444,"column":23}},{"start":{"line":444,"column":23},"end":{"line":444,"column":23}}]},"62":{"line":451,"type":"if","locations":[{"start":{"line":451,"column":24},"end":{"line":451,"column":24}},{"start":{"line":451,"column":24},"end":{"line":451,"column":24}}]},"63":{"line":453,"type":"if","locations":[{"start":{"line":453,"column":31},"end":{"line":453,"column":31}},{"start":{"line":453,"column":31},"end":{"line":453,"column":31}}]},"64":{"line":457,"type":"if","locations":[{"start":{"line":457,"column":32},"end":{"line":457,"column":32}},{"start":{"line":457,"column":32},"end":{"line":457,"column":32}}]},"65":{"line":459,"type":"if","locations":[{"start":{"line":459,"column":39},"end":{"line":459,"column":39}},{"start":{"line":459,"column":39},"end":{"line":459,"column":39}}]},"66":{"line":484,"type":"if","locations":[{"start":{"line":484,"column":8},"end":{"line":484,"column":8}},{"start":{"line":484,"column":8},"end":{"line":484,"column":8}}]},"67":{"line":486,"type":"if","locations":[{"start":{"line":486,"column":15},"end":{"line":486,"column":15}},{"start":{"line":486,"column":15},"end":{"line":486,"column":15}}]},"68":{"line":492,"type":"if","locations":[{"start":{"line":492,"column":12},"end":{"line":492,"column":12}},{"start":{"line":492,"column":12},"end":{"line":492,"column":12}}]},"69":{"line":492,"type":"binary-expr","locations":[{"start":{"line":492,"column":16},"end":{"line":492,"column":38}},{"start":{"line":492,"column":42},"end":{"line":492,"column":62}}]},"70":{"line":510,"type":"if","locations":[{"start":{"line":510,"column":16},"end":{"line":510,"column":16}},{"start":{"line":510,"column":16},"end":{"line":510,"column":16}}]},"71":{"line":514,"type":"if","locations":[{"start":{"line":514,"column":24},"end":{"line":514,"column":24}},{"start":{"line":514,"column":24},"end":{"line":514,"column":24}}]},"72":{"line":516,"type":"if","locations":[{"start":{"line":516,"column":31},"end":{"line":516,"column":31}},{"start":{"line":516,"column":31},"end":{"line":516,"column":31}}]},"73":{"line":520,"type":"if","locations":[{"start":{"line":520,"column":28},"end":{"line":520,"column":28}},{"start":{"line":520,"column":28},"end":{"line":520,"column":28}}]},"74":{"line":545,"type":"if","locations":[{"start":{"line":545,"column":8},"end":{"line":545,"column":8}},{"start":{"line":545,"column":8},"end":{"line":545,"column":8}}]},"75":{"line":547,"type":"if","locations":[{"start":{"line":547,"column":15},"end":{"line":547,"column":15}},{"start":{"line":547,"column":15},"end":{"line":547,"column":15}}]},"76":{"line":551,"type":"if","locations":[{"start":{"line":551,"column":16},"end":{"line":551,"column":16}},{"start":{"line":551,"column":16},"end":{"line":551,"column":16}}]},"77":{"line":553,"type":"if","locations":[{"start":{"line":553,"column":23},"end":{"line":553,"column":23}},{"start":{"line":553,"column":23},"end":{"line":553,"column":23}}]},"78":{"line":556,"type":"if","locations":[{"start":{"line":556,"column":20},"end":{"line":556,"column":20}},{"start":{"line":556,"column":20},"end":{"line":556,"column":20}}]},"79":{"line":556,"type":"binary-expr","locations":[{"start":{"line":556,"column":24},"end":{"line":556,"column":49}},{"start":{"line":556,"column":53},"end":{"line":556,"column":76}}]},"80":{"line":562,"type":"if","locations":[{"start":{"line":562,"column":28},"end":{"line":562,"column":28}},{"start":{"line":562,"column":28},"end":{"line":562,"column":28}}]},"81":{"line":564,"type":"if","locations":[{"start":{"line":564,"column":35},"end":{"line":564,"column":35}},{"start":{"line":564,"column":35},"end":{"line":564,"column":35}}]},"82":{"line":593,"type":"if","locations":[{"start":{"line":593,"column":8},"end":{"line":593,"column":8}},{"start":{"line":593,"column":8},"end":{"line":593,"column":8}}]},"83":{"line":595,"type":"if","locations":[{"start":{"line":595,"column":15},"end":{"line":595,"column":15}},{"start":{"line":595,"column":15},"end":{"line":595,"column":15}}]},"84":{"line":599,"type":"if","locations":[{"start":{"line":599,"column":12},"end":{"line":599,"column":12}},{"start":{"line":599,"column":12},"end":{"line":599,"column":12}}]},"85":{"line":599,"type":"binary-expr","locations":[{"start":{"line":599,"column":16},"end":{"line":599,"column":37}},{"start":{"line":599,"column":41},"end":{"line":599,"column":60}}]},"86":{"line":602,"type":"if","locations":[{"start":{"line":602,"column":12},"end":{"line":602,"column":12}},{"start":{"line":602,"column":12},"end":{"line":602,"column":12}}]},"87":{"line":602,"type":"binary-expr","locations":[{"start":{"line":602,"column":16},"end":{"line":602,"column":41}},{"start":{"line":602,"column":45},"end":{"line":602,"column":68}}]},"88":{"line":607,"type":"if","locations":[{"start":{"line":607,"column":16},"end":{"line":607,"column":16}},{"start":{"line":607,"column":16},"end":{"line":607,"column":16}}]},"89":{"line":609,"type":"if","locations":[{"start":{"line":609,"column":23},"end":{"line":609,"column":23}},{"start":{"line":609,"column":23},"end":{"line":609,"column":23}}]},"90":{"line":633,"type":"if","locations":[{"start":{"line":633,"column":8},"end":{"line":633,"column":8}},{"start":{"line":633,"column":8},"end":{"line":633,"column":8}}]},"91":{"line":635,"type":"if","locations":[{"start":{"line":635,"column":15},"end":{"line":635,"column":15}},{"start":{"line":635,"column":15},"end":{"line":635,"column":15}}]},"92":{"line":639,"type":"if","locations":[{"start":{"line":639,"column":16},"end":{"line":639,"column":16}},{"start":{"line":639,"column":16},"end":{"line":639,"column":16}}]},"93":{"line":641,"type":"if","locations":[{"start":{"line":641,"column":23},"end":{"line":641,"column":23}},{"start":{"line":641,"column":23},"end":{"line":641,"column":23}}]},"94":{"line":648,"type":"if","locations":[{"start":{"line":648,"column":24},"end":{"line":648,"column":24}},{"start":{"line":648,"column":24},"end":{"line":648,"column":24}}]},"95":{"line":650,"type":"if","locations":[{"start":{"line":650,"column":31},"end":{"line":650,"column":31}},{"start":{"line":650,"column":31},"end":{"line":650,"column":31}}]},"96":{"line":652,"type":"if","locations":[{"start":{"line":652,"column":31},"end":{"line":652,"column":31}},{"start":{"line":652,"column":31},"end":{"line":652,"column":31}}]},"97":{"line":682,"type":"if","locations":[{"start":{"line":682,"column":8},"end":{"line":682,"column":8}},{"start":{"line":682,"column":8},"end":{"line":682,"column":8}}]},"98":{"line":697,"type":"if","locations":[{"start":{"line":697,"column":8},"end":{"line":697,"column":8}},{"start":{"line":697,"column":8},"end":{"line":697,"column":8}}]}}},"C:\\Users\\marco\\WebstormProjects\\SignuServer\\routes\\restrictedArea\\emailConfig.js":{"path":"C:\\Users\\marco\\WebstormProjects\\SignuServer\\routes\\restrictedArea\\emailConfig.js","s":{"1":1},"b":{"1":[1,1],"2":[1,1]},"f":{},"fnMap":{},"statementMap":{"1":{"start":{"line":1,"column":0},"end":{"line":5,"column":2}}},"branchMap":{"1":{"line":3,"type":"binary-expr","locations":[{"start":{"line":3,"column":18},"end":{"line":3,"column":42}},{"start":{"line":3,"column":46},"end":{"line":3,"column":67}}]},"2":{"line":4,"type":"binary-expr","locations":[{"start":{"line":4,"column":17},"end":{"line":4,"column":40}},{"start":{"line":4,"column":44},"end":{"line":4,"column":59}}]}}},"C:\\Users\\marco\\WebstormProjects\\SignuServer\\routes\\restrictedArea\\pdfRoutes.js":{"path":"C:\\Users\\marco\\WebstormProjects\\SignuServer\\routes\\restrictedArea\\pdfRoutes.js","s":{"1":1,"2":1,"3":1,"4":1,"5":1,"6":1,"7":1,"8":1,"9":1,"10":1,"11":1,"12":1,"13":1,"14":1,"15":1,"16":1,"17":1,"18":1,"19":1,"20":1,"21":1,"22":0,"23":0,"24":0,"25":1,"26":1,"27":1,"28":1,"29":0,"30":1,"31":1,"32":1,"33":1,"34":0,"35":1,"36":1,"37":2,"38":1,"39":1,"40":1,"41":0,"42":1,"43":1,"44":1,"45":1,"46":5,"47":5,"48":5,"49":0,"50":5,"51":0,"52":5,"53":5,"54":0,"55":5,"56":0,"57":5,"58":2,"59":3,"60":3,"61":3,"62":1,"63":2,"64":1,"65":10,"66":10,"67":10,"68":0,"69":10,"70":0,"71":10,"72":10,"73":10,"74":10,"75":0,"76":10,"77":0,"78":10,"79":9,"80":9,"81":9,"82":0,"83":9,"84":0,"85":9,"86":1,"87":1,"88":1,"89":1,"90":1,"91":0,"92":1,"93":0,"94":1,"95":1,"96":1,"97":0,"98":0,"99":0,"100":0,"101":0,"102":0,"103":0,"104":0,"105":1,"106":1,"107":1,"108":0,"109":1,"110":1,"111":1,"112":5,"113":5,"114":5,"115":0,"116":5,"117":0,"118":5,"119":5,"120":0,"121":5,"122":0,"123":5,"124":1,"125":4,"126":1,"127":3,"128":3,"129":1,"130":3,"131":3,"132":3,"133":3,"134":2,"135":2,"136":3,"137":1,"138":2,"139":2,"140":0,"141":2,"142":0,"143":2,"144":1,"145":5,"146":5,"147":5,"148":0,"149":5,"150":0,"151":5,"152":5,"153":0,"154":5,"155":0,"156":5,"157":0,"158":5,"159":0,"160":5,"161":5,"162":5,"163":0,"164":5,"165":2,"166":3,"167":0,"168":3,"169":1,"170":6,"171":6,"172":4,"173":4,"174":6,"175":1,"176":11,"177":11,"178":11,"179":0,"180":11,"181":0,"182":11,"183":0,"184":11,"185":0,"186":11,"187":11,"188":11,"189":0,"190":11,"191":0,"192":11,"193":0,"194":11,"195":1,"196":10,"197":1,"198":9,"199":0,"200":9,"201":13,"202":9,"203":9,"204":9,"205":2,"206":7,"207":2,"208":5,"209":5,"210":0,"211":5,"212":5,"213":5,"214":5,"215":5,"216":5,"217":5,"218":5,"219":0,"220":5,"221":0,"222":5,"223":1,"224":6,"225":6,"226":6,"227":0,"228":6,"229":0,"230":6,"231":6,"232":0,"233":6,"234":2,"235":4,"236":2,"237":2,"238":2,"239":0,"240":2,"241":2,"242":0,"243":2,"244":0,"245":2,"246":2,"247":1,"248":4,"249":4,"250":1,"251":3,"252":1,"253":2,"254":1},"b":{"1":[0,0],"2":[1,0],"3":[1,0],"4":[1,1],"5":[1,0],"6"
[...]
"line":287,"column":92}},"151":{"start":{"line":289,"column":12},"end":{"line":319,"column":15}},"152":{"start":{"line":290,"column":16},"end":{"line":318,"column":17}},"153":{"start":{"line":291,"column":20},"end":{"line":291,"column":113}},"154":{"start":{"line":292,"column":23},"end":{"line":318,"column":17}},"155":{"start":{"line":293,"column":20},"end":{"line":293,"column":100}},"156":{"start":{"line":294,"column":23},"end":{"line":318,"column":17}},"157":{"start":{"line":295,"column":20},"end":{"line":295,"column":104}},"158":{"start":{"line":296,"column":23},"end":{"line":318,"column":17}},"159":{"start":{"line":297,"column":20},"end":{"line":297,"column":101}},"160":{"start":{"line":299,"column":20},"end":{"line":299,"column":97}},"161":{"start":{"line":300,"column":20},"end":{"line":317,"column":23}},"162":{"start":{"line":304,"column":24},"end":{"line":316,"column":25}},"163":{"start":{"line":305,"column":28},"end":{"line":305,"column":121}},"164":{"start":{"line":306,"column":31},"end":{"line":316,"column":25}},"165":{"start":{"line":307,"column":28},"end":{"line":307,"column":108}},"166":{"start":{"line":308,"column":31},"end":{"line":316,"column":25}},"167":{"start":{"line":309,"column":28},"end":{"line":309,"column":108}},"168":{"start":{"line":311,"column":28},"end":{"line":315,"column":31}},"169":{"start":{"line":330,"column":0},"end":{"line":338,"column":1}},"170":{"start":{"line":331,"column":4},"end":{"line":331,"column":18}},"171":{"start":{"line":332,"column":4},"end":{"line":336,"column":5}},"172":{"start":{"line":333,"column":8},"end":{"line":335,"column":9}},"173":{"start":{"line":334,"column":12},"end":{"line":334,"column":20}},"174":{"start":{"line":337,"column":4},"end":{"line":337,"column":17}},"175":{"start":{"line":345,"column":0},"end":{"line":419,"column":1}},"176":{"start":{"line":346,"column":4},"end":{"line":346,"column":61}},"177":{"start":{"line":347,"column":4},"end":{"line":418,"column":7}},"178":{"start":{"line":348,"column":8},"end":{"line":417,"column":9}},"179":{"start":{"line":349,"column":12},"end":{"line":349,"column":100}},"180":{"start":{"line":350,"column":15},"end":{"line":417,"column":9}},"181":{"start":{"line":351,"column":12},"end":{"line":351,"column":92}},"182":{"start":{"line":353,"column":12},"end":{"line":416,"column":13}},"183":{"start":{"line":354,"column":16},"end":{"line":354,"column":101}},"184":{"start":{"line":355,"column":19},"end":{"line":416,"column":13}},"185":{"start":{"line":356,"column":16},"end":{"line":356,"column":96}},"186":{"start":{"line":358,"column":16},"end":{"line":415,"column":19}},"187":{"start":{"line":359,"column":20},"end":{"line":359,"column":79}},"188":{"start":{"line":360,"column":20},"end":{"line":414,"column":21}},"189":{"start":{"line":361,"column":24},"end":{"line":361,"column":117}},"190":{"start":{"line":362,"column":27},"end":{"line":414,"column":21}},"191":{"start":{"line":363,"column":24},"end":{"line":363,"column":104}},"192":{"start":{"line":364,"column":27},"end":{"line":414,"column":21}},"193":{"start":{"line":365,"column":24},"end":{"line":365,"column":106}},"194":{"start":{"line":366,"column":26},"end":{"line":414,"column":21}},"195":{"start":{"line":367,"column":24},"end":{"line":367,"column":108}},"196":{"start":{"line":368,"column":27},"end":{"line":414,"column":21}},"197":{"start":{"line":369,"column":24},"end":{"line":369,"column":104}},"198":{"start":{"line":370,"column":27},"end":{"line":414,"column":21}},"199":{"start":{"line":371,"column":24},"end":{"line":371,"column":105}},"200":{"start":{"line":373,"column":24},"end":{"line":375,"column":27}},"201":{"start":{"line":374,"column":28},"end":{"line":374,"column":66}},"202":{"start":{"line":376,"column":24},"end":{"line":376,"column":58}},"203":{"start":{"line":377,"column":24},"end":{"line":377,"column":70}},"204":{"start":{"line":378,"column":24},"end":{"line":413,"column":25}},"205":{"start":{"line":379,"column":28},"end":{"line":379,"column":109}},"206":{"start":{"line":380,"column":31},"end":{"line":413,"column":25}},"207":{"start":{"line":381,"column":28},"end":{"line":381,"column":105}},"208":{"start":{"line":384,"column":28},"end":{"line":412,"column":31}},"209":{"start":{"line":385,"column":32},"end":{"line":411,"column":33}},"210":{"start":{"line":386,"column":36},"end":{"line":386,"column":129}},"211":{"start":{"line":389,"column":36},"end":{"line":389,"column":61}},"212":{"start":{"line":390,"column":36},"end":{"line":390,"column":70}},"213":{"start":{"line":392,"column":36},"end":{"line":392,"column":69}},"214":{"start":{"line":395,"column":36},"end":{"line":395,"column":75}},"215":{"start":{"line":396,"column":36},"end":{"line":396,"column":72}},"216":{"start":{"line":397,"column":36},"end":{"line":397,"column":83}},"217":{"start":{"line":398,"column":36},"end":{"line":410,"column":39}},"218":{"start":{"line":399,"column":40},"end":{"line":409,"column":41}},"219":{"start":{"line":400,"column":44},"end":{"line":400,"column":137}},"220":{"start":{"line":401,"column":47},"end":{"line":409,"column":41}},"221":{"start":{"line":402,"column":44},"end":{"line":402,"column":124}},"222":{"start":{"line":404,"column":44},"end":{"line":408,"column":47}},"223":{"start":{"line":426,"column":0},"end":{"line":466,"column":1}},"224":{"start":{"line":428,"column":4},"end":{"line":428,"column":61}},"225":{"start":{"line":429,"column":4},"end":{"line":465,"column":7}},"226":{"start":{"line":430,"column":8},"end":{"line":464,"column":9}},"227":{"start":{"line":431,"column":12},"end":{"line":431,"column":100}},"228":{"start":{"line":432,"column":15},"end":{"line":464,"column":9}},"229":{"start":{"line":433,"column":12},"end":{"line":433,"column":92}},"230":{"start":{"line":435,"column":12},"end":{"line":463,"column":15}},"231":{"start":{"line":436,"column":16},"end":{"line":462,"column":17}},"232":{"start":{"line":437,"column":20},"end":{"line":437,"column":113}},"233":{"start":{"line":438,"column":23},"end":{"line":462,"column":17}},"234":{"start":{"line":439,"column":20},"end":{"line":439,"column":100}},"235":{"start":{"line":440,"column":23},"end":{"line":462,"column":17}},"236":{"start":{"line":441,"column":20},"end":{"line":441,"column":104}},"237":{"start":{"line":443,"column":20},"end":{"line":461,"column":23}},"238":{"start":{"line":444,"column":24},"end":{"line":460,"column":25}},"239":{"start":{"line":445,"column":28},"end":{"line":445,"column":108}},"240":{"start":{"line":447,"column":28},"end":{"line":459,"column":31}},"241":{"start":{"line":448,"column":32},"end":{"line":458,"column":33}},"242":{"start":{"line":449,"column":36},"end":{"line":449,"column":118}},"243":{"start":{"line":450,"column":39},"end":{"line":458,"column":33}},"244":{"start":{"line":451,"column":36},"end":{"line":451,"column":118}},"245":{"start":{"line":453,"column":36},"end":{"line":453,"column":69}},"246":{"start":{"line":454,"column":36},"end":{"line":457,"column":39}},"247":{"start":{"line":471,"column":0},"end":{"line":485,"column":1}},"248":{"start":{"line":472,"column":4},"end":{"line":484,"column":7}},"249":{"start":{"line":473,"column":8},"end":{"line":483,"column":9}},"250":{"start":{"line":474,"column":12},"end":{"line":474,"column":105}},"251":{"start":{"line":475,"column":15},"end":{"line":483,"column":9}},"252":{"start":{"line":476,"column":12},"end":{"line":476,"column":92}},"253":{"start":{"line":478,"column":12},"end":{"line":482,"column":15}},"254":{"start":{"line":487,"column":0},"end":{"line":487,"column":37}}},"branchMap":{"1":{"line":28,"type":"if","locations":[{"start":{"line":28,"column":8},"end":{"line":28,"column":8}},{"start":{"line":28,"column":8},"end":{"line":28,"column":8}}]},"2":{"line":36,"type":"if","locations":[{"start":{"line":36,"column":8},"end":{"line":36,"column":8}},{"start":{"line":36,"column":8},"end":{"line":36,"column":8}}]},"3":{"line":44,"type":"if","locations":[{"start":{"line":44,"column":8},"end":{"line":44,"column":8}},{"start":{"line":44,"column":8},"end":{"line":44,"column":8}}]},"4":{"line":52,"type":"if","locations":[{"start":{"line":52,"column":8},"end":{"line":52,"column":8}},{"start":{"line":52,"column":8},"end":{"line":52,"column":8}}]},"5":{"line":54,"type":"if","locations":[{"start":{"line":54,"column":15},"end":{"line":54,"column":15}},{"start":{"line":54,"column":15},"end":{"line":54,"column":15}}]},"6":{"line":72,"type":"if","locations":[{"start":{"line":72,"column":8},"end":{"line":72,"column":8}},{"start":{"line":72,"column":8},"end":{"line":72,"column":8}}]},"7":{"line":74,"type":"if","locations":[{"start":{"line":74,"column":15},"end":{"line":74,"column":15}},{"start":{"line":74,"column":15},"end":{"line":74,"column":15}}]},"8":{"line":78,"type":"if","locations":[{"start":{"line":78,"column":16},"end":{"line":78,"column":16}},{"start":{"line":78,"column":16},"end":{"line":78,"column":16}}]},"9":{"line":80,"type":"if","locations":[{"start":{"line":80,"column":23},"end":{"line":80,"column":23}},{"start":{"line":80,"column":23},"end":{"line":80,"column":23}}]},"10":{"line":83,"type":"if","locations":[{"start":{"line":83,"column":20},"end":{"line":83,"column":20}},{"start":{"line":83,"column":20},"end":{"line":83,"column":20}}]},"11":{"line":89,"type":"if","locations":[{"start":{"line":89,"column":24},"end":{"line":89,"column":24}},{"start":{"line":89,"column":24},"end":{"line":89,"column":24}}]},"12":{"line":113,"type":"if","locations":[{"start":{"line":113,"column":8},"end":{"line":113,"column":8}},{"start":{"line":113,"column":8},"end":{"line":113,"column":8}}]},"13":{"line":115,"type":"if","locations":[{"start":{"line":115,"column":15},"end":{"line":115,"column":15}},{"start":{"line":115,"column":15},"end":{"line":115,"column":15}}]},"14":{"line":121,"type":"if","locations":[{"start":{"line":121,"column":16},"end":{"line":121,"column":16}},{"start":{"line":121,"column":16},"end":{"line":121,"column":16}}]},"15":{"line":123,"type":"if","locations":[{"start":{"line":123,"column":23},"end":{"line":123,"column":23}},{"start":{"line":123,"column":23},"end":{"line":123,"column":23}}]},"16":{"line":125,"type":"if","locations":[{"start":{"line":125,"column":23},"end":{"line":125,"column":23}},{"start":{"line":125,"column":23},"end":{"line":125,"column":23}}]},"17":{"line":125,"type":"binary-expr","locations":[{"start":{"line":125,"column":27},"end":{"line":125,"column":62}},{"start":{"line":125,"column":66},"end":{"line":125,"column":87}},{"start":{"line":125,"column":91},"end":{"line":125,"column":130}}]},"18":{"line":131,"type":"if","locations":[{"start":{"line":131,"column":24},"end":{"line":131,"column":24}},{"start":{"line":131,"column":24},"end":{"line":131,"column":24}}]},"19":{"line":133,"type":"if","locations":[{"start":{"line":133,"column":31},"end":{"line":133,"column":31}},{"start":{"line":133,"column":31},"end":{"line":133,"column":31}}]},"20":{"line":158,"type":"if","locations":[{"start":{"line":158,"column":8},"end":{"line":158,"column":8}},{"start":{"line":158,"column":8},"end":{"line":158,"column":8}}]},"21":{"line":160,"type":"if","locations":[{"start":{"line":160,"column":15},"end":{"line":160,"column":15}},{"start":{"line":160,"column":15},"end":{"line":160,"column":15}}]},"22":{"line":178,"type":"if","locations":[{"start":{"line":178,"column":12},"end":{"line":178,"column":12}},{"start":{"line":178,"column":12},"end":{"line":178,"column":12}}]},"23":{"line":187,"type":"if","locations":[{"start":{"line":187,"column":20},"end":{"line":187,"column":20}},{"start":{"line":187,"column":20},"end":{"line":187,"column":20}}]},"24":{"line":197,"type":"if","locations":[{"start":{"line":197,"column":16},"end":{"line":197,"column":16}},{"start":{"line":197,"column":16},"end":{"line":197,"column":16}}]},"25":{"line":221,"type":"if","locations":[{"start":{"line":221,"column":8},"end":{"line":221,"column":8}},{"start":{"line":221,"column":8},"end":{"line":221,"column":8}}]},"26":{"line":223,"type":"if","locations":[{"start":{"line":223,"column":15},"end":{"line":223,"column":15}},{"start":{"line":223,"column":15},"end":{"line":223,"column":15}}]},"27":{"line":227,"type":"if","locations":[{"start":{"line":227,"column":16},"end":{"line":227,"column":16}},{"start":{"line":227,"column":16},"end":{"line":227,"column":16}}]},"28":{"line":229,"type":"if","locations":[{"start":{"line":229,"column":23},"end":{"line":229,"column":23}},{"start":{"line":229,"column":23},"end":{"line":229,"column":23}}]},"29":{"line":231,"type":"if","locations":[{"start":{"line":231,"column":23},"end":{"line":231,"column":23}},{"start":{"line":231,"column":23},"end":{"line":231,"column":23}}]},"30":{"line":233,"type":"if","locations":[{"start":{"line":233,"column":23},"end":{"line":233,"column":23}},{"start":{"line":233,"column":23},"end":{"line":233,"column":23}}]},"31":{"line":244,"type":"if","locations":[{"start":{"line":244,"column":24},"end":{"line":244,"column":24}},{"start":{"line":244,"column":24},"end":{"line":244,"column":24}}]},"32":{"line":244,"type":"binary-expr","locations":[{"start":{"line":244,"column":28},"end":{"line":244,"column":38}},{"start":{"line":244,"column":42},"end":{"line":244,"column":53}}]},"33":{"line":253,"type":"if","locations":[{"start":{"line":253,"column":20},"end":{"line":253,"column":20}},{"start":{"line":253,"column":20},"end":{"line":253,"column":20}}]},"34":{"line":258,"type":"if","locations":[{"start":{"line":258,"column":28},"end":{"line":258,"column":28}},{"start":{"line":258,"column":28},"end":{"line":258,"column":28}}]},"35":{"line":260,"type":"if","locations":[{"start":{"line":260,"column":35},"end":{"line":260,"column":35}},{"start":{"line":260,"column":35},"end":{"line":260,"column":35}}]},"36":{"line":284,"type":"if","locations":[{"start":{"line":284,"column":8},"end":{"line":284,"column":8}},{"start":{"line":284,"column":8},"end":{"line":284,"column":8}}]},"37":{"line":286,"type":"if","locations":[{"start":{"line":286,"column":15},"end":{"line":286,"column":15}},{"start":{"line":286,"column":15},"end":{"line":286,"column":15}}]},"38":{"line":290,"type":"if","locations":[{"start":{"line":290,"column":16},"end":{"line":290,"column":16}},{"start":{"line":290,"column":16},"end":{"line":290,"column":16}}]},"39":{"line":292,"type":"if","locations":[{"start":{"line":292,"column":23},"end":{"line":292,"column":23}},{"start":{"line":292,"column":23},"end":{"line":292,"column":23}}]},"40":{"line":294,"type":"if","locations":[{"start":{"line":294,"column":23},"end":{"line":294,"column":23}},{"start":{"line":294,"column":23},"end":{"line":294,"column":23}}]},"41":{"line":296,"type":"if","locations":[{"start":{"line":296,"column":23},"end":{"line":296,"column":23}},{"start":{"line":296,"column":23},"end":{"line":296,"column":23}}]},"42":{"line":304,"type":"if","locations":[{"start":{"line":304,"column":24},"end":{"line":304,"column":24}},{"start":{"line":304,"column":24},"end":{"line":304,"column":24}}]},"43":{"line":306,"type":"if","locations":[{"start":{"line":306,"column":31},"end":{"line":306,"column":31}},{"start":{"line":306,"column":31},"end":{"line":306,"column":31}}]},"44":{"line":308,"type":"if","locations":[{"start":{"line":308,"column":31},"end":{"line":308,"column":31}},{"start":{"line":308,"column":31},"end":{"line":308,"column":31}}]},"45":{"line":333,"type":"if","locations":[{"start":{"line":333,"column":8},"end":{"line":333,"column":8}},{"start":{"line":333,"column":8},"end":{"line":333,"column":8}}]},"46":{"line":348,"type":"if","locations":[{"start":{"line":348,"column":8},"end":{"line":348,"column":8}},{"start":{"line":348,"column":8},"end":{"line":348,"column":8}}]},"47":{"line":350,"type":"if","locations":[{"start":{"line":350,"column":15},"end":{"line":350,"column":15}},{"start":{"line":350,"column":15},"end":{"line":350,"column":15}}]},"48":{"line":353,"type":"if","locations":[{"start":{"line":353,"column":12},"end":{"line":353,"column":12}},{"start":{"line":353,"column":12},"end":{"line":353,"column":12}}]},"49":{"line":355,"type":"if","locations":[{"start":{"line":355,"column":19},"end":{"line":355,"column":19}},{"start":{"line":355,"column":19},"end":{"line":355,"column":19}}]},"50":{"line":360,"type":"if","locations":[{"start":{"line":360,"column":20},"end":{"line":360,"column":20}},{"start":{"line":360,"column":20},"end":{"line":360,"column":20}}]},"51":{"line":362,"type":"if","locations":[{"start":{"line":362,"column":27},"end":{"line":362,"column":27}},{"start":{"line":362,"column":27},"end":{"line":362,"column":27}}]},"52":{"line":364,"type":"if","locations":[{"start":{"line":364,"column":27},"end":{"line":364,"column":27}},{"start":{"line":364,"column":27},"end":{"line":364,"column":27}}]},"53":{"line":366,"type":"if","locations":[{"start":{"line":366,"column":26},"end":{"line":366,"column":26}},{"start":{"line":366,"column":26},"end":{"line":366,"column":26}}]},"54":{"line":366,"type":"binary-expr","locations":[{"start":{"line":366,"column":30},"end":{"line":366,"column":61}},{"start":{"line":366,"column":65},"end":{"line":366,"column":100}}]},"55":{"line":368,"type":"if","locations":[{"start":{"line":368,"column":27},"end":{"line":368,"column":27}},{"start":{"line":368,"column":27},"end":{"line":368,"column":27}}]},"56":{"line":370,"type":"if","locations":[{"start":{"line":370,"column":27},"end":{"line":370,"column":27}},{"start":{"line":370,"column":27},"end":{"line":370,"column":27}}]},"57":{"line":378,"type":"if","locations":[{"start":{"line":378,"column":24},"end":{"line":378,"column":24}},{"start":{"line":378,"column":24},"end":{"line":378,"column":24}}]},"58":{"line":380,"type":"if","locations":[{"start":{"line":380,"column":31},"end":{"line":380,"column":31}},{"start":{"line":380,"column":31},"end":{"line":380,"column":31}}]},"59":{"line":385,"type":"if","locations":[{"start":{"line":385,"column":32},"end":{"line":385,"column":32}},{"start":{"line":385,"column":32},"end":{"line":385,"column":32}}]},"60":{"line":399,"type":"if","locations":[{"start":{"line":399,"column":40},"end":{"line":399,"column":40}},{"start":{"line":399,"column":40},"end":{"line":399,"column":40}}]},"61":{"line":401,"type":"if","locations":[{"start":{"line":401,"column":47},"end":{"line":401,"column":47}},{"start":{"line":401,"column":47},"end":{"line":401,"column":47}}]},"62":{"line":430,"type":"if","locations":[{"start":{"line":430,"column":8},"end":{"line":430,"column":8}},{"start":{"line":430,"column":8},"end":{"line":430,"column":8}}]},"63":{"line":432,"type":"if","locations":[{"start":{"line":432,"column":15},"end":{"line":432,"column":15}},{"start":{"line":432,"column":15},"end":{"line":432,"column":15}}]},"64":{"line":436,"type":"if","locations":[{"start":{"line":436,"column":16},"end":{"line":436,"column":16}},{"start":{"line":436,"column":16},"end":{"line":436,"column":16}}]},"65":{"line":438,"type":"if","locations":[{"start":{"line":438,"column":23},"end":{"line":438,"column":23}},{"start":{"line":438,"column":23},"end":{"line":438,"column":23}}]},"66":{"line":440,"type":"if","locations":[{"start":{"line":440,"column":23},"end":{"line":440,"column":23}},{"start":{"line":440,"column":23},"end":{"line":440,"column":23}}]},"67":{"line":444,"type":"if","locations":[{"start":{"line":444,"column":24},"end":{"line":444,"column":24}},{"start":{"line":444,"column":24},"end":{"line":444,"column":24}}]},"68":{"line":448,"type":"if","locations":[{"start":{"line":448,"column":32},"end":{"line":448,"column":32}},{"start":{"line":448,"column":32},"end":{"line":448,"column":32}}]},"69":{"line":450,"type":"if","locations":[{"start":{"line":450,"column":39},"end":{"line":450,"column":39}},{"start":{"line":450,"column":39},"end":{"line":450,"column":39}}]},"70":{"line":473,"type":"if","locations":[{"start":{"line":473,"column":8},"end":{"line":473,"column":8}},{"start":{"line":473,"column":8},"end":{"line":473,"column":8}}]},"71":{"line":475,"type":"if","locations":[{"start":{"line":475,"column":15},"end":{"line":475,"column":15}},{"start":{"line":475,"column":15},"end":{"line":475,"column":15}}]}}}}