TN:
SF:C:\Users\marco\WebstormProjects\SignuServer\public\routes\app-err-codes-en.js
FN:68,(anonymous_1)
FN:81,(anonymous_2)
FNF:2
FNH:2
FNDA:23,(anonymous_1)
FNDA:100,(anonymous_2)
DA:1,1
DA:3,1
DA:5,1
DA:6,1
DA:7,1
DA:8,1
DA:9,1
DA:10,1
DA:11,1
DA:13,1
DA:14,1
DA:15,1
DA:16,1
DA:17,1
DA:18,1
DA:19,1
DA:22,1
DA:23,1
DA:24,1
DA:25,1
DA:26,1
DA:27,1
DA:28,1
DA:29,1
DA:30,1
DA:31,1
DA:32,1
DA:33,1
DA:34,1
DA:37,1
DA:38,1
DA:39,1
DA:40,1
DA:41,1
DA:42,1
DA:43,1
DA:46,1
DA:47,1
DA:48,1
DA:49,1
DA:50,1
DA:51,1
DA:52,1
DA:53,1
DA:54,1
DA:57,1
DA:60,1
DA:68,1
DA:69,23
DA:73,23
DA:81,1
DA:82,100
DA:83,100
DA:85,0
LF:54
LH:53
BRDA:82,1,0,100
BRDA:82,1,1,0
BRF:2
BRH:1
end_of_record
TN:
SF:C:\Users\marco\WebstormProjects\SignuServer\routes\models\user.js
FN:24,hashPassword
FN:26,(anonymous_2)
FN:30,(anonymous_3)
FN:40,(anonymous_4)
FN:45,(anonymous_5)
FN:46,(anonymous_6)
FNF:6
FNH:6
FNDA:219,hashPassword
FNDA:219,(anonymous_2)
FNDA:219,(anonymous_3)
FNDA:219,(anonymous_4)
FNDA:56,(anonymous_5)
FNDA:56,(anonymous_6)
DA:2,1
DA:3,1
DA:4,1
DA:5,1
DA:6,1
DA:9,1
DA:24,1
DA:26,219
DA:27,219
DA:30,219
DA:31,219
DA:34,219
DA:35,219
DA:40,1
DA:41,219
DA:42,219
DA:45,1
DA:46,56
DA:47,56
DA:48,56
DA:52,1
DA:54,1
LF:22
LH:22
BRDA:27,1,0,0
BRDA:27,1,1,219
BRDA:31,2,0,0
BRDA:31,2,1,219
BRDA:47,3,0,0
BRDA:47,3,1,56
BRF:6
BRH:3
end_of_record
TN:
SF:C:\Users\marco\WebstormProjects\SignuServer\routes\models\pdf.js
FNF:0
FNH:0
DA:5,1
DA:6,1
DA:7,1
DA:8,1
DA:23,1
DA:25,1
LF:6
LH:6
BRF:0
BRH:0
end_of_record
TN:
SF:C:\Users\marco\WebstormProjects\SignuServer\routes\models\client.js
FNF:0
FNH:0
DA:1,1
DA:2,1
DA:4,1
DA:9,1
DA:11,1
LF:5
LH:5
BRF:0
BRH:0
end_of_record
TN:
SF:C:\Users\marco\WebstormProjects\SignuServer\app.js
FN:25,(anonymous_1)
FN:73,(anonymous_2)
FN:80,(anonymous_3)
FNF:3
FNH:3
FNDA:1,(anonymous_1)
FNDA:1,(anonymous_2)
FNDA:12,(anonymous_3)
DA:1,1
DA:2,1
DA:3,1
DA:4,1
DA:5,1
DA:6,1
DA:7,1
DA:8,1
DA:9,1
DA:10,1
DA:11,1
DA:12,1
DA:13,1
DA:14,1
DA:15,1
DA:16,1
DA:18,1
DA:20,1
DA:21,1
DA:25,1
DA:26,1
DA:27,0
DA:29,1
DA:34,1
DA:39,1
DA:40,1
DA:43,1
DA:44,1
DA:48,1
DA:50,1
DA:56,1
DA:57,1
DA:59,1
DA:60,1
DA:62,1
DA:63,1
DA:64,1
DA:66,1
DA:67,1
DA:68,1
DA:69,1
DA:73,1
DA:74,1
DA:75,1
DA:76,1
DA:80,1
DA:82,12
DA:83,12
DA:86,12
DA:90,12
DA:93,1
LF:51
LH:50
BRDA:26,1,0,0
BRDA:26,1,1,1
BRDA:83,2,0,0
BRDA:83,2,1,12
BRDA:86,3,0,12
BRDA:86,3,1,11
BRDA:88,4,0,12
BRDA:88,4,1,0
BRF:8
BRH:5
end_of_record
TN:
SF:C:\Users\marco\WebstormProjects\SignuServer\routes\index.js
FN:6,(anonymous_1)
FN:10,(anonymous_2)
FN:14,(anonymous_3)
FN:22,(anonymous_4)
FN:26,(anonymous_5)
FN:30,(anonymous_6)
FN:34,(anonymous_7)
FN:38,(anonymous_8)
FN:42,(anonymous_9)
FN:46,(anonymous_10)
FN:50,sendStandardError
FNF:11
FNH:0
FNDA:0,(anonymous_1)
FNDA:0,(anonymous_2)
FNDA:0,(anonymous_3)
FNDA:0,(anonymous_4)
FNDA:0,(anonymous_5)
FNDA:0,(anonymous_6)
FNDA:0,(anonymous_7)
FNDA:0,(anonymous_8)
FNDA:0,(anonymous_9)
FNDA:0,(anonymous_10)
FNDA:0,sendStandardError
DA:1,1
DA:2,1
DA:3,1
DA:6,1
DA:7,0
DA:10,1
DA:11,0
DA:14,1
DA:15,0
DA:22,1
DA:23,0
DA:26,1
DA:27,0
DA:30,1
DA:31,0
DA:34,1
DA:35,0
DA:38,1
DA:39,0
DA:42,1
DA:43,0
DA:46,1
DA:47,0
DA:50,1
DA:51,0
DA:57,1
LF:26
LH:15
BRF:0
BRH:0
end_of_record
TN:
SF:C:\Users\marco\WebstormProjects\SignuServer\routes\authorisation\accessTokenModel.js
FN:15,(anonymous_1)
FN:27,(anonymous_2)
FN:35,(anonymous_3)
FN:48,(anonymous_4)
FN:50,(anonymous_5)
FN:58,(anonymous_6)
FN:66,(anonymous_7)
FN:79,(anonymous_8)
FN:91,(anonymous_9)
FN:101,(anonymous_10)
FN:113,(anonymous_11)
FN:122,(anonymous_12)
FN:138,(anonymous_13)
FN:142,(anonymous_14)
FN:150,(anonymous_15)
FNF:15
FNH:8
FNDA:0,(anonymous_1)
FNDA:0,(anonymous_2)
FNDA:0,(anonymous_3)
FNDA:0,(anonymous_4)
FNDA:0,(anonymous_5)
FNDA:0,(anonymous_6)
FNDA:0,(anonymous_7)
FNDA:231,(anonymous_8)
FNDA:1,(anonymous_9)
FNDA:56,(anonymous_10)
FNDA:56,(anonymous_11)
FNDA:53,(anonymous_12)
FNDA:56,(anonymous_13)
FNDA:56,(anonymous_14)
FNDA:54,(anonymous_15)
DA:1,1
DA:7,1
DA:15,1
DA:17,0
DA:22,0
DA:27,0
DA:29,0
DA:30,0
DA:32,0
DA:35,0
DA:37,0
DA:38,0
DA:40,0
DA:48,1
DA:50,0
DA:52,0
DA:53,0
DA:55,0
DA:58,0
DA:60,0
DA:61,0
DA:63,0
DA:66,0
DA:68,0
DA:69,0
DA:71,0
DA:79,1
DA:81,231
DA:91,1
DA:92,1
DA:101,1
DA:103,56
DA:113,1
DA:115,56
DA:122,1
DA:124,53
DA:131,53
DA:138,1
DA:140,56
DA:143,56
DA:144,0
DA:145,56
DA:146,1
DA:147,55
DA:148,1
DA:150,54
DA:151,54
DA:152,0
DA:153,54
DA:154,1
DA:156,53
DA:167,1
LF:52
LH:28
BRDA:29,1,0,0
BRDA:29,1,1,0
BRDA:37,2,0,0
BRDA:37,2,1,0
BRDA:52,3,0,0
BRDA:52,3,1,0
BRDA:60,4,0,0
BRDA:60,4,1,0
BRDA:68,5,0,0
BRDA:68,5,1,0
BRDA:143,6,0,0
BRDA:143,6,1,56
BRDA:145,7,0,1
BRDA:145,7,1,55
BRDA:147,8,0,1
BRDA:147,8,1,54
BRDA:151,9,0,0
BRDA:151,9,1,54
BRDA:153,10,0,1
BRDA:153,10,1,53
BRF:20
BRH:8
end_of_record
TN:
SF:C:\Users\marco\WebstormProjects\SignuServer\routes\models\token.js
FNF:0
FNH:0
DA:1,1
DA:2,1
DA:3,1
DA:5,1
DA:13,1
DA:15,1
DA:17,1
LF:7
LH:7
BRF:0
BRH:0
end_of_record
TN:
SF:C:\Users\marco\WebstormProjects\SignuServer\routes\restrictedArea\userRoutes.js
FN:19,userRoutes
FN:27,(anonymous_2)
FN:37,(anonymous_3)
FN:45,(anonymous_4)
FN:53,(anonymous_5)
FN:63,(anonymous_6)
FN:71,(anonymous_7)
FN:86,checkUser
FN:89,(anonymous_9)
FN:90,(anonymous_10)
FN:101,(anonymous_11)
FN:102,(anonymous_12)
FN:122,createUser
FN:142,(anonymous_14)
FN:147,(anonymous_15)
FN:162,(anonymous_16)
FN:185,(anonymous_17)
FN:189,(anonymous_18)
FN:204,(anonymous_19)
FN:241,activateUser
FN:248,(anonymous_21)
FN:262,(anonymous_22)
FN:293,authNextEmail
FN:300,(anonymous_24)
FN:315,(anonymous_25)
FN:345,sendEmail
FN:370,generateRandomString
FN:384,logOutUser
FN:386,(anonymous_29)
FN:400,getInfoUser
FN:402,(anonymous_31)
FN:408,(anonymous_32)
FN:433,deleteUser
FN:435,(anonymous_34)
FN:441,(anonymous_35)
FN:450,(anonymous_36)
FN:456,(anonymous_37)
FN:481,editNextEmail
FN:483,(anonymous_39)
FN:509,(anonymous_40)
FN:513,(anonymous_41)
FN:542,editPassword
FN:544,(anonymous_43)
FN:550,(anonymous_44)
FN:561,(anonymous_45)
FN:590,editUser
FN:592,(anonymous_47)
FN:606,(anonymous_48)
FN:630,addRelated
FN:632,(anonymous_50)
FN:638,(anonymous_51)
FN:647,(anonymous_52)
FN:678,addPdfToUsers
FN:681,(anonymous_54)
FN:694,deletePdfOfUsers
FN:696,(anonymous_56)
FNF:56
FNH:48
FNDA:1,userRoutes
FNDA:2,(anonymous_2)
FNDA:1,(anonymous_3)
FNDA:1,(anonymous_4)
FNDA:1,(anonymous_5)
FNDA:0,(anonymous_6)
FNDA:0,(anonymous_7)
FNDA:0,checkUser
FNDA:0,(anonymous_9)
FNDA:0,(anonymous_10)
FNDA:0,(anonymous_11)
FNDA:0,(anonymous_12)
FNDA:5,createUser
FNDA:5,(anonymous_14)
FNDA:3,(anonymous_15)
FNDA:3,(anonymous_16)
FNDA:1,(anonymous_17)
FNDA:1,(anonymous_18)
FNDA:1,(anonymous_19)
FNDA:1,activateUser
FNDA:1,(anonymous_21)
FNDA:1,(anonymous_22)
FNDA:2,authNextEmail
FNDA:2,(anonymous_24)
FNDA:2,(anonymous_25)
FNDA:6,sendEmail
FNDA:7,generateRandomString
FNDA:1,logOutUser
FNDA:1,(anonymous_29)
FNDA:54,getInfoUser
FNDA:54,(anonymous_31)
FNDA:54,(anonymous_32)
FNDA:2,deleteUser
FNDA:2,(anonymous_34)
FNDA:2,(anonymous_35)
FNDA:2,(anonymous_36)
FNDA:2,(anonymous_37)
FNDA:2,editNextEmail
FNDA:2,(anonymous_39)
FNDA:2,(anonymous_40)
FNDA:2,(anonymous_41)
FNDA:2,editPassword
FNDA:2,(anonymous_43)
FNDA:2,(anonymous_44)
FNDA:2,(anonymous_45)
FNDA:5,editUser
FNDA:5,(anonymous_47)
FNDA:5,(anonymous_48)
FNDA:4,addRelated
FNDA:4,(anonymous_50)
FNDA:4,(anonymous_51)
FNDA:3,(anonymous_52)
FNDA:1,addPdfToUsers
FNDA:0,(anonymous_54)
FNDA:2,deletePdfOfUsers
FNDA:2,(anonymous_56)
DA:5,1
DA:6,1
DA:7,1
DA:8,1
DA:9,1
DA:10,1
DA:11,1
DA:12,1
DA:13,1
DA:14,1
DA:15,1
DA:16,1
DA:17,1
DA:19,1
DA:20,1
DA:22,1
DA:23,1
DA:26,1
DA:27,1
DA:28,2
DA:29,1
DA:30,1
DA:31,1
DA:33,0
DA:36,1
DA:37,1
DA:38,1
DA:39,1
DA:41,0
DA:44,1
DA:45,1
DA:46,1
DA:47,1
DA:49,0
DA:52,1
DA:53,1
DA:54,1
DA:55,1
DA:57,0
DA:60,1
DA:62,1
DA:63,1
DA:64,0
DA:65,0
DA:67,0
DA:70,1
DA:71,1
DA:72,0
DA:73,0
DA:75,0
DA:79,1
DA:86,1
DA:88,0
DA:89,0
DA:90,0
DA:91,0
DA:92,0
DA:94,0
DA:100,0
DA:101,0
DA:102,0
DA:103,0
DA:104,0
DA:106,0
DA:112,0
DA:122,1
DA:124,5
DA:125,0
DA:126,5
DA:127,0
DA:129,5
DA:130,5
DA:131,5
DA:142,5
DA:143,5
DA:144,0
DA:145,5
DA:147,3
DA:148,3
DA:149,0
DA:150,3
DA:151,0
DA:153,3
DA:162,3
DA:163,3
DA:164,0
DA:165,0
DA:167,3
DA:168,3
DA:169,3
DA:170,3
DA:171,3
DA:173,3
DA:183,2
DA:185,1
DA:186,1
DA:187,0
DA:189,1
DA:190,1
DA:191,0
DA:192,1
DA:193,0
DA:195,1
DA:204,1
DA:205,1
DA:206,0
DA:207,0
DA:209,1
DA:210,1
DA:211,1
DA:212,1
DA:213,1
DA:215,1
DA:229,1
DA:241,1
DA:243,1
DA:244,0
DA:245,1
DA:246,0
DA:248,1
DA:249,1
DA:250,0
DA:251,1
DA:252,0
DA:253,1
DA:254,0
DA:256,1
DA:257,1
DA:258,1
DA:259,1
DA:263,1
DA:264,0
DA:265,1
DA:266,0
DA:268,1
DA:269,1
DA:270,1
DA:278,0
DA:281,0
DA:293,1
DA:295,2
DA:296,0
DA:297,2
DA:298,0
DA:300,2
DA:301,2
DA:302,0
DA:303,2
DA:304,0
DA:305,2
DA:306,0
DA:308,2
DA:309,2
DA:310,2
DA:311,2
DA:316,2
DA:317,0
DA:318,2
DA:319,0
DA:321,2
DA:322,2
DA:330,0
DA:333,0
DA:345,1
DA:347,6
DA:356,6
DA:358,6
DA:359,6
DA:361,0
DA:370,1
DA:371,7
DA:372,7
DA:374,7
DA:375,35
DA:376,7
DA:384,1
DA:385,1
DA:386,1
DA:387,1
DA:388,0
DA:390,1
DA:400,1
DA:401,54
DA:402,54
DA:403,54
DA:404,0
DA:405,54
DA:406,0
DA:408,54
DA:409,54
DA:410,0
DA:411,54
DA:412,0
DA:417,54
DA:433,1
DA:434,2
DA:435,2
DA:436,2
DA:437,0
DA:438,2
DA:439,0
DA:441,2
DA:442,2
DA:443,0
DA:444,2
DA:445,0
DA:450,2
DA:451,2
DA:452,0
DA:453,2
DA:454,0
DA:456,2
DA:457,2
DA:458,0
DA:459,2
DA:460,0
DA:462,2
DA:481,1
DA:482,2
DA:483,2
DA:484,2
DA:485,0
DA:486,2
DA:487,0
DA:489,2
DA:490,2
DA:491,2
DA:492,2
DA:493,2
DA:494,2
DA:495,2
DA:496,2
DA:498,2
DA:509,2
DA:510,2
DA:511,0
DA:513,2
DA:514,2
DA:515,0
DA:516,2
DA:517,0
DA:519,2
DA:520,2
DA:521,0
DA:523,2
DA:542,1
DA:543,2
DA:544,2
DA:545,2
DA:546,0
DA:547,2
DA:548,0
DA:550,2
DA:551,2
DA:552,0
DA:553,2
DA:554,0
DA:556,2
DA:557,0
DA:559,2
DA:560,2
DA:561,2
DA:562,2
DA:563,0
DA:564,2
DA:565,0
DA:567,2
DA:568,2
DA:569,2
DA:590,1
DA:591,5
DA:592,5
DA:593,5
DA:594,0
DA:595,5
DA:596,0
DA:598,5
DA:599,5
DA:600,3
DA:602,5
DA:603,3
DA:605,5
DA:606,5
DA:607,5
DA:608,0
DA:609,5
DA:610,0
DA:612,5
DA:613,5
DA:614,5
DA:630,1
DA:631,4
DA:632,4
DA:633,4
DA:634,0
DA:635,4
DA:636,0
DA:638,4
DA:639,4
DA:640,0
DA:641,4
DA:642,1
DA:644,3
DA:648,3
DA:649,0
DA:650,3
DA:651,0
DA:652,3
DA:653,0
DA:655,3
DA:656,3
DA:657,3
DA:678,1
DA:679,1
DA:680,1
DA:681,1
DA:682,0
DA:683,0
DA:685,0
DA:694,1
DA:695,2
DA:696,2
DA:697,2
DA:698,0
DA:700,2
DA:705,1
DA:706,1
DA:707,1
LF:328
LH:234
BRDA:28,1,0,1
BRDA:28,1,1,1
BRDA:30,2,0,1
BRDA:30,2,1,0
BRDA:38,3,0,1
BRDA:38,3,1,0
BRDA:46,4,0,1
BRDA:46,4,1,0
BRDA:54,5,0,1
BRDA:54,5,1,0
BRDA:64,6,0,0
BRDA:64,6,1,0
BRDA:72,7,0,0
BRDA:72,7,1,0
BRDA:88,8,0,0
BRDA:88,8,1,0
BRDA:91,9,0,0
BRDA:91,9,1,0
BRDA:92,10,0,0
BRDA:92,10,1,0
BRDA:100,11,0,0
BRDA:100,11,1,0
BRDA:103,12,0,0
BRDA:103,12,1,0
BRDA:104,13,0,0
BRDA:104,13,1,0
BRDA:124,14,0,0
BRDA:124,14,1,5
BRDA:124,15,0,5
BRDA:124,15,1,5
BRDA:126,16,0,0
BRDA:126,16,1,5
BRDA:126,17,0,5
BRDA:126,17,1,5
BRDA:143,18,0,0
BRDA:143,18,1,5
BRDA:145,19,0,3
BRDA:145,19,1,2
BRDA:148,20,0,0
BRDA:148,20,1,3
BRDA:150,21,0,0
BRDA:150,21,1,3
BRDA:163,22,0,0
BRDA:163,22,1,3
BRDA:170,23,0,3
BRDA:170,23,1,0
BRDA:183,24,0,1
BRDA:183,24,1,1
BRDA:186,25,0,0
BRDA:186,25,1,1
BRDA:190,26,0,0
BRDA:190,26,1,1
BRDA:192,27,0,0
BRDA:192,27,1,1
BRDA:205,28,0,0
BRDA:205,28,1,1
BRDA:212,29,0,1
BRDA:212,29,1,0
BRDA:243,30,0,0
BRDA:243,30,1,1
BRDA:243,31,0,1
BRDA:243,31,1,1
BRDA:245,32,0,0
BRDA:245,32,1,1
BRDA:245,33,0,1
BRDA:245,33,1,1
BRDA:249,34,0,0
BRDA:249,34,1,1
BRDA:251,35,0,0
BRDA:251,35,1,1
BRDA:253,36,0,0
BRDA:253,36,1,1
BRDA:256,37,0,1
BRDA:256,37,1,0
BRDA:258,38,0,1
BRDA:258,38,1,0
BRDA:263,39,0,0
BRDA:263,39,1,1
BRDA:265,40,0,0
BRDA:265,40,1,1
BRDA:295,41,0,0
BRDA:295,41,1,2
BRDA:295,42,0,2
BRDA:295,42,1,2
BRDA:297,43,0,0
BRDA:297,43,1,2
BRDA:297,44,0,2
BRDA:297,44,1,2
BRDA:301,45,0,0
BRDA:301,45,1,2
BRDA:303,46,0,0
BRDA:303,46,1,2
BRDA:305,47,0,0
BRDA:305,47,1,2
BRDA:308,48,0,2
BRDA:308,48,1,0
BRDA:310,49,0,2
BRDA:310,49,1,0
BRDA:316,50,0,0
BRDA:316,50,1,2
BRDA:318,51,0,0
BRDA:318,51,1,2
BRDA:358,52,0,6
BRDA:358,52,1,0
BRDA:387,53,0,0
BRDA:387,53,1,1
BRDA:403,54,0,0
BRDA:403,54,1,54
BRDA:405,55,0,0
BRDA:405,55,1,54
BRDA:409,56,0,0
BRDA:409,56,1,54
BRDA:411,57,0,0
BRDA:411,57,1,54
BRDA:436,58,0,0
BRDA:436,58,1,2
BRDA:438,59,0,0
BRDA:438,59,1,2
BRDA:442,60,0,0
BRDA:442,60,1,2
BRDA:444,61,0,0
BRDA:444,61,1,2
BRDA:451,62,0,0
BRDA:451,62,1,2
BRDA:453,63,0,0
BRDA:453,63,1,2
BRDA:457,64,0,0
BRDA:457,64,1,2
BRDA:459,65,0,0
BRDA:459,65,1,2
BRDA:484,66,0,0
BRDA:484,66,1,2
BRDA:486,67,0,0
BRDA:486,67,1,2
BRDA:492,68,0,2
BRDA:492,68,1,0
BRDA:492,69,0,2
BRDA:492,69,1,2
BRDA:510,70,0,0
BRDA:510,70,1,2
BRDA:514,71,0,0
BRDA:514,71,1,2
BRDA:516,72,0,0
BRDA:516,72,1,2
BRDA:520,73,0,0
BRDA:520,73,1,2
BRDA:545,74,0,0
BRDA:545,74,1,2
BRDA:547,75,0,0
BRDA:547,75,1,2
BRDA:551,76,0,0
BRDA:551,76,1,2
BRDA:553,77,0,0
BRDA:553,77,1,2
BRDA:556,78,0,0
BRDA:556,78,1,2
BRDA:556,79,0,2
BRDA:556,79,1,2
BRDA:562,80,0,0
BRDA:562,80,1,2
BRDA:564,81,0,0
BRDA:564,81,1,2
BRDA:593,82,0,0
BRDA:593,82,1,5
BRDA:595,83,0,0
BRDA:595,83,1,5
BRDA:599,84,0,3
BRDA:599,84,1,2
BRDA:599,85,0,5
BRDA:599,85,1,3
BRDA:602,86,0,3
BRDA:602,86,1,2
BRDA:602,87,0,5
BRDA:602,87,1,3
BRDA:607,88,0,0
BRDA:607,88,1,5
BRDA:609,89,0,0
BRDA:609,89,1,5
BRDA:633,90,0,0
BRDA:633,90,1,4
BRDA:635,91,0,0
BRDA:635,91,1,4
BRDA:639,92,0,0
BRDA:639,92,1,4
BRDA:641,93,0,1
BRDA:641,93,1,3
BRDA:648,94,0,0
BRDA:648,94,1,3
BRDA:650,95,0,0
BRDA:650,95,1,3
BRDA:652,96,0,0
BRDA:652,96,1,3
BRDA:682,97,0,0
BRDA:682,97,1,0
BRDA:697,98,0,0
BRDA:697,98,1,2
BRF:196
BRH:105
end_of_record
TN:
SF:C:\Users\marco\WebstormProjects\SignuServer\routes\restrictedArea\emailConfig.js
FNF:0
FNH:0
DA:1,1
LF:1
LH:1
BRDA:3,1,0,1
BRDA:3,1,1,1
BRDA:4,2,0,1
BRDA:4,2,1,1
BRF:4
BRH:4
end_of_record
TN:
SF:C:\Users\marco\WebstormProjects\SignuServer\routes\restrictedArea\pdfRoutes.js
FN:22,pdfRoutes
FN:27,(anonymous_2)
FN:35,(anonymous_3)
FN:43,(anonymous_4)
FN:51,(anonymous_5)
FN:69,getPdf
FN:71,(anonymous_7)
FN:77,(anonymous_8)
FN:86,(anonymous_9)
FN:110,unlockPdf
FN:112,(anonymous_11)
FN:119,(anonymous_12)
FN:130,(anonymous_13)
FN:155,uploadPdf
FN:157,(anonymous_15)
FN:182,(anonymous_16)
FN:196,(anonymous_17)
FN:217,addSignersToPdf
FN:220,(anonymous_19)
FN:226,(anonymous_20)
FN:237,(anonymous_21)
FN:241,(anonymous_22)
FN:257,(anonymous_23)
FN:280,addSignerToPdf
FN:283,(anonymous_25)
FN:289,(anonymous_26)
FN:303,(anonymous_27)
FN:330,isSignerThere
FN:345,signPdf
FN:347,(anonymous_30)
FN:358,(anonymous_31)
FN:373,(anonymous_32)
FN:384,(anonymous_33)
FN:398,(anonymous_34)
FN:426,deletePdf
FN:429,(anonymous_36)
FN:435,(anonymous_37)
FN:443,(anonymous_38)
FN:447,(anonymous_39)
FN:471,getInfoPdf
FN:472,(anonymous_41)
FNF:41
FNH:39
FNDA:1,pdfRoutes
FNDA:0,(anonymous_2)
FNDA:1,(anonymous_3)
FNDA:1,(anonymous_4)
FNDA:2,(anonymous_5)
FNDA:5,getPdf
FNDA:5,(anonymous_7)
FNDA:5,(anonymous_8)
FNDA:3,(anonymous_9)
FNDA:10,unlockPdf
FNDA:10,(anonymous_11)
FNDA:10,(anonymous_12)
FNDA:9,(anonymous_13)
FNDA:1,uploadPdf
FNDA:1,(anonymous_15)
FNDA:0,(anonymous_16)
FNDA:1,(anonymous_17)
FNDA:5,addSignersToPdf
FNDA:5,(anonymous_19)
FNDA:5,(anonymous_20)
FNDA:1,(anonymous_21)
FNDA:3,(anonymous_22)
FNDA:2,(anonymous_23)
FNDA:5,addSignerToPdf
FNDA:5,(anonymous_25)
FNDA:5,(anonymous_26)
FNDA:5,(anonymous_27)
FNDA:6,isSignerThere
FNDA:11,signPdf
FNDA:11,(anonymous_30)
FNDA:11,(anonymous_31)
FNDA:13,(anonymous_32)
FNDA:5,(anonymous_33)
FNDA:5,(anonymous_34)
FNDA:6,deletePdf
FNDA:6,(anonymous_36)
FNDA:6,(anonymous_37)
FNDA:2,(anonymous_38)
FNDA:2,(anonymous_39)
FNDA:4,getInfoPdf
FNDA:4,(anonymous_41)
DA:5,1
DA:6,1
DA:7,1
DA:8,1
DA:9,1
DA:10,1
DA:11,1
DA:12,1
DA:13,1
DA:14,1
DA:15,1
DA:16,1
DA:17,1
DA:18,1
DA:19,1
DA:20,1
DA:22,1
DA:24,1
DA:25,1
DA:26,1
DA:27,1
DA:28,0
DA:29,0
DA:31,0
DA:34,1
DA:35,1
DA:36,1
DA:37,1
DA:39,0
DA:42,1
DA:43,1
DA:44,1
DA:45,1
DA:47,0
DA:50,1
DA:51,1
DA:52,2
DA:53,1
DA:54,1
DA:55,1
DA:57,0
DA:60,1
DA:61,1
DA:63,1
DA:69,1
DA:70,5
DA:71,5
DA:72,5
DA:73,0
DA:74,5
DA:75,0
DA:77,5
DA:78,5
DA:79,0
DA:80,5
DA:81,0
DA:83,5
DA:84,2
DA:86,3
DA:87,3
DA:89,3
DA:90,1
DA:92,2
DA:110,1
DA:111,10
DA:112,10
DA:113,10
DA:114,0
DA:115,10
DA:116,0
DA:118,10
DA:119,10
DA:120,10
DA:121,10
DA:122,0
DA:123,10
DA:124,0
DA:125,10
DA:127,9
DA:130,9
DA:131,9
DA:132,0
DA:133,9
DA:134,0
DA:136,9
DA:144,1
DA:155,1
DA:156,1
DA:157,1
DA:158,1
DA:159,0
DA:160,1
DA:161,0
DA:163,1
DA:177,1
DA:178,1
DA:180,0
DA:181,0
DA:182,0
DA:183,0
DA:186,0
DA:187,0
DA:188,0
DA:189,0
DA:194,1
DA:196,1
DA:197,1
DA:198,0
DA:200,1
DA:201,1
DA:217,1
DA:219,5
DA:220,5
DA:221,5
DA:222,0
DA:223,5
DA:224,0
DA:226,5
DA:227,5
DA:228,0
DA:229,5
DA:230,0
DA:231,5
DA:232,1
DA:233,4
DA:234,1
DA:236,3
DA:237,3
DA:238,1
DA:241,3
DA:242,3
DA:243,3
DA:244,3
DA:245,2
DA:250,2
DA:253,3
DA:255,1
DA:257,2
DA:258,2
DA:259,0
DA:260,2
DA:261,0
DA:263,2
DA:280,1
DA:282,5
DA:283,5
DA:284,5
DA:285,0
DA:286,5
DA:287,0
DA:289,5
DA:290,5
DA:291,0
DA:292,5
DA:293,0
DA:294,5
DA:295,0
DA:296,5
DA:297,0
DA:299,5
DA:300,5
DA:304,5
DA:305,0
DA:306,5
DA:307,2
DA:308,3
DA:309,0
DA:311,3
DA:330,1
DA:331,6
DA:332,6
DA:333,4
DA:334,4
DA:337,6
DA:345,1
DA:346,11
DA:347,11
DA:348,11
DA:349,0
DA:350,11
DA:351,0
DA:353,11
DA:354,0
DA:355,11
DA:356,0
DA:358,11
DA:359,11
DA:360,11
DA:361,0
DA:362,11
DA:363,0
DA:364,11
DA:365,0
DA:366,11
DA:367,1
DA:368,10
DA:369,1
DA:370,9
DA:371,0
DA:373,9
DA:374,13
DA:376,9
DA:377,9
DA:378,9
DA:379,2
DA:380,7
DA:381,2
DA:384,5
DA:385,5
DA:386,0
DA:389,5
DA:390,5
DA:392,5
DA:395,5
DA:396,5
DA:397,5
DA:398,5
DA:399,5
DA:400,0
DA:401,5
DA:402,0
DA:404,5
DA:426,1
DA:428,6
DA:429,6
DA:430,6
DA:431,0
DA:432,6
DA:433,0
DA:435,6
DA:436,6
DA:437,0
DA:438,6
DA:439,2
DA:440,4
DA:441,2
DA:443,2
DA:444,2
DA:445,0
DA:447,2
DA:448,2
DA:449,0
DA:450,2
DA:451,0
DA:453,2
DA:454,2
DA:471,1
DA:472,4
DA:473,4
DA:474,1
DA:475,3
DA:476,1
DA:478,2
DA:487,1
LF:254
LH:196
BRDA:28,1,0,0
BRDA:28,1,1,0
BRDA:36,2,0,1
BRDA:36,2,1,0
BRDA:44,3,0,1
BRDA:44,3,1,0
BRDA:52,4,0,1
BRDA:52,4,1,1
BRDA:54,5,0,1
BRDA:54,5,1,0
BRDA:72,6,0,0
BRDA:72,6,1,5
BRDA:74,7,0,0
BRDA:74,7,1,5
BRDA:78,8,0,0
BRDA:78,8,1,5
BRDA:80,9,0,0
BRDA:80,9,1,5
BRDA:83,10,0,2
BRDA:83,10,1,3
BRDA:89,11,0,1
BRDA:89,11,1,2
BRDA:113,12,0,0
BRDA:113,12,1,10
BRDA:115,13,0,0
BRDA:115,13,1,10
BRDA:121,14,0,0
BRDA:121,14,1,10
BRDA:123,15,0,0
BRDA:123,15,1,10
BRDA:125,16,0,9
BRDA:125,16,1,1
BRDA:125,17,0,10
BRDA:125,17,1,2
BRDA:125,17,2,2
BRDA:131,18,0,0
BRDA:131,18,1,9
BRDA:133,19,0,0
BRDA:133,19,1,9
BRDA:158,20,0,0
BRDA:158,20,1,1
BRDA:160,21,0,0
BRDA:160,21,1,1
BRDA:178,22,0,0
BRDA:178,22,1,1
BRDA:187,23,0,0
BRDA:187,23,1,0
BRDA:197,24,0,0
BRDA:197,24,1,1
BRDA:221,25,0,0
BRDA:221,25,1,5
BRDA:223,26,0,0
BRDA:223,26,1,5
BRDA:227,27,0,0
BRDA:227,27,1,5
BRDA:229,28,0,0
BRDA:229,28,1,5
BRDA:231,29,0,1
BRDA:231,29,1,4
BRDA:233,30,0,1
BRDA:233,30,1,3
BRDA:244,31,0,2
BRDA:244,31,1,1
BRDA:244,32,0,3
BRDA:244,32,1,2
BRDA:253,33,0,1
BRDA:253,33,1,2
BRDA:258,34,0,0
BRDA:258,34,1,2
BRDA:260,35,0,0
BRDA:260,35,1,2
BRDA:284,36,0,0
BRDA:284,36,1,5
BRDA:286,37,0,0
BRDA:286,37,1,5
BRDA:290,38,0,0
BRDA:290,38,1,5
BRDA:292,39,0,0
BRDA:292,39,1,5
BRDA:294,40,0,0
BRDA:294,40,1,5
BRDA:296,41,0,0
BRDA:296,41,1,5
BRDA:304,42,0,0
BRDA:304,42,1,5
BRDA:306,43,0,2
BRDA:306,43,1,3
BRDA:308,44,0,0
BRDA:308,44,1,3
BRDA:333,45,0,4
BRDA:333,45,1,0
BRDA:348,46,0,0
BRDA:348,46,1,11
BRDA:350,47,0,0
BRDA:350,47,1,11
BRDA:353,48,0,0
BRDA:353,48,1,11
BRDA:355,49,0,0
BRDA:355,49,1,11
BRDA:360,50,0,0
BRDA:360,50,1,11
BRDA:362,51,0,0
BRDA:362,51,1,11
BRDA:364,52,0,0
BRDA:364,52,1,11
BRDA:366,53,0,1
BRDA:366,53,1,10
BRDA:366,54,0,11
BRDA:366,54,1,11
BRDA:368,55,0,1
BRDA:368,55,1,9
BRDA:370,56,0,0
BRDA:370,56,1,9
BRDA:378,57,0,2
BRDA:378,57,1,7
BRDA:380,58,0,2
BRDA:380,58,1,5
BRDA:385,59,0,0
BRDA:385,59,1,5
BRDA:399,60,0,0
BRDA:399,60,1,5
BRDA:401,61,0,0
BRDA:401,61,1,5
BRDA:430,62,0,0
BRDA:430,62,1,6
BRDA:432,63,0,0
BRDA:432,63,1,6
BRDA:436,64,0,0
BRDA:436,64,1,6
BRDA:438,65,0,2
BRDA:438,65,1,4
BRDA:440,66,0,2
BRDA:440,66,1,2
BRDA:444,67,0,0
BRDA:444,67,1,2
BRDA:448,68,0,0
BRDA:448,68,1,2
BRDA:450,69,0,0
BRDA:450,69,1,2
BRDA:473,70,0,1
BRDA:473,70,1,3
BRDA:475,71,0,1
BRDA:475,71,1,2
BRF:143
BRH:90
end_of_record
